2025-01-26 14:47:56.622 [background-preinit] "  " INFO  org.hibernate.validator.internal.util.Version - HV000001: Hibernate Validator 6.2.0.Final
2025-01-26 14:47:56.623 [main] "  " INFO  io.github.talelin.latticy.LatticyApplication - Starting LatticyApplication using Java 1.8.0_432 on xuanquandeMBP with PID 11279 (/Users/xuanquan/workplace/java/7yue/lin-cms-spring-boot/target/classes started by xuanquan in /Users/xuanquan/workplace/java/7yue/lin-cms-spring-boot)
2025-01-26 14:47:56.624 [main] "  " INFO  io.github.talelin.latticy.LatticyApplication - The following profiles are active: dev
2025-01-26 14:47:57.018 [main] "  " INFO  o.s.c.s.PostProcessorRegistrationDelegate$BeanPostProcessorChecker - Bean 'commonConfiguration' of type [io.github.talelin.latticy.common.configuration.CommonConfiguration] is not eligible for getting processed by all BeanPostProcessors (for example: not eligible for auto-proxying)
2025-01-26 14:47:57.120 [main] "  " INFO  o.s.boot.web.embedded.tomcat.TomcatWebServer - Tomcat initialized with port(s): 5000 (http)
2025-01-26 14:47:57.125 [main] "  " INFO  org.apache.coyote.http11.Http11NioProtocol - Initializing ProtocolHandler ["http-nio-5000"]
2025-01-26 14:47:57.125 [main] "  " INFO  org.apache.catalina.core.StandardService - Starting service [Tomcat]
2025-01-26 14:47:57.125 [main] "  " INFO  org.apache.catalina.core.StandardEngine - Starting Servlet engine: [Apache Tomcat/9.0.48]
2025-01-26 14:47:57.148 [main] "  " INFO  o.a.c.core.ContainerBase.[Tomcat].[localhost].[/] - Initializing Spring embedded WebApplicationContext
2025-01-26 14:47:57.148 [main] "  " INFO  o.s.b.w.s.c.ServletWebServerApplicationContext - Root WebApplicationContext: initialization completed in 506 ms
2025-01-26 14:47:57.699 [main] "  " INFO  com.zaxxer.hikari.HikariDataSource - HikariPool-1 - Starting...
2025-01-26 14:47:57.754 [main] "  " INFO  com.zaxxer.hikari.HikariDataSource - HikariPool-1 - Start completed.
2025-01-26 14:47:57.797 [main] "  " INFO  org.apache.coyote.http11.Http11NioProtocol - Starting ProtocolHandler ["http-nio-5000"]
2025-01-26 14:47:57.805 [main] "  " INFO  com.zaxxer.hikari.HikariDataSource - HikariPool-1 - Shutdown initiated...
2025-01-26 14:47:57.807 [main] "  " INFO  com.zaxxer.hikari.HikariDataSource - HikariPool-1 - Shutdown completed.
2025-01-26 14:47:57.808 [main] "  " INFO  org.apache.coyote.http11.Http11NioProtocol - Pausing ProtocolHandler ["http-nio-5000"]
2025-01-26 14:47:57.808 [main] "  " INFO  org.apache.catalina.core.StandardService - Stopping service [Tomcat]
2025-01-26 14:47:57.810 [main] "  " INFO  org.apache.coyote.http11.Http11NioProtocol - Stopping ProtocolHandler ["http-nio-5000"]
2025-01-26 14:47:57.810 [main] "  " INFO  org.apache.coyote.http11.Http11NioProtocol - Destroying ProtocolHandler ["http-nio-5000"]
2025-01-26 14:47:57.814 [main] "  " INFO  o.s.b.a.l.ConditionEvaluationReportLoggingListener - 

Error starting ApplicationContext. To display the conditions report re-run your application with 'debug' enabled.
2025-01-26 14:49:01.641 [background-preinit] "  " INFO  org.hibernate.validator.internal.util.Version - HV000001: Hibernate Validator 6.2.0.Final
2025-01-26 14:49:01.642 [main] "  " INFO  io.github.talelin.latticy.LatticyApplication - Starting LatticyApplication using Java 1.8.0_432 on xuanquandeMBP with PID 11325 (/Users/xuanquan/workplace/java/7yue/lin-cms-spring-boot/target/classes started by xuanquan in /Users/xuanquan/workplace/java/7yue/lin-cms-spring-boot)
2025-01-26 14:49:01.642 [main] "  " INFO  io.github.talelin.latticy.LatticyApplication - The following profiles are active: dev
2025-01-26 14:49:02.072 [main] "  " INFO  o.s.c.s.PostProcessorRegistrationDelegate$BeanPostProcessorChecker - Bean 'commonConfiguration' of type [io.github.talelin.latticy.common.configuration.CommonConfiguration] is not eligible for getting processed by all BeanPostProcessors (for example: not eligible for auto-proxying)
2025-01-26 14:49:02.176 [main] "  " INFO  o.s.boot.web.embedded.tomcat.TomcatWebServer - Tomcat initialized with port(s): 5001 (http)
2025-01-26 14:49:02.181 [main] "  " INFO  org.apache.coyote.http11.Http11NioProtocol - Initializing ProtocolHandler ["http-nio-5001"]
2025-01-26 14:49:02.181 [main] "  " INFO  org.apache.catalina.core.StandardService - Starting service [Tomcat]
2025-01-26 14:49:02.182 [main] "  " INFO  org.apache.catalina.core.StandardEngine - Starting Servlet engine: [Apache Tomcat/9.0.48]
2025-01-26 14:49:02.210 [main] "  " INFO  o.a.c.core.ContainerBase.[Tomcat].[localhost].[/] - Initializing Spring embedded WebApplicationContext
2025-01-26 14:49:02.210 [main] "  " INFO  o.s.b.w.s.c.ServletWebServerApplicationContext - Root WebApplicationContext: initialization completed in 546 ms
2025-01-26 14:49:02.772 [main] "  " INFO  com.zaxxer.hikari.HikariDataSource - HikariPool-1 - Starting...
2025-01-26 14:49:02.824 [main] "  " INFO  com.zaxxer.hikari.HikariDataSource - HikariPool-1 - Start completed.
2025-01-26 14:49:02.865 [main] "  " INFO  org.apache.coyote.http11.Http11NioProtocol - Starting ProtocolHandler ["http-nio-5001"]
2025-01-26 14:49:02.878 [main] "  " INFO  o.s.boot.web.embedded.tomcat.TomcatWebServer - Tomcat started on port(s): 5001 (http) with context path ''
2025-01-26 14:49:04.171 [main] "  " INFO  org.apache.coyote.http11.Http11NioProtocol - Pausing ProtocolHandler ["http-nio-5001"]
2025-01-26 14:49:04.172 [main] "  " INFO  org.apache.catalina.core.StandardService - Stopping service [Tomcat]
2025-01-26 14:49:04.177 [main] "  " INFO  org.apache.coyote.http11.Http11NioProtocol - Stopping ProtocolHandler ["http-nio-5001"]
2025-01-26 14:49:04.180 [main] "  " INFO  org.apache.coyote.http11.Http11NioProtocol - Destroying ProtocolHandler ["http-nio-5001"]
2025-01-26 14:49:04.181 [main] "  " INFO  o.s.b.a.l.ConditionEvaluationReportLoggingListener - 

Error starting ApplicationContext. To display the conditions report re-run your application with 'debug' enabled.
2025-01-26 14:49:04.192 [main] "  " INFO  com.zaxxer.hikari.HikariDataSource - HikariPool-1 - Shutdown initiated...
2025-01-26 14:49:04.194 [main] "  " INFO  com.zaxxer.hikari.HikariDataSource - HikariPool-1 - Shutdown completed.
2025-01-26 14:49:35.304 [background-preinit] "  " INFO  org.hibernate.validator.internal.util.Version - HV000001: Hibernate Validator 6.2.0.Final
2025-01-26 14:49:35.306 [main] "  " INFO  io.github.talelin.latticy.LatticyApplication - Starting LatticyApplication using Java 1.8.0_432 on xuanquandeMBP with PID 11337 (/Users/xuanquan/workplace/java/7yue/lin-cms-spring-boot/target/classes started by xuanquan in /Users/xuanquan/workplace/java/7yue/lin-cms-spring-boot)
2025-01-26 14:49:35.307 [main] "  " INFO  io.github.talelin.latticy.LatticyApplication - The following profiles are active: dev
2025-01-26 14:49:35.720 [main] "  " INFO  o.s.c.s.PostProcessorRegistrationDelegate$BeanPostProcessorChecker - Bean 'commonConfiguration' of type [io.github.talelin.latticy.common.configuration.CommonConfiguration] is not eligible for getting processed by all BeanPostProcessors (for example: not eligible for auto-proxying)
2025-01-26 14:49:35.823 [main] "  " INFO  o.s.boot.web.embedded.tomcat.TomcatWebServer - Tomcat initialized with port(s): 5001 (http)
2025-01-26 14:49:35.828 [main] "  " INFO  org.apache.coyote.http11.Http11NioProtocol - Initializing ProtocolHandler ["http-nio-5001"]
2025-01-26 14:49:35.828 [main] "  " INFO  org.apache.catalina.core.StandardService - Starting service [Tomcat]
2025-01-26 14:49:35.829 [main] "  " INFO  org.apache.catalina.core.StandardEngine - Starting Servlet engine: [Apache Tomcat/9.0.48]
2025-01-26 14:49:35.857 [main] "  " INFO  o.a.c.core.ContainerBase.[Tomcat].[localhost].[/] - Initializing Spring embedded WebApplicationContext
2025-01-26 14:49:35.857 [main] "  " INFO  o.s.b.w.s.c.ServletWebServerApplicationContext - Root WebApplicationContext: initialization completed in 530 ms
2025-01-26 14:49:36.415 [main] "  " INFO  com.zaxxer.hikari.HikariDataSource - HikariPool-1 - Starting...
2025-01-26 14:49:36.468 [main] "  " INFO  com.zaxxer.hikari.HikariDataSource - HikariPool-1 - Start completed.
2025-01-26 14:49:36.508 [main] "  " INFO  org.apache.coyote.http11.Http11NioProtocol - Starting ProtocolHandler ["http-nio-5001"]
2025-01-26 14:49:36.521 [main] "  " INFO  o.s.boot.web.embedded.tomcat.TomcatWebServer - Tomcat started on port(s): 5001 (http) with context path ''
2025-01-26 14:49:37.807 [main] "  " INFO  org.apache.coyote.http11.Http11NioProtocol - Pausing ProtocolHandler ["http-nio-5001"]
2025-01-26 14:49:37.808 [main] "  " INFO  org.apache.catalina.core.StandardService - Stopping service [Tomcat]
2025-01-26 14:49:37.813 [main] "  " INFO  org.apache.coyote.http11.Http11NioProtocol - Stopping ProtocolHandler ["http-nio-5001"]
2025-01-26 14:49:37.816 [main] "  " INFO  org.apache.coyote.http11.Http11NioProtocol - Destroying ProtocolHandler ["http-nio-5001"]
2025-01-26 14:49:37.818 [main] "  " INFO  o.s.b.a.l.ConditionEvaluationReportLoggingListener - 

Error starting ApplicationContext. To display the conditions report re-run your application with 'debug' enabled.
2025-01-26 14:49:37.829 [main] "  " INFO  com.zaxxer.hikari.HikariDataSource - HikariPool-1 - Shutdown initiated...
2025-01-26 14:49:37.831 [main] "  " INFO  com.zaxxer.hikari.HikariDataSource - HikariPool-1 - Shutdown completed.
2025-01-26 14:51:19.179 [background-preinit] "  " INFO  org.hibernate.validator.internal.util.Version - HV000001: Hibernate Validator 6.2.0.Final
2025-01-26 14:51:19.181 [main] "  " INFO  io.github.talelin.latticy.LatticyApplication - Starting LatticyApplication using Java 1.8.0_432 on xuanquandeMBP with PID 11569 (/Users/xuanquan/workplace/java/7yue/lin-cms-spring-boot/target/classes started by xuanquan in /Users/xuanquan/workplace/java/7yue/lin-cms-spring-boot)
2025-01-26 14:51:19.181 [main] "  " INFO  io.github.talelin.latticy.LatticyApplication - The following profiles are active: dev
2025-01-26 14:51:19.598 [main] "  " INFO  o.s.c.s.PostProcessorRegistrationDelegate$BeanPostProcessorChecker - Bean 'commonConfiguration' of type [io.github.talelin.latticy.common.configuration.CommonConfiguration] is not eligible for getting processed by all BeanPostProcessors (for example: not eligible for auto-proxying)
2025-01-26 14:51:19.701 [main] "  " INFO  o.s.boot.web.embedded.tomcat.TomcatWebServer - Tomcat initialized with port(s): 5001 (http)
2025-01-26 14:51:19.706 [main] "  " INFO  org.apache.coyote.http11.Http11NioProtocol - Initializing ProtocolHandler ["http-nio-5001"]
2025-01-26 14:51:19.706 [main] "  " INFO  org.apache.catalina.core.StandardService - Starting service [Tomcat]
2025-01-26 14:51:19.706 [main] "  " INFO  org.apache.catalina.core.StandardEngine - Starting Servlet engine: [Apache Tomcat/9.0.48]
2025-01-26 14:51:19.734 [main] "  " INFO  o.a.c.core.ContainerBase.[Tomcat].[localhost].[/] - Initializing Spring embedded WebApplicationContext
2025-01-26 14:51:19.734 [main] "  " INFO  o.s.b.w.s.c.ServletWebServerApplicationContext - Root WebApplicationContext: initialization completed in 533 ms
2025-01-26 14:51:20.281 [main] "  " INFO  com.zaxxer.hikari.HikariDataSource - HikariPool-1 - Starting...
2025-01-26 14:51:20.333 [main] "  " INFO  com.zaxxer.hikari.HikariDataSource - HikariPool-1 - Start completed.
2025-01-26 14:51:20.368 [main] "  " INFO  org.apache.coyote.http11.Http11NioProtocol - Starting ProtocolHandler ["http-nio-5001"]
2025-01-26 14:51:20.380 [main] "  " INFO  o.s.boot.web.embedded.tomcat.TomcatWebServer - Tomcat started on port(s): 5001 (http) with context path ''
2025-01-26 14:51:21.662 [main] "  " INFO  org.apache.coyote.http11.Http11NioProtocol - Pausing ProtocolHandler ["http-nio-5001"]
2025-01-26 14:51:21.663 [main] "  " INFO  org.apache.catalina.core.StandardService - Stopping service [Tomcat]
2025-01-26 14:51:21.667 [main] "  " INFO  org.apache.coyote.http11.Http11NioProtocol - Stopping ProtocolHandler ["http-nio-5001"]
2025-01-26 14:51:21.670 [main] "  " INFO  org.apache.coyote.http11.Http11NioProtocol - Destroying ProtocolHandler ["http-nio-5001"]
2025-01-26 14:51:21.672 [main] "  " INFO  o.s.b.a.l.ConditionEvaluationReportLoggingListener - 

Error starting ApplicationContext. To display the conditions report re-run your application with 'debug' enabled.
2025-01-26 14:51:21.683 [main] "  " INFO  com.zaxxer.hikari.HikariDataSource - HikariPool-1 - Shutdown initiated...
2025-01-26 14:51:21.685 [main] "  " INFO  com.zaxxer.hikari.HikariDataSource - HikariPool-1 - Shutdown completed.
2025-01-26 14:52:37.899 [background-preinit] "  " INFO  org.hibernate.validator.internal.util.Version - HV000001: Hibernate Validator 6.2.0.Final
2025-01-26 14:52:37.901 [main] "  " INFO  io.github.talelin.latticy.LatticyApplication - Starting LatticyApplication using Java 1.8.0_432 on xuanquandeMBP with PID 11594 (/Users/xuanquan/workplace/java/7yue/lin-cms-spring-boot/target/classes started by xuanquan in /Users/xuanquan/workplace/java/7yue/lin-cms-spring-boot)
2025-01-26 14:52:37.901 [main] "  " INFO  io.github.talelin.latticy.LatticyApplication - The following profiles are active: dev
2025-01-26 14:52:38.312 [main] "  " INFO  o.s.c.s.PostProcessorRegistrationDelegate$BeanPostProcessorChecker - Bean 'commonConfiguration' of type [io.github.talelin.latticy.common.configuration.CommonConfiguration] is not eligible for getting processed by all BeanPostProcessors (for example: not eligible for auto-proxying)
2025-01-26 14:52:38.417 [main] "  " INFO  o.s.boot.web.embedded.tomcat.TomcatWebServer - Tomcat initialized with port(s): 5001 (http)
2025-01-26 14:52:38.422 [main] "  " INFO  org.apache.coyote.http11.Http11NioProtocol - Initializing ProtocolHandler ["http-nio-5001"]
2025-01-26 14:52:38.422 [main] "  " INFO  org.apache.catalina.core.StandardService - Starting service [Tomcat]
2025-01-26 14:52:38.422 [main] "  " INFO  org.apache.catalina.core.StandardEngine - Starting Servlet engine: [Apache Tomcat/9.0.48]
2025-01-26 14:52:38.449 [main] "  " INFO  o.a.c.core.ContainerBase.[Tomcat].[localhost].[/] - Initializing Spring embedded WebApplicationContext
2025-01-26 14:52:38.449 [main] "  " INFO  o.s.b.w.s.c.ServletWebServerApplicationContext - Root WebApplicationContext: initialization completed in 529 ms
2025-01-26 14:52:39.000 [main] "  " INFO  com.zaxxer.hikari.HikariDataSource - HikariPool-1 - Starting...
2025-01-26 14:52:39.051 [main] "  " INFO  com.zaxxer.hikari.HikariDataSource - HikariPool-1 - Start completed.
2025-01-26 14:52:39.094 [main] "  " INFO  org.apache.coyote.http11.Http11NioProtocol - Starting ProtocolHandler ["http-nio-5001"]
2025-01-26 14:52:39.107 [main] "  " INFO  o.s.boot.web.embedded.tomcat.TomcatWebServer - Tomcat started on port(s): 5001 (http) with context path ''
2025-01-26 14:52:39.188 [main] "  " INFO  io.github.talelin.latticy.LatticyApplication - Started LatticyApplication in 1.503 seconds (JVM running for 1.877)
2025-01-26 14:52:50.527 [http-nio-5001-exec-1] "  " INFO  o.a.c.core.ContainerBase.[Tomcat].[localhost].[/] - Initializing Spring DispatcherServlet 'dispatcherServlet'
2025-01-26 14:52:50.527 [http-nio-5001-exec-1] "  " INFO  org.springframework.web.servlet.DispatcherServlet - Initializing Servlet 'dispatcherServlet'
2025-01-26 14:52:50.528 [http-nio-5001-exec-1] "  " INFO  org.springframework.web.servlet.DispatcherServlet - Completed initialization in 1 ms
2025-01-26 14:52:50.547 [http-nio-5001-exec-1] "GET / HTTP/1.1" INFO  i.g.t.l.common.interceptor.RequestLogInterceptor - [GET] -> [/] from: 0:0:0:0:0:0:0:1 costs: 12ms
2025-01-26 17:05:06.375 [http-nio-5001-exec-5] "OPTIONS /cms/user/captcha HTTP/1.1" INFO  i.g.t.l.common.interceptor.RequestLogInterceptor - [OPTIONS] -> [/cms/user/captcha] from: 0:0:0:0:0:0:0:1 costs: 15ms
2025-01-26 17:05:06.403 [http-nio-5001-exec-6] "POST /cms/user/captcha HTTP/1.1" INFO  i.g.t.l.common.interceptor.RequestLogInterceptor - [POST] -> [/cms/user/captcha] from: 0:0:0:0:0:0:0:1 costs: 22ms
2025-01-26 17:05:17.510 [http-nio-5001-exec-7] "OPTIONS /cms/user/login HTTP/1.1" INFO  i.g.t.l.common.interceptor.RequestLogInterceptor - [OPTIONS] -> [/cms/user/login] from: 0:0:0:0:0:0:0:1 costs: 1ms
2025-01-26 17:05:17.710 [http-nio-5001-exec-8] "POST /cms/user/login HTTP/1.1" INFO  i.g.t.l.common.interceptor.RequestLogInterceptor - [POST] -> [/cms/user/login] from: 0:0:0:0:0:0:0:1 costs: 196ms
2025-01-26 17:05:17.715 [http-nio-5001-exec-9] "OPTIONS /cms/user/permissions HTTP/1.1" INFO  i.g.t.l.common.interceptor.RequestLogInterceptor - [OPTIONS] -> [/cms/user/permissions] from: 0:0:0:0:0:0:0:1 costs: 0ms
2025-01-26 17:05:17.719 [http-nio-5001-exec-10] "GET /cms/user/permissions HTTP/1.1" INFO  i.g.t.l.common.interceptor.RequestLogInterceptor - [GET] -> [/cms/user/permissions] from: 0:0:0:0:0:0:0:1 costs: 3ms
2025-01-26 17:05:19.860 [http-nio-5001-exec-1] "OPTIONS /cms/user/login HTTP/1.1" INFO  i.g.t.l.common.interceptor.RequestLogInterceptor - [OPTIONS] -> [/cms/user/login] from: 0:0:0:0:0:0:0:1 costs: 0ms
2025-01-26 17:05:19.962 [http-nio-5001-exec-2] "POST /cms/user/login HTTP/1.1" INFO  i.g.t.l.common.interceptor.RequestLogInterceptor - [POST] -> [/cms/user/login] from: 0:0:0:0:0:0:0:1 costs: 97ms
2025-01-26 17:05:19.968 [http-nio-5001-exec-3] "GET /cms/user/permissions HTTP/1.1" INFO  i.g.t.l.common.interceptor.RequestLogInterceptor - [GET] -> [/cms/user/permissions] from: 0:0:0:0:0:0:0:1 costs: 2ms
2025-01-26 17:05:45.557 [SpringApplicationShutdownHook] "  " INFO  com.zaxxer.hikari.HikariDataSource - HikariPool-1 - Shutdown initiated...
2025-01-26 17:05:45.560 [SpringApplicationShutdownHook] "  " INFO  com.zaxxer.hikari.HikariDataSource - HikariPool-1 - Shutdown completed.
2025-01-26 17:05:46.829 [background-preinit] "  " INFO  org.hibernate.validator.internal.util.Version - HV000001: Hibernate Validator 6.2.0.Final
2025-01-26 17:05:46.830 [main] "  " INFO  io.github.talelin.latticy.LatticyApplication - Starting LatticyApplication using Java 1.8.0_432 on xuanquandeMBP with PID 13156 (/Users/xuanquan/workplace/java/7yue/lin-cms-spring-boot/target/classes started by xuanquan in /Users/xuanquan/workplace/java/7yue/lin-cms-spring-boot)
2025-01-26 17:05:46.831 [main] "  " INFO  io.github.talelin.latticy.LatticyApplication - The following profiles are active: dev
2025-01-26 17:05:47.245 [main] "  " INFO  o.s.c.s.PostProcessorRegistrationDelegate$BeanPostProcessorChecker - Bean 'commonConfiguration' of type [io.github.talelin.latticy.common.configuration.CommonConfiguration] is not eligible for getting processed by all BeanPostProcessors (for example: not eligible for auto-proxying)
2025-01-26 17:05:47.345 [main] "  " INFO  o.s.boot.web.embedded.tomcat.TomcatWebServer - Tomcat initialized with port(s): 5001 (http)
2025-01-26 17:05:47.349 [main] "  " INFO  org.apache.coyote.http11.Http11NioProtocol - Initializing ProtocolHandler ["http-nio-5001"]
2025-01-26 17:05:47.350 [main] "  " INFO  org.apache.catalina.core.StandardService - Starting service [Tomcat]
2025-01-26 17:05:47.350 [main] "  " INFO  org.apache.catalina.core.StandardEngine - Starting Servlet engine: [Apache Tomcat/9.0.48]
2025-01-26 17:05:47.377 [main] "  " INFO  o.a.c.core.ContainerBase.[Tomcat].[localhost].[/] - Initializing Spring embedded WebApplicationContext
2025-01-26 17:05:47.378 [main] "  " INFO  o.s.b.w.s.c.ServletWebServerApplicationContext - Root WebApplicationContext: initialization completed in 528 ms
2025-01-26 17:05:47.961 [main] "  " INFO  com.zaxxer.hikari.HikariDataSource - HikariPool-1 - Starting...
2025-01-26 17:05:48.012 [main] "  " INFO  com.zaxxer.hikari.HikariDataSource - HikariPool-1 - Start completed.
2025-01-26 17:05:48.047 [main] "  " INFO  org.apache.coyote.http11.Http11NioProtocol - Starting ProtocolHandler ["http-nio-5001"]
2025-01-26 17:05:48.060 [main] "  " INFO  o.s.boot.web.embedded.tomcat.TomcatWebServer - Tomcat started on port(s): 5001 (http) with context path ''
2025-01-26 17:05:48.145 [main] "  " INFO  io.github.talelin.latticy.LatticyApplication - Started LatticyApplication in 1.547 seconds (JVM running for 1.873)
2025-01-26 17:05:53.575 [http-nio-5001-exec-1] "  " INFO  o.a.c.core.ContainerBase.[Tomcat].[localhost].[/] - Initializing Spring DispatcherServlet 'dispatcherServlet'
2025-01-26 17:05:53.575 [http-nio-5001-exec-1] "  " INFO  org.springframework.web.servlet.DispatcherServlet - Initializing Servlet 'dispatcherServlet'
2025-01-26 17:05:53.576 [http-nio-5001-exec-1] "  " INFO  org.springframework.web.servlet.DispatcherServlet - Completed initialization in 1 ms
2025-01-26 17:05:53.781 [http-nio-5001-exec-1] "POST /cms/user/login HTTP/1.1" INFO  i.g.t.l.common.interceptor.RequestLogInterceptor - [POST] -> [/cms/user/login] from: 0:0:0:0:0:0:0:1 costs: 191ms
2025-01-26 17:05:53.820 [http-nio-5001-exec-2] "GET /cms/user/permissions HTTP/1.1" INFO  i.g.t.l.common.interceptor.RequestLogInterceptor - [GET] -> [/cms/user/permissions] from: 0:0:0:0:0:0:0:1 costs: 24ms
2025-01-26 17:06:14.986 [http-nio-5001-exec-3] "OPTIONS /cms/log/users HTTP/1.1" INFO  i.g.t.l.common.interceptor.RequestLogInterceptor - [OPTIONS] -> [/cms/log/users] from: 0:0:0:0:0:0:0:1 costs: 1ms
2025-01-26 17:06:15.039 [http-nio-5001-exec-4] "GET /cms/log/users HTTP/1.1" INFO  i.g.t.l.common.interceptor.RequestLogInterceptor - [GET] -> [/cms/log/users] from: 0:0:0:0:0:0:0:1 costs: 37ms
2025-01-26 17:06:15.042 [http-nio-5001-exec-5] "OPTIONS /cms/log HTTP/1.1" INFO  i.g.t.l.common.interceptor.RequestLogInterceptor - [OPTIONS] -> [/cms/log] from: 0:0:0:0:0:0:0:1 costs: 0ms
2025-01-26 17:06:15.054 [http-nio-5001-exec-6] "GET /cms/log HTTP/1.1" INFO  i.g.t.l.common.interceptor.RequestLogInterceptor - [GET] -> [/cms/log] from: 0:0:0:0:0:0:0:1 costs: 5ms
2025-01-26 17:06:21.858 [http-nio-5001-exec-7] "OPTIONS /v1/book HTTP/1.1" INFO  i.g.t.l.common.interceptor.RequestLogInterceptor - [OPTIONS] -> [/v1/book] from: 0:0:0:0:0:0:0:1 costs: 0ms
2025-01-26 17:06:21.884 [http-nio-5001-exec-8] "GET /v1/book HTTP/1.1" INFO  i.g.t.l.common.interceptor.RequestLogInterceptor - [GET] -> [/v1/book] from: 0:0:0:0:0:0:0:1 costs: 23ms
2025-01-26 17:29:38.341 [SpringApplicationShutdownHook] "  " INFO  com.zaxxer.hikari.HikariDataSource - HikariPool-1 - Shutdown initiated...
2025-01-26 17:29:38.348 [SpringApplicationShutdownHook] "  " INFO  com.zaxxer.hikari.HikariDataSource - HikariPool-1 - Shutdown completed.
2025-01-26 17:29:40.516 [background-preinit] "  " INFO  org.hibernate.validator.internal.util.Version - HV000001: Hibernate Validator 6.2.0.Final
2025-01-26 17:29:40.516 [main] "  " INFO  io.github.talelin.latticy.LatticyApplication - Starting LatticyApplication using Java 1.8.0_432 on xuanquandeMBP with PID 13792 (/Users/xuanquan/workplace/java/7yue/lin-cms-spring-boot/target/classes started by xuanquan in /Users/xuanquan/workplace/java/7yue/lin-cms-spring-boot)
2025-01-26 17:29:40.517 [main] "  " INFO  io.github.talelin.latticy.LatticyApplication - The following profiles are active: dev
2025-01-26 17:29:40.922 [main] "  " INFO  o.s.c.s.PostProcessorRegistrationDelegate$BeanPostProcessorChecker - Bean 'commonConfiguration' of type [io.github.talelin.latticy.common.configuration.CommonConfiguration] is not eligible for getting processed by all BeanPostProcessors (for example: not eligible for auto-proxying)
2025-01-26 17:29:41.022 [main] "  " INFO  o.s.boot.web.embedded.tomcat.TomcatWebServer - Tomcat initialized with port(s): 5001 (http)
2025-01-26 17:29:41.031 [main] "  " INFO  org.apache.coyote.http11.Http11NioProtocol - Initializing ProtocolHandler ["http-nio-5001"]
2025-01-26 17:29:41.031 [main] "  " INFO  org.apache.catalina.core.StandardService - Starting service [Tomcat]
2025-01-26 17:29:41.031 [main] "  " INFO  org.apache.catalina.core.StandardEngine - Starting Servlet engine: [Apache Tomcat/9.0.48]
2025-01-26 17:29:41.055 [main] "  " INFO  o.a.c.core.ContainerBase.[Tomcat].[localhost].[/] - Initializing Spring embedded WebApplicationContext
2025-01-26 17:29:41.055 [main] "  " INFO  o.s.b.w.s.c.ServletWebServerApplicationContext - Root WebApplicationContext: initialization completed in 520 ms
2025-01-26 17:29:41.478 [main] "  " INFO  org.apache.catalina.core.StandardService - Stopping service [Tomcat]
2025-01-26 17:29:41.483 [main] "  " INFO  o.s.b.a.l.ConditionEvaluationReportLoggingListener - 

Error starting ApplicationContext. To display the conditions report re-run your application with 'debug' enabled.
2025-01-26 17:39:13.241 [background-preinit] "  " INFO  org.hibernate.validator.internal.util.Version - HV000001: Hibernate Validator 6.2.0.Final
2025-01-26 17:39:13.241 [main] "  " INFO  io.github.talelin.latticy.LatticyApplication - Starting LatticyApplication using Java 1.8.0_432 on xuanquandeMBP with PID 13963 (/Users/xuanquan/workplace/java/7yue/lin-cms-spring-boot/target/classes started by xuanquan in /Users/xuanquan/workplace/java/7yue/lin-cms-spring-boot)
2025-01-26 17:39:13.242 [main] "  " INFO  io.github.talelin.latticy.LatticyApplication - The following profiles are active: dev
2025-01-26 17:39:13.645 [main] "  " INFO  o.s.c.s.PostProcessorRegistrationDelegate$BeanPostProcessorChecker - Bean 'commonConfiguration' of type [io.github.talelin.latticy.common.configuration.CommonConfiguration] is not eligible for getting processed by all BeanPostProcessors (for example: not eligible for auto-proxying)
2025-01-26 17:39:13.742 [main] "  " INFO  o.s.boot.web.embedded.tomcat.TomcatWebServer - Tomcat initialized with port(s): 5001 (http)
2025-01-26 17:39:13.746 [main] "  " INFO  org.apache.coyote.http11.Http11NioProtocol - Initializing ProtocolHandler ["http-nio-5001"]
2025-01-26 17:39:13.747 [main] "  " INFO  org.apache.catalina.core.StandardService - Starting service [Tomcat]
2025-01-26 17:39:13.747 [main] "  " INFO  org.apache.catalina.core.StandardEngine - Starting Servlet engine: [Apache Tomcat/9.0.48]
2025-01-26 17:39:13.775 [main] "  " INFO  o.a.c.core.ContainerBase.[Tomcat].[localhost].[/] - Initializing Spring embedded WebApplicationContext
2025-01-26 17:39:13.775 [main] "  " INFO  o.s.b.w.s.c.ServletWebServerApplicationContext - Root WebApplicationContext: initialization completed in 515 ms
2025-01-26 17:39:14.191 [main] "  " INFO  org.apache.catalina.core.StandardService - Stopping service [Tomcat]
2025-01-26 17:39:14.196 [main] "  " INFO  o.s.b.a.l.ConditionEvaluationReportLoggingListener - 

Error starting ApplicationContext. To display the conditions report re-run your application with 'debug' enabled.
2025-01-26 17:42:02.957 [background-preinit] "  " INFO  org.hibernate.validator.internal.util.Version - HV000001: Hibernate Validator 6.2.0.Final
2025-01-26 17:42:02.957 [main] "  " INFO  io.github.talelin.latticy.LatticyApplication - Starting LatticyApplication using Java 1.8.0_432 on xuanquandeMBP with PID 14031 (/Users/xuanquan/workplace/java/7yue/lin-cms-spring-boot/target/classes started by xuanquan in /Users/xuanquan/workplace/java/7yue/lin-cms-spring-boot)
2025-01-26 17:42:02.959 [main] "  " INFO  io.github.talelin.latticy.LatticyApplication - The following profiles are active: dev
2025-01-26 17:42:03.365 [main] "  " INFO  o.s.c.s.PostProcessorRegistrationDelegate$BeanPostProcessorChecker - Bean 'commonConfiguration' of type [io.github.talelin.latticy.common.configuration.CommonConfiguration] is not eligible for getting processed by all BeanPostProcessors (for example: not eligible for auto-proxying)
2025-01-26 17:42:03.463 [main] "  " INFO  o.s.boot.web.embedded.tomcat.TomcatWebServer - Tomcat initialized with port(s): 5001 (http)
2025-01-26 17:42:03.467 [main] "  " INFO  org.apache.coyote.http11.Http11NioProtocol - Initializing ProtocolHandler ["http-nio-5001"]
2025-01-26 17:42:03.468 [main] "  " INFO  org.apache.catalina.core.StandardService - Starting service [Tomcat]
2025-01-26 17:42:03.468 [main] "  " INFO  org.apache.catalina.core.StandardEngine - Starting Servlet engine: [Apache Tomcat/9.0.48]
2025-01-26 17:42:03.492 [main] "  " INFO  o.a.c.core.ContainerBase.[Tomcat].[localhost].[/] - Initializing Spring embedded WebApplicationContext
2025-01-26 17:42:03.492 [main] "  " INFO  o.s.b.w.s.c.ServletWebServerApplicationContext - Root WebApplicationContext: initialization completed in 516 ms
2025-01-26 17:42:03.928 [main] "  " INFO  org.apache.catalina.core.StandardService - Stopping service [Tomcat]
2025-01-26 17:42:03.932 [main] "  " INFO  o.s.b.a.l.ConditionEvaluationReportLoggingListener - 

Error starting ApplicationContext. To display the conditions report re-run your application with 'debug' enabled.
2025-01-26 17:43:00.237 [main] "  " INFO  io.github.talelin.latticy.LatticyApplication - Starting LatticyApplication using Java 1.8.0_432 on xuanquandeMBP with PID 14052 (/Users/xuanquan/workplace/java/7yue/lin-cms-spring-boot/target/classes started by xuanquan in /Users/xuanquan/workplace/java/7yue/lin-cms-spring-boot)
2025-01-26 17:43:00.237 [background-preinit] "  " INFO  org.hibernate.validator.internal.util.Version - HV000001: Hibernate Validator 6.2.0.Final
2025-01-26 17:43:00.238 [main] "  " INFO  io.github.talelin.latticy.LatticyApplication - The following profiles are active: dev
2025-01-26 17:43:00.640 [main] "  " INFO  o.s.c.s.PostProcessorRegistrationDelegate$BeanPostProcessorChecker - Bean 'commonConfiguration' of type [io.github.talelin.latticy.common.configuration.CommonConfiguration] is not eligible for getting processed by all BeanPostProcessors (for example: not eligible for auto-proxying)
2025-01-26 17:43:00.739 [main] "  " INFO  o.s.boot.web.embedded.tomcat.TomcatWebServer - Tomcat initialized with port(s): 5001 (http)
2025-01-26 17:43:00.748 [main] "  " INFO  org.apache.coyote.http11.Http11NioProtocol - Initializing ProtocolHandler ["http-nio-5001"]
2025-01-26 17:43:00.748 [main] "  " INFO  org.apache.catalina.core.StandardService - Starting service [Tomcat]
2025-01-26 17:43:00.748 [main] "  " INFO  org.apache.catalina.core.StandardEngine - Starting Servlet engine: [Apache Tomcat/9.0.48]
2025-01-26 17:43:00.772 [main] "  " INFO  o.a.c.core.ContainerBase.[Tomcat].[localhost].[/] - Initializing Spring embedded WebApplicationContext
2025-01-26 17:43:00.772 [main] "  " INFO  o.s.b.w.s.c.ServletWebServerApplicationContext - Root WebApplicationContext: initialization completed in 516 ms
2025-01-26 17:43:01.326 [main] "  " INFO  com.zaxxer.hikari.HikariDataSource - HikariPool-1 - Starting...
2025-01-26 17:43:01.378 [main] "  " INFO  com.zaxxer.hikari.HikariDataSource - HikariPool-1 - Start completed.
2025-01-26 17:43:01.418 [main] "  " INFO  org.apache.coyote.http11.Http11NioProtocol - Starting ProtocolHandler ["http-nio-5001"]
2025-01-26 17:43:01.429 [main] "  " INFO  o.s.boot.web.embedded.tomcat.TomcatWebServer - Tomcat started on port(s): 5001 (http) with context path ''
2025-01-26 17:43:01.503 [main] "  " INFO  io.github.talelin.latticy.LatticyApplication - Started LatticyApplication in 1.472 seconds (JVM running for 1.73)
2025-01-26 17:43:20.875 [http-nio-5001-exec-1] "  " INFO  o.a.c.core.ContainerBase.[Tomcat].[localhost].[/] - Initializing Spring DispatcherServlet 'dispatcherServlet'
2025-01-26 17:43:20.875 [http-nio-5001-exec-1] "  " INFO  org.springframework.web.servlet.DispatcherServlet - Initializing Servlet 'dispatcherServlet'
2025-01-26 17:43:20.877 [http-nio-5001-exec-1] "  " INFO  org.springframework.web.servlet.DispatcherServlet - Completed initialization in 2 ms
2025-01-26 17:43:20.894 [http-nio-5001-exec-1] "GET / HTTP/1.1" INFO  i.g.t.l.common.interceptor.RequestLogInterceptor - [GET] -> [/] from: 0:0:0:0:0:0:0:1 costs: 11ms
2025-01-26 17:45:12.904 [http-nio-5001-exec-7] "GET /v1/book HTTP/1.1" INFO  i.g.t.l.common.interceptor.RequestLogInterceptor - [GET] -> [/v1/book] from: 0:0:0:0:0:0:0:1 costs: 42ms
2025-01-26 17:48:15.957 [SpringApplicationShutdownHook] "  " INFO  com.zaxxer.hikari.HikariDataSource - HikariPool-1 - Shutdown initiated...
2025-01-26 17:48:15.962 [SpringApplicationShutdownHook] "  " INFO  com.zaxxer.hikari.HikariDataSource - HikariPool-1 - Shutdown completed.
2025-01-26 17:48:18.061 [background-preinit] "  " INFO  org.hibernate.validator.internal.util.Version - HV000001: Hibernate Validator 6.2.0.Final
2025-01-26 17:48:18.062 [main] "  " INFO  io.github.talelin.latticy.LatticyApplication - Starting LatticyApplication using Java 1.8.0_432 on xuanquandeMBP with PID 14211 (/Users/xuanquan/workplace/java/7yue/lin-cms-spring-boot/target/classes started by xuanquan in /Users/xuanquan/workplace/java/7yue/lin-cms-spring-boot)
2025-01-26 17:48:18.063 [main] "  " INFO  io.github.talelin.latticy.LatticyApplication - The following profiles are active: dev
2025-01-26 17:48:18.495 [main] "  " INFO  o.s.c.s.PostProcessorRegistrationDelegate$BeanPostProcessorChecker - Bean 'commonConfiguration' of type [io.github.talelin.latticy.common.configuration.CommonConfiguration] is not eligible for getting processed by all BeanPostProcessors (for example: not eligible for auto-proxying)
2025-01-26 17:48:18.593 [main] "  " INFO  o.s.boot.web.embedded.tomcat.TomcatWebServer - Tomcat initialized with port(s): 5001 (http)
2025-01-26 17:48:18.597 [main] "  " INFO  org.apache.coyote.http11.Http11NioProtocol - Initializing ProtocolHandler ["http-nio-5001"]
2025-01-26 17:48:18.597 [main] "  " INFO  org.apache.catalina.core.StandardService - Starting service [Tomcat]
2025-01-26 17:48:18.597 [main] "  " INFO  org.apache.catalina.core.StandardEngine - Starting Servlet engine: [Apache Tomcat/9.0.48]
2025-01-26 17:48:18.626 [main] "  " INFO  o.a.c.core.ContainerBase.[Tomcat].[localhost].[/] - Initializing Spring embedded WebApplicationContext
2025-01-26 17:48:18.626 [main] "  " INFO  o.s.b.w.s.c.ServletWebServerApplicationContext - Root WebApplicationContext: initialization completed in 544 ms
2025-01-26 17:48:19.198 [main] "  " INFO  com.zaxxer.hikari.HikariDataSource - HikariPool-1 - Starting...
2025-01-26 17:48:19.252 [main] "  " INFO  com.zaxxer.hikari.HikariDataSource - HikariPool-1 - Start completed.
2025-01-26 17:48:19.287 [main] "  " INFO  org.apache.coyote.http11.Http11NioProtocol - Starting ProtocolHandler ["http-nio-5001"]
2025-01-26 17:48:19.299 [main] "  " INFO  o.s.boot.web.embedded.tomcat.TomcatWebServer - Tomcat started on port(s): 5001 (http) with context path ''
2025-01-26 17:48:19.371 [main] "  " INFO  io.github.talelin.latticy.LatticyApplication - Started LatticyApplication in 1.517 seconds (JVM running for 1.785)
2025-01-26 17:48:24.790 [http-nio-5001-exec-1] "  " INFO  o.a.c.core.ContainerBase.[Tomcat].[localhost].[/] - Initializing Spring DispatcherServlet 'dispatcherServlet'
2025-01-26 17:48:24.790 [http-nio-5001-exec-1] "  " INFO  org.springframework.web.servlet.DispatcherServlet - Initializing Servlet 'dispatcherServlet'
2025-01-26 17:48:24.792 [http-nio-5001-exec-1] "  " INFO  org.springframework.web.servlet.DispatcherServlet - Completed initialization in 2 ms
2025-01-26 17:48:37.641 [http-nio-5001-exec-8] "GET /v1/book HTTP/1.1" INFO  i.g.t.l.common.interceptor.RequestLogInterceptor - [GET] -> [/v1/book] from: 0:0:0:0:0:0:0:1 costs: 39ms
2025-01-26 17:49:45.141 [SpringApplicationShutdownHook] "  " INFO  com.zaxxer.hikari.HikariDataSource - HikariPool-1 - Shutdown initiated...
2025-01-26 17:49:45.145 [SpringApplicationShutdownHook] "  " INFO  com.zaxxer.hikari.HikariDataSource - HikariPool-1 - Shutdown completed.
2025-01-26 17:49:47.121 [background-preinit] "  " INFO  org.hibernate.validator.internal.util.Version - HV000001: Hibernate Validator 6.2.0.Final
2025-01-26 17:49:47.123 [main] "  " INFO  io.github.talelin.latticy.LatticyApplication - Starting LatticyApplication using Java 1.8.0_432 on xuanquandeMBP with PID 14237 (/Users/xuanquan/workplace/java/7yue/lin-cms-spring-boot/target/classes started by xuanquan in /Users/xuanquan/workplace/java/7yue/lin-cms-spring-boot)
2025-01-26 17:49:47.123 [main] "  " INFO  io.github.talelin.latticy.LatticyApplication - The following profiles are active: dev
2025-01-26 17:49:47.534 [main] "  " INFO  o.s.c.s.PostProcessorRegistrationDelegate$BeanPostProcessorChecker - Bean 'commonConfiguration' of type [io.github.talelin.latticy.common.configuration.CommonConfiguration] is not eligible for getting processed by all BeanPostProcessors (for example: not eligible for auto-proxying)
2025-01-26 17:49:47.632 [main] "  " INFO  o.s.boot.web.embedded.tomcat.TomcatWebServer - Tomcat initialized with port(s): 5001 (http)
2025-01-26 17:49:47.641 [main] "  " INFO  org.apache.coyote.http11.Http11NioProtocol - Initializing ProtocolHandler ["http-nio-5001"]
2025-01-26 17:49:47.641 [main] "  " INFO  org.apache.catalina.core.StandardService - Starting service [Tomcat]
2025-01-26 17:49:47.641 [main] "  " INFO  org.apache.catalina.core.StandardEngine - Starting Servlet engine: [Apache Tomcat/9.0.48]
2025-01-26 17:49:47.666 [main] "  " INFO  o.a.c.core.ContainerBase.[Tomcat].[localhost].[/] - Initializing Spring embedded WebApplicationContext
2025-01-26 17:49:47.666 [main] "  " INFO  o.s.b.w.s.c.ServletWebServerApplicationContext - Root WebApplicationContext: initialization completed in 524 ms
2025-01-26 17:49:48.236 [main] "  " INFO  com.zaxxer.hikari.HikariDataSource - HikariPool-1 - Starting...
2025-01-26 17:49:48.287 [main] "  " INFO  com.zaxxer.hikari.HikariDataSource - HikariPool-1 - Start completed.
2025-01-26 17:49:48.328 [main] "  " INFO  org.apache.coyote.http11.Http11NioProtocol - Starting ProtocolHandler ["http-nio-5001"]
2025-01-26 17:49:48.339 [main] "  " INFO  o.s.boot.web.embedded.tomcat.TomcatWebServer - Tomcat started on port(s): 5001 (http) with context path ''
2025-01-26 17:49:48.414 [main] "  " INFO  io.github.talelin.latticy.LatticyApplication - Started LatticyApplication in 1.501 seconds (JVM running for 1.759)
2025-01-26 17:49:51.759 [http-nio-5001-exec-1] "  " INFO  o.a.c.core.ContainerBase.[Tomcat].[localhost].[/] - Initializing Spring DispatcherServlet 'dispatcherServlet'
2025-01-26 17:49:51.760 [http-nio-5001-exec-1] "  " INFO  org.springframework.web.servlet.DispatcherServlet - Initializing Servlet 'dispatcherServlet'
2025-01-26 17:49:51.761 [http-nio-5001-exec-1] "  " INFO  org.springframework.web.servlet.DispatcherServlet - Completed initialization in 1 ms
2025-01-26 17:49:51.797 [http-nio-5001-exec-1] "GET /v1/test/banner HTTP/1.1" INFO  i.g.t.l.common.interceptor.RequestLogInterceptor - [GET] -> [/v1/test/banner] from: 0:0:0:0:0:0:0:1 costs: 30ms
2025-01-26 17:59:20.516 [SpringApplicationShutdownHook] "  " INFO  com.zaxxer.hikari.HikariDataSource - HikariPool-1 - Shutdown initiated...
2025-01-26 17:59:20.521 [SpringApplicationShutdownHook] "  " INFO  com.zaxxer.hikari.HikariDataSource - HikariPool-1 - Shutdown completed.
2025-01-26 17:59:22.645 [background-preinit] "  " INFO  org.hibernate.validator.internal.util.Version - HV000001: Hibernate Validator 6.2.0.Final
2025-01-26 17:59:22.646 [main] "  " INFO  io.github.talelin.latticy.LatticyApplication - Starting LatticyApplication using Java 1.8.0_432 on xuanquandeMBP with PID 14401 (/Users/xuanquan/workplace/java/7yue/lin-cms-spring-boot/target/classes started by xuanquan in /Users/xuanquan/workplace/java/7yue/lin-cms-spring-boot)
2025-01-26 17:59:22.647 [main] "  " INFO  io.github.talelin.latticy.LatticyApplication - The following profiles are active: dev
2025-01-26 17:59:23.078 [main] "  " INFO  o.s.c.s.PostProcessorRegistrationDelegate$BeanPostProcessorChecker - Bean 'commonConfiguration' of type [io.github.talelin.latticy.common.configuration.CommonConfiguration] is not eligible for getting processed by all BeanPostProcessors (for example: not eligible for auto-proxying)
2025-01-26 17:59:23.179 [main] "  " INFO  o.s.boot.web.embedded.tomcat.TomcatWebServer - Tomcat initialized with port(s): 5001 (http)
2025-01-26 17:59:23.188 [main] "  " INFO  org.apache.coyote.http11.Http11NioProtocol - Initializing ProtocolHandler ["http-nio-5001"]
2025-01-26 17:59:23.188 [main] "  " INFO  org.apache.catalina.core.StandardService - Starting service [Tomcat]
2025-01-26 17:59:23.188 [main] "  " INFO  org.apache.catalina.core.StandardEngine - Starting Servlet engine: [Apache Tomcat/9.0.48]
2025-01-26 17:59:23.213 [main] "  " INFO  o.a.c.core.ContainerBase.[Tomcat].[localhost].[/] - Initializing Spring embedded WebApplicationContext
2025-01-26 17:59:23.213 [main] "  " INFO  o.s.b.w.s.c.ServletWebServerApplicationContext - Root WebApplicationContext: initialization completed in 546 ms
2025-01-26 17:59:23.783 [main] "  " INFO  com.zaxxer.hikari.HikariDataSource - HikariPool-1 - Starting...
2025-01-26 17:59:23.842 [main] "  " INFO  com.zaxxer.hikari.HikariDataSource - HikariPool-1 - Start completed.
2025-01-26 17:59:23.886 [main] "  " INFO  org.apache.coyote.http11.Http11NioProtocol - Starting ProtocolHandler ["http-nio-5001"]
2025-01-26 17:59:23.899 [main] "  " INFO  o.s.boot.web.embedded.tomcat.TomcatWebServer - Tomcat started on port(s): 5001 (http) with context path ''
2025-01-26 17:59:23.977 [main] "  " INFO  io.github.talelin.latticy.LatticyApplication - Started LatticyApplication in 1.542 seconds (JVM running for 1.801)
2025-01-26 17:59:36.692 [http-nio-5001-exec-1] "  " INFO  o.a.c.core.ContainerBase.[Tomcat].[localhost].[/] - Initializing Spring DispatcherServlet 'dispatcherServlet'
2025-01-26 17:59:36.692 [http-nio-5001-exec-1] "  " INFO  org.springframework.web.servlet.DispatcherServlet - Initializing Servlet 'dispatcherServlet'
2025-01-26 17:59:36.693 [http-nio-5001-exec-1] "  " INFO  org.springframework.web.servlet.DispatcherServlet - Completed initialization in 1 ms
2025-01-26 17:59:36.730 [http-nio-5001-exec-1] "GET /v1/test/insert HTTP/1.1" INFO  i.g.t.l.common.interceptor.RequestLogInterceptor - [GET] -> [/v1/test/insert] from: 0:0:0:0:0:0:0:1 costs: 31ms
2025-01-26 18:00:37.222 [SpringApplicationShutdownHook] "  " INFO  com.zaxxer.hikari.HikariDataSource - HikariPool-1 - Shutdown initiated...
2025-01-26 18:00:37.226 [SpringApplicationShutdownHook] "  " INFO  com.zaxxer.hikari.HikariDataSource - HikariPool-1 - Shutdown completed.
2025-01-26 18:00:38.347 [background-preinit] "  " INFO  org.hibernate.validator.internal.util.Version - HV000001: Hibernate Validator 6.2.0.Final
2025-01-26 18:00:38.348 [main] "  " INFO  io.github.talelin.latticy.LatticyApplication - Starting LatticyApplication using Java 1.8.0_432 on xuanquandeMBP with PID 14434 (/Users/xuanquan/workplace/java/7yue/lin-cms-spring-boot/target/classes started by xuanquan in /Users/xuanquan/workplace/java/7yue/lin-cms-spring-boot)
2025-01-26 18:00:38.348 [main] "  " INFO  io.github.talelin.latticy.LatticyApplication - The following profiles are active: dev
2025-01-26 18:00:38.770 [main] "  " INFO  o.s.c.s.PostProcessorRegistrationDelegate$BeanPostProcessorChecker - Bean 'commonConfiguration' of type [io.github.talelin.latticy.common.configuration.CommonConfiguration] is not eligible for getting processed by all BeanPostProcessors (for example: not eligible for auto-proxying)
2025-01-26 18:00:38.867 [main] "  " INFO  o.s.boot.web.embedded.tomcat.TomcatWebServer - Tomcat initialized with port(s): 5001 (http)
2025-01-26 18:00:38.877 [main] "  " INFO  org.apache.coyote.http11.Http11NioProtocol - Initializing ProtocolHandler ["http-nio-5001"]
2025-01-26 18:00:38.877 [main] "  " INFO  org.apache.catalina.core.StandardService - Starting service [Tomcat]
2025-01-26 18:00:38.877 [main] "  " INFO  org.apache.catalina.core.StandardEngine - Starting Servlet engine: [Apache Tomcat/9.0.48]
2025-01-26 18:00:38.903 [main] "  " INFO  o.a.c.core.ContainerBase.[Tomcat].[localhost].[/] - Initializing Spring embedded WebApplicationContext
2025-01-26 18:00:38.903 [main] "  " INFO  o.s.b.w.s.c.ServletWebServerApplicationContext - Root WebApplicationContext: initialization completed in 535 ms
2025-01-26 18:00:39.469 [main] "  " INFO  com.zaxxer.hikari.HikariDataSource - HikariPool-1 - Starting...
2025-01-26 18:00:39.527 [main] "  " INFO  com.zaxxer.hikari.HikariDataSource - HikariPool-1 - Start completed.
2025-01-26 18:00:39.562 [main] "  " INFO  org.apache.coyote.http11.Http11NioProtocol - Starting ProtocolHandler ["http-nio-5001"]
2025-01-26 18:00:39.575 [main] "  " INFO  o.s.boot.web.embedded.tomcat.TomcatWebServer - Tomcat started on port(s): 5001 (http) with context path ''
2025-01-26 18:00:39.647 [main] "  " INFO  io.github.talelin.latticy.LatticyApplication - Started LatticyApplication in 1.504 seconds (JVM running for 1.769)
2025-01-26 18:00:43.559 [http-nio-5001-exec-1] "  " INFO  o.a.c.core.ContainerBase.[Tomcat].[localhost].[/] - Initializing Spring DispatcherServlet 'dispatcherServlet'
2025-01-26 18:00:43.559 [http-nio-5001-exec-1] "  " INFO  org.springframework.web.servlet.DispatcherServlet - Initializing Servlet 'dispatcherServlet'
2025-01-26 18:00:43.561 [http-nio-5001-exec-1] "  " INFO  org.springframework.web.servlet.DispatcherServlet - Completed initialization in 2 ms
2025-01-26 18:00:43.590 [http-nio-5001-exec-1] "GET /v1/test/insert HTTP/1.1" INFO  i.g.t.l.common.interceptor.RequestLogInterceptor - [GET] -> [/v1/test/insert] from: 0:0:0:0:0:0:0:1 costs: 22ms
2025-01-26 18:00:46.268 [http-nio-5001-exec-3] "GET /v1/test/insert HTTP/1.1" INFO  i.g.t.l.common.interceptor.RequestLogInterceptor - [GET] -> [/v1/test/insert] from: 0:0:0:0:0:0:0:1 costs: 6ms
2025-01-26 18:07:07.889 [http-nio-5001-exec-5] "OPTIONS /cms/user/captcha HTTP/1.1" INFO  i.g.t.l.common.interceptor.RequestLogInterceptor - [OPTIONS] -> [/cms/user/captcha] from: 0:0:0:0:0:0:0:1 costs: 9ms
2025-01-26 18:07:07.941 [http-nio-5001-exec-7] "POST /cms/user/captcha HTTP/1.1" INFO  i.g.t.l.common.interceptor.RequestLogInterceptor - [POST] -> [/cms/user/captcha] from: 0:0:0:0:0:0:0:1 costs: 46ms
2025-01-26 23:15:27.727 [SpringApplicationShutdownHook] "  " INFO  com.zaxxer.hikari.HikariDataSource - HikariPool-1 - Shutdown initiated...
2025-01-26 23:15:27.730 [SpringApplicationShutdownHook] "  " INFO  com.zaxxer.hikari.HikariDataSource - HikariPool-1 - Shutdown completed.
2025-01-26 23:15:30.193 [background-preinit] "  " INFO  org.hibernate.validator.internal.util.Version - HV000001: Hibernate Validator 6.2.0.Final
2025-01-26 23:15:30.194 [main] "  " INFO  io.github.talelin.latticy.LatticyApplication - Starting LatticyApplication using Java 1.8.0_432 on xuanquandeMBP with PID 18617 (/Users/xuanquan/workplace/java/7yue/lin-cms-spring-boot/target/classes started by xuanquan in /Users/xuanquan/workplace/java/7yue/lin-cms-spring-boot)
2025-01-26 23:15:30.195 [main] "  " INFO  io.github.talelin.latticy.LatticyApplication - The following profiles are active: dev
2025-01-26 23:15:30.613 [main] "  " INFO  o.s.c.s.PostProcessorRegistrationDelegate$BeanPostProcessorChecker - Bean 'commonConfiguration' of type [io.github.talelin.latticy.common.configuration.CommonConfiguration] is not eligible for getting processed by all BeanPostProcessors (for example: not eligible for auto-proxying)
2025-01-26 23:15:30.708 [main] "  " INFO  o.s.boot.web.embedded.tomcat.TomcatWebServer - Tomcat initialized with port(s): 5001 (http)
2025-01-26 23:15:30.717 [main] "  " INFO  org.apache.coyote.http11.Http11NioProtocol - Initializing ProtocolHandler ["http-nio-5001"]
2025-01-26 23:15:30.717 [main] "  " INFO  org.apache.catalina.core.StandardService - Starting service [Tomcat]
2025-01-26 23:15:30.717 [main] "  " INFO  org.apache.catalina.core.StandardEngine - Starting Servlet engine: [Apache Tomcat/9.0.48]
2025-01-26 23:15:30.742 [main] "  " INFO  o.a.c.core.ContainerBase.[Tomcat].[localhost].[/] - Initializing Spring embedded WebApplicationContext
2025-01-26 23:15:30.742 [main] "  " INFO  o.s.b.w.s.c.ServletWebServerApplicationContext - Root WebApplicationContext: initialization completed in 524 ms
2025-01-26 23:15:31.301 [main] "  " INFO  com.zaxxer.hikari.HikariDataSource - HikariPool-1 - Starting...
2025-01-26 23:15:31.356 [main] "  " INFO  com.zaxxer.hikari.HikariDataSource - HikariPool-1 - Start completed.
2025-01-26 23:15:31.390 [main] "  " INFO  org.apache.coyote.http11.Http11NioProtocol - Starting ProtocolHandler ["http-nio-5001"]
2025-01-26 23:15:31.403 [main] "  " INFO  o.s.boot.web.embedded.tomcat.TomcatWebServer - Tomcat started on port(s): 5001 (http) with context path ''
2025-01-26 23:15:31.492 [main] "  " INFO  io.github.talelin.latticy.LatticyApplication - Started LatticyApplication in 1.519 seconds (JVM running for 1.781)
2025-01-26 23:15:44.515 [http-nio-5001-exec-1] "  " INFO  o.a.c.core.ContainerBase.[Tomcat].[localhost].[/] - Initializing Spring DispatcherServlet 'dispatcherServlet'
2025-01-26 23:15:44.516 [http-nio-5001-exec-1] "  " INFO  org.springframework.web.servlet.DispatcherServlet - Initializing Servlet 'dispatcherServlet'
2025-01-26 23:15:44.518 [http-nio-5001-exec-1] "  " INFO  org.springframework.web.servlet.DispatcherServlet - Completed initialization in 2 ms
2025-01-26 23:15:44.586 [http-nio-5001-exec-1] "GET /v1/test/test HTTP/1.1" INFO  i.g.t.l.common.interceptor.RequestLogInterceptor - [GET] -> [/v1/test/test] from: 0:0:0:0:0:0:0:1 costs: 61ms
2025-01-26 23:16:41.286 [http-nio-5001-exec-3] "GET /v1/test/test HTTP/1.1" INFO  i.g.t.l.common.interceptor.RequestLogInterceptor - [GET] -> [/v1/test/test] from: 0:0:0:0:0:0:0:1 costs: 8ms
2025-01-26 23:16:42.960 [http-nio-5001-exec-5] "GET /v1/test/test HTTP/1.1" INFO  i.g.t.l.common.interceptor.RequestLogInterceptor - [GET] -> [/v1/test/test] from: 0:0:0:0:0:0:0:1 costs: 7ms
2025-01-26 23:16:43.686 [http-nio-5001-exec-6] "GET /v1/test/test HTTP/1.1" INFO  i.g.t.l.common.interceptor.RequestLogInterceptor - [GET] -> [/v1/test/test] from: 0:0:0:0:0:0:0:1 costs: 7ms
2025-01-26 23:16:43.856 [http-nio-5001-exec-7] "GET /v1/test/test HTTP/1.1" INFO  i.g.t.l.common.interceptor.RequestLogInterceptor - [GET] -> [/v1/test/test] from: 0:0:0:0:0:0:0:1 costs: 6ms
2025-01-26 23:16:44.021 [http-nio-5001-exec-8] "GET /v1/test/test HTTP/1.1" INFO  i.g.t.l.common.interceptor.RequestLogInterceptor - [GET] -> [/v1/test/test] from: 0:0:0:0:0:0:0:1 costs: 3ms
2025-01-26 23:16:44.194 [http-nio-5001-exec-9] "GET /v1/test/test HTTP/1.1" INFO  i.g.t.l.common.interceptor.RequestLogInterceptor - [GET] -> [/v1/test/test] from: 0:0:0:0:0:0:0:1 costs: 8ms
2025-01-26 23:16:49.307 [http-nio-5001-exec-1] "GET /v1/test/test HTTP/1.1" INFO  i.g.t.l.common.interceptor.RequestLogInterceptor - [GET] -> [/v1/test/test] from: 0:0:0:0:0:0:0:1 costs: 6ms
2025-01-26 23:16:50.914 [http-nio-5001-exec-2] "GET /v1/test/test HTTP/1.1" INFO  i.g.t.l.common.interceptor.RequestLogInterceptor - [GET] -> [/v1/test/test] from: 0:0:0:0:0:0:0:1 costs: 5ms
2025-01-26 23:16:57.072 [SpringApplicationShutdownHook] "  " INFO  com.zaxxer.hikari.HikariDataSource - HikariPool-1 - Shutdown initiated...
2025-01-26 23:16:57.075 [SpringApplicationShutdownHook] "  " INFO  com.zaxxer.hikari.HikariDataSource - HikariPool-1 - Shutdown completed.
2025-01-26 23:16:59.102 [background-preinit] "  " INFO  org.hibernate.validator.internal.util.Version - HV000001: Hibernate Validator 6.2.0.Final
2025-01-26 23:16:59.104 [main] "  " INFO  io.github.talelin.latticy.LatticyApplication - Starting LatticyApplication using Java 1.8.0_432 on xuanquandeMBP with PID 18659 (/Users/xuanquan/workplace/java/7yue/lin-cms-spring-boot/target/classes started by xuanquan in /Users/xuanquan/workplace/java/7yue/lin-cms-spring-boot)
2025-01-26 23:16:59.104 [main] "  " INFO  io.github.talelin.latticy.LatticyApplication - The following profiles are active: dev
2025-01-26 23:16:59.520 [main] "  " INFO  o.s.c.s.PostProcessorRegistrationDelegate$BeanPostProcessorChecker - Bean 'commonConfiguration' of type [io.github.talelin.latticy.common.configuration.CommonConfiguration] is not eligible for getting processed by all BeanPostProcessors (for example: not eligible for auto-proxying)
2025-01-26 23:16:59.619 [main] "  " INFO  o.s.boot.web.embedded.tomcat.TomcatWebServer - Tomcat initialized with port(s): 5001 (http)
2025-01-26 23:16:59.628 [main] "  " INFO  org.apache.coyote.http11.Http11NioProtocol - Initializing ProtocolHandler ["http-nio-5001"]
2025-01-26 23:16:59.628 [main] "  " INFO  org.apache.catalina.core.StandardService - Starting service [Tomcat]
2025-01-26 23:16:59.629 [main] "  " INFO  org.apache.catalina.core.StandardEngine - Starting Servlet engine: [Apache Tomcat/9.0.48]
2025-01-26 23:16:59.652 [main] "  " INFO  o.a.c.core.ContainerBase.[Tomcat].[localhost].[/] - Initializing Spring embedded WebApplicationContext
2025-01-26 23:16:59.652 [main] "  " INFO  o.s.b.w.s.c.ServletWebServerApplicationContext - Root WebApplicationContext: initialization completed in 529 ms
2025-01-26 23:17:00.229 [main] "  " INFO  com.zaxxer.hikari.HikariDataSource - HikariPool-1 - Starting...
2025-01-26 23:17:00.282 [main] "  " INFO  com.zaxxer.hikari.HikariDataSource - HikariPool-1 - Start completed.
2025-01-26 23:17:00.317 [main] "  " INFO  org.apache.coyote.http11.Http11NioProtocol - Starting ProtocolHandler ["http-nio-5001"]
2025-01-26 23:17:00.329 [main] "  " INFO  o.s.boot.web.embedded.tomcat.TomcatWebServer - Tomcat started on port(s): 5001 (http) with context path ''
2025-01-26 23:17:00.402 [main] "  " INFO  io.github.talelin.latticy.LatticyApplication - Started LatticyApplication in 1.516 seconds (JVM running for 1.766)
2025-01-26 23:17:04.363 [http-nio-5001-exec-1] "  " INFO  o.a.c.core.ContainerBase.[Tomcat].[localhost].[/] - Initializing Spring DispatcherServlet 'dispatcherServlet'
2025-01-26 23:17:04.363 [http-nio-5001-exec-1] "  " INFO  org.springframework.web.servlet.DispatcherServlet - Initializing Servlet 'dispatcherServlet'
2025-01-26 23:17:04.364 [http-nio-5001-exec-1] "  " INFO  org.springframework.web.servlet.DispatcherServlet - Completed initialization in 1 ms
2025-01-26 23:17:04.419 [http-nio-5001-exec-1] "GET /v1/test/test HTTP/1.1" INFO  i.g.t.l.common.interceptor.RequestLogInterceptor - [GET] -> [/v1/test/test] from: 0:0:0:0:0:0:0:1 costs: 49ms
2025-01-26 23:17:06.093 [http-nio-5001-exec-2] "GET /v1/test/test HTTP/1.1" INFO  i.g.t.l.common.interceptor.RequestLogInterceptor - [GET] -> [/v1/test/test] from: 0:0:0:0:0:0:0:1 costs: 6ms
2025-01-26 23:21:49.383 [http-nio-5001-exec-4] "OPTIONS /cms/user/captcha HTTP/1.1" INFO  i.g.t.l.common.interceptor.RequestLogInterceptor - [OPTIONS] -> [/cms/user/captcha] from: 0:0:0:0:0:0:0:1 costs: 13ms
2025-01-26 23:21:49.410 [http-nio-5001-exec-5] "POST /cms/user/captcha HTTP/1.1" INFO  i.g.t.l.common.interceptor.RequestLogInterceptor - [POST] -> [/cms/user/captcha] from: 0:0:0:0:0:0:0:1 costs: 20ms
2025-01-26 23:21:58.448 [http-nio-5001-exec-6] "OPTIONS /cms/user/login HTTP/1.1" INFO  i.g.t.l.common.interceptor.RequestLogInterceptor - [OPTIONS] -> [/cms/user/login] from: 0:0:0:0:0:0:0:1 costs: 0ms
2025-01-26 23:21:58.503 [http-nio-5001-exec-7] "POST /cms/user/login HTTP/1.1" INFO  i.g.t.l.common.interceptor.RequestLogInterceptor - [POST] -> [/cms/user/login] from: 0:0:0:0:0:0:0:1 costs: 50ms
2025-01-26 23:21:58.515 [http-nio-5001-exec-8] "POST /cms/user/captcha HTTP/1.1" INFO  i.g.t.l.common.interceptor.RequestLogInterceptor - [POST] -> [/cms/user/captcha] from: 0:0:0:0:0:0:0:1 costs: 2ms
2025-01-26 23:22:00.452 [http-nio-5001-exec-9] "POST /cms/user/login HTTP/1.1" INFO  i.g.t.l.common.interceptor.RequestLogInterceptor - [POST] -> [/cms/user/login] from: 0:0:0:0:0:0:0:1 costs: 10ms
2025-01-26 23:22:00.461 [http-nio-5001-exec-10] "POST /cms/user/captcha HTTP/1.1" INFO  i.g.t.l.common.interceptor.RequestLogInterceptor - [POST] -> [/cms/user/captcha] from: 0:0:0:0:0:0:0:1 costs: 1ms
2025-01-26 23:22:03.418 [http-nio-5001-exec-1] "POST /cms/user/login HTTP/1.1" INFO  i.g.t.l.common.interceptor.RequestLogInterceptor - [POST] -> [/cms/user/login] from: 0:0:0:0:0:0:0:1 costs: 25ms
2025-01-26 23:22:03.426 [http-nio-5001-exec-2] "POST /cms/user/captcha HTTP/1.1" INFO  i.g.t.l.common.interceptor.RequestLogInterceptor - [POST] -> [/cms/user/captcha] from: 0:0:0:0:0:0:0:1 costs: 1ms
2025-01-26 23:22:05.540 [http-nio-5001-exec-3] "POST /cms/user/login HTTP/1.1" INFO  i.g.t.l.common.interceptor.RequestLogInterceptor - [POST] -> [/cms/user/login] from: 0:0:0:0:0:0:0:1 costs: 146ms
2025-01-26 23:22:05.544 [http-nio-5001-exec-4] "OPTIONS /cms/user/permissions HTTP/1.1" INFO  i.g.t.l.common.interceptor.RequestLogInterceptor - [OPTIONS] -> [/cms/user/permissions] from: 0:0:0:0:0:0:0:1 costs: 0ms
2025-01-26 23:22:05.580 [http-nio-5001-exec-5] "GET /cms/user/permissions HTTP/1.1" INFO  i.g.t.l.common.interceptor.RequestLogInterceptor - [GET] -> [/cms/user/permissions] from: 0:0:0:0:0:0:0:1 costs: 24ms
2025-01-26 23:22:07.814 [http-nio-5001-exec-6] "OPTIONS /cms/log/users HTTP/1.1" INFO  i.g.t.l.common.interceptor.RequestLogInterceptor - [OPTIONS] -> [/cms/log/users] from: 0:0:0:0:0:0:0:1 costs: 0ms
2025-01-26 23:22:07.865 [http-nio-5001-exec-7] "GET /cms/log/users HTTP/1.1" INFO  i.g.t.l.common.interceptor.RequestLogInterceptor - [GET] -> [/cms/log/users] from: 0:0:0:0:0:0:0:1 costs: 36ms
2025-01-26 23:22:07.868 [http-nio-5001-exec-8] "OPTIONS /cms/log HTTP/1.1" INFO  i.g.t.l.common.interceptor.RequestLogInterceptor - [OPTIONS] -> [/cms/log] from: 0:0:0:0:0:0:0:1 costs: 0ms
2025-01-26 23:22:07.878 [http-nio-5001-exec-9] "GET /cms/log HTTP/1.1" INFO  i.g.t.l.common.interceptor.RequestLogInterceptor - [GET] -> [/cms/log] from: 0:0:0:0:0:0:0:1 costs: 5ms
2025-01-26 23:31:43.172 [SpringApplicationShutdownHook] "  " INFO  com.zaxxer.hikari.HikariDataSource - HikariPool-1 - Shutdown initiated...
2025-01-26 23:31:43.176 [SpringApplicationShutdownHook] "  " INFO  com.zaxxer.hikari.HikariDataSource - HikariPool-1 - Shutdown completed.
2025-01-26 23:31:45.189 [main] "  " INFO  io.github.talelin.latticy.LatticyApplication - Starting LatticyApplication using Java 1.8.0_432 on xuanquandeMBP with PID 19052 (/Users/xuanquan/workplace/java/7yue/lin-cms-spring-boot/target/classes started by xuanquan in /Users/xuanquan/workplace/java/7yue/lin-cms-spring-boot)
2025-01-26 23:31:45.189 [background-preinit] "  " INFO  org.hibernate.validator.internal.util.Version - HV000001: Hibernate Validator 6.2.0.Final
2025-01-26 23:31:45.190 [main] "  " INFO  io.github.talelin.latticy.LatticyApplication - The following profiles are active: dev
2025-01-26 23:31:45.611 [main] "  " INFO  o.s.c.s.PostProcessorRegistrationDelegate$BeanPostProcessorChecker - Bean 'commonConfiguration' of type [io.github.talelin.latticy.common.configuration.CommonConfiguration] is not eligible for getting processed by all BeanPostProcessors (for example: not eligible for auto-proxying)
2025-01-26 23:31:45.710 [main] "  " INFO  o.s.boot.web.embedded.tomcat.TomcatWebServer - Tomcat initialized with port(s): 5001 (http)
2025-01-26 23:31:45.719 [main] "  " INFO  org.apache.coyote.http11.Http11NioProtocol - Initializing ProtocolHandler ["http-nio-5001"]
2025-01-26 23:31:45.719 [main] "  " INFO  org.apache.catalina.core.StandardService - Starting service [Tomcat]
2025-01-26 23:31:45.719 [main] "  " INFO  org.apache.catalina.core.StandardEngine - Starting Servlet engine: [Apache Tomcat/9.0.48]
2025-01-26 23:31:45.745 [main] "  " INFO  o.a.c.core.ContainerBase.[Tomcat].[localhost].[/] - Initializing Spring embedded WebApplicationContext
2025-01-26 23:31:45.745 [main] "  " INFO  o.s.b.w.s.c.ServletWebServerApplicationContext - Root WebApplicationContext: initialization completed in 536 ms
2025-01-26 23:31:46.322 [main] "  " INFO  com.zaxxer.hikari.HikariDataSource - HikariPool-1 - Starting...
2025-01-26 23:31:46.376 [main] "  " INFO  com.zaxxer.hikari.HikariDataSource - HikariPool-1 - Start completed.
2025-01-26 23:31:46.412 [main] "  " INFO  org.apache.coyote.http11.Http11NioProtocol - Starting ProtocolHandler ["http-nio-5001"]
2025-01-26 23:31:46.424 [main] "  " INFO  o.s.boot.web.embedded.tomcat.TomcatWebServer - Tomcat started on port(s): 5001 (http) with context path ''
2025-01-26 23:31:46.501 [main] "  " INFO  io.github.talelin.latticy.LatticyApplication - Started LatticyApplication in 1.516 seconds (JVM running for 1.775)
2025-01-26 23:31:52.117 [http-nio-5001-exec-1] "  " INFO  o.a.c.core.ContainerBase.[Tomcat].[localhost].[/] - Initializing Spring DispatcherServlet 'dispatcherServlet'
2025-01-26 23:31:52.117 [http-nio-5001-exec-1] "  " INFO  org.springframework.web.servlet.DispatcherServlet - Initializing Servlet 'dispatcherServlet'
2025-01-26 23:31:52.118 [http-nio-5001-exec-1] "  " INFO  org.springframework.web.servlet.DispatcherServlet - Completed initialization in 1 ms
2025-01-26 23:31:52.138 [http-nio-5001-exec-1] "GET /v1/banner/page HTTP/1.1" INFO  i.g.t.l.common.interceptor.RequestLogInterceptor - [GET] -> [/v1/banner/page] from: 0:0:0:0:0:0:0:1 costs: 14ms
2025-01-26 23:35:42.924 [http-nio-5001-exec-4] "GET /v1/banner/page HTTP/1.1" INFO  i.g.t.l.common.interceptor.RequestLogInterceptor - [GET] -> [/v1/banner/page] from: 0:0:0:0:0:0:0:1 costs: 5ms
2025-01-26 23:35:44.646 [http-nio-5001-exec-5] "GET /v1/banner/page HTTP/1.1" INFO  i.g.t.l.common.interceptor.RequestLogInterceptor - [GET] -> [/v1/banner/page] from: 0:0:0:0:0:0:0:1 costs: 2ms
2025-01-26 23:35:46.621 [http-nio-5001-exec-6] "GET /v1/banner/page HTTP/1.1" INFO  i.g.t.l.common.interceptor.RequestLogInterceptor - [GET] -> [/v1/banner/page] from: 0:0:0:0:0:0:0:1 costs: 3ms
2025-01-26 23:36:26.531 [http-nio-5001-exec-9] "GET /v1/banner/page HTTP/1.1" INFO  i.g.t.l.common.interceptor.RequestLogInterceptor - [GET] -> [/v1/banner/page] from: 0:0:0:0:0:0:0:1 costs: 4ms
2025-01-26 23:36:27.058 [http-nio-5001-exec-10] "GET /v1/banner/page HTTP/1.1" INFO  i.g.t.l.common.interceptor.RequestLogInterceptor - [GET] -> [/v1/banner/page] from: 0:0:0:0:0:0:0:1 costs: 3ms
2025-01-26 23:36:28.653 [http-nio-5001-exec-3] "GET /v1/banner/page HTTP/1.1" INFO  i.g.t.l.common.interceptor.RequestLogInterceptor - [GET] -> [/v1/banner/page] from: 0:0:0:0:0:0:0:1 costs: 3ms
2025-01-26 23:36:33.621 [http-nio-5001-exec-6] "GET /v1/banner/page HTTP/1.1" INFO  i.g.t.l.common.interceptor.RequestLogInterceptor - [GET] -> [/v1/banner/page] from: 0:0:0:0:0:0:0:1 costs: 1ms
2025-01-26 23:36:34.179 [http-nio-5001-exec-7] "GET /v1/banner/page HTTP/1.1" INFO  i.g.t.l.common.interceptor.RequestLogInterceptor - [GET] -> [/v1/banner/page] from: 0:0:0:0:0:0:0:1 costs: 2ms
2025-01-26 23:36:34.351 [http-nio-5001-exec-8] "GET /v1/banner/page HTTP/1.1" INFO  i.g.t.l.common.interceptor.RequestLogInterceptor - [GET] -> [/v1/banner/page] from: 0:0:0:0:0:0:0:1 costs: 3ms
2025-01-26 23:36:34.525 [http-nio-5001-exec-9] "GET /v1/banner/page HTTP/1.1" INFO  i.g.t.l.common.interceptor.RequestLogInterceptor - [GET] -> [/v1/banner/page] from: 0:0:0:0:0:0:0:1 costs: 1ms
2025-01-26 23:36:34.701 [http-nio-5001-exec-10] "GET /v1/banner/page HTTP/1.1" INFO  i.g.t.l.common.interceptor.RequestLogInterceptor - [GET] -> [/v1/banner/page] from: 0:0:0:0:0:0:0:1 costs: 2ms
2025-01-26 23:36:34.859 [http-nio-5001-exec-1] "GET /v1/banner/page HTTP/1.1" INFO  i.g.t.l.common.interceptor.RequestLogInterceptor - [GET] -> [/v1/banner/page] from: 0:0:0:0:0:0:0:1 costs: 1ms
2025-01-26 23:36:35.056 [http-nio-5001-exec-2] "GET /v1/banner/page HTTP/1.1" INFO  i.g.t.l.common.interceptor.RequestLogInterceptor - [GET] -> [/v1/banner/page] from: 0:0:0:0:0:0:0:1 costs: 1ms
2025-01-26 23:36:35.191 [http-nio-5001-exec-3] "GET /v1/banner/page HTTP/1.1" INFO  i.g.t.l.common.interceptor.RequestLogInterceptor - [GET] -> [/v1/banner/page] from: 0:0:0:0:0:0:0:1 costs: 1ms
2025-01-26 23:36:39.147 [http-nio-5001-exec-6] "GET /v1/banner/page HTTP/1.1" INFO  i.g.t.l.common.interceptor.RequestLogInterceptor - [GET] -> [/v1/banner/page] from: 0:0:0:0:0:0:0:1 costs: 2ms
2025-01-26 23:36:48.856 [SpringApplicationShutdownHook] "  " INFO  com.zaxxer.hikari.HikariDataSource - HikariPool-1 - Shutdown initiated...
2025-01-26 23:36:48.859 [SpringApplicationShutdownHook] "  " INFO  com.zaxxer.hikari.HikariDataSource - HikariPool-1 - Shutdown completed.
2025-01-26 23:36:49.916 [background-preinit] "  " INFO  org.hibernate.validator.internal.util.Version - HV000001: Hibernate Validator 6.2.0.Final
2025-01-26 23:36:49.918 [main] "  " INFO  io.github.talelin.latticy.LatticyApplication - Starting LatticyApplication using Java 1.8.0_432 on xuanquandeMBP with PID 19166 (/Users/xuanquan/workplace/java/7yue/lin-cms-spring-boot/target/classes started by xuanquan in /Users/xuanquan/workplace/java/7yue/lin-cms-spring-boot)
2025-01-26 23:36:49.918 [main] "  " INFO  io.github.talelin.latticy.LatticyApplication - The following profiles are active: dev
2025-01-26 23:36:50.333 [main] "  " INFO  o.s.c.s.PostProcessorRegistrationDelegate$BeanPostProcessorChecker - Bean 'commonConfiguration' of type [io.github.talelin.latticy.common.configuration.CommonConfiguration] is not eligible for getting processed by all BeanPostProcessors (for example: not eligible for auto-proxying)
2025-01-26 23:36:50.433 [main] "  " INFO  o.s.boot.web.embedded.tomcat.TomcatWebServer - Tomcat initialized with port(s): 5001 (http)
2025-01-26 23:36:50.442 [main] "  " INFO  org.apache.coyote.http11.Http11NioProtocol - Initializing ProtocolHandler ["http-nio-5001"]
2025-01-26 23:36:50.443 [main] "  " INFO  org.apache.catalina.core.StandardService - Starting service [Tomcat]
2025-01-26 23:36:50.443 [main] "  " INFO  org.apache.catalina.core.StandardEngine - Starting Servlet engine: [Apache Tomcat/9.0.48]
2025-01-26 23:36:50.467 [main] "  " INFO  o.a.c.core.ContainerBase.[Tomcat].[localhost].[/] - Initializing Spring embedded WebApplicationContext
2025-01-26 23:36:50.467 [main] "  " INFO  o.s.b.w.s.c.ServletWebServerApplicationContext - Root WebApplicationContext: initialization completed in 530 ms
2025-01-26 23:36:51.053 [main] "  " INFO  com.zaxxer.hikari.HikariDataSource - HikariPool-1 - Starting...
2025-01-26 23:36:51.170 [main] "  " INFO  com.zaxxer.hikari.HikariDataSource - HikariPool-1 - Start completed.
2025-01-26 23:36:51.225 [main] "  " INFO  org.apache.coyote.http11.Http11NioProtocol - Starting ProtocolHandler ["http-nio-5001"]
2025-01-26 23:36:51.240 [main] "  " INFO  o.s.boot.web.embedded.tomcat.TomcatWebServer - Tomcat started on port(s): 5001 (http) with context path ''
2025-01-26 23:36:51.312 [main] "  " INFO  io.github.talelin.latticy.LatticyApplication - Started LatticyApplication in 1.616 seconds (JVM running for 1.882)
2025-01-26 23:36:52.495 [http-nio-5001-exec-1] "  " INFO  o.a.c.core.ContainerBase.[Tomcat].[localhost].[/] - Initializing Spring DispatcherServlet 'dispatcherServlet'
2025-01-26 23:36:52.495 [http-nio-5001-exec-1] "  " INFO  org.springframework.web.servlet.DispatcherServlet - Initializing Servlet 'dispatcherServlet'
2025-01-26 23:36:52.496 [http-nio-5001-exec-1] "  " INFO  org.springframework.web.servlet.DispatcherServlet - Completed initialization in 1 ms
2025-01-26 23:36:52.562 [http-nio-5001-exec-1] "GET /v1/banner/page HTTP/1.1" INFO  i.g.t.l.common.interceptor.RequestLogInterceptor - [GET] -> [/v1/banner/page] from: 0:0:0:0:0:0:0:1 costs: 59ms
2025-01-26 23:36:53.633 [http-nio-5001-exec-3] "GET /v1/banner/page HTTP/1.1" INFO  i.g.t.l.common.interceptor.RequestLogInterceptor - [GET] -> [/v1/banner/page] from: 0:0:0:0:0:0:0:1 costs: 7ms
2025-01-26 23:36:58.054 [http-nio-5001-exec-5] "GET /v1/banner/page HTTP/1.1" INFO  i.g.t.l.common.interceptor.RequestLogInterceptor - [GET] -> [/v1/banner/page] from: 0:0:0:0:0:0:0:1 costs: 11ms
2025-01-26 23:47:14.460 [http-nio-5001-exec-8] "GET /v1/banner/page HTTP/1.1" INFO  i.g.t.l.common.interceptor.RequestLogInterceptor - [GET] -> [/v1/banner/page] from: 0:0:0:0:0:0:0:1 costs: 7ms
2025-01-26 23:47:15.119 [http-nio-5001-exec-9] "GET /v1/banner/page HTTP/1.1" INFO  i.g.t.l.common.interceptor.RequestLogInterceptor - [GET] -> [/v1/banner/page] from: 0:0:0:0:0:0:0:1 costs: 3ms
2025-01-26 23:47:15.834 [http-nio-5001-exec-10] "GET /v1/banner/page HTTP/1.1" INFO  i.g.t.l.common.interceptor.RequestLogInterceptor - [GET] -> [/v1/banner/page] from: 0:0:0:0:0:0:0:1 costs: 3ms
2025-01-26 23:47:22.936 [http-nio-5001-exec-3] "GET /v1/banner/page HTTP/1.1" INFO  i.g.t.l.common.interceptor.RequestLogInterceptor - [GET] -> [/v1/banner/page] from: 0:0:0:0:0:0:0:1 costs: 5ms
2025-01-26 23:47:23.608 [http-nio-5001-exec-4] "GET /v1/banner/page HTTP/1.1" INFO  i.g.t.l.common.interceptor.RequestLogInterceptor - [GET] -> [/v1/banner/page] from: 0:0:0:0:0:0:0:1 costs: 3ms
2025-01-26 23:47:27.555 [SpringApplicationShutdownHook] "  " INFO  com.zaxxer.hikari.HikariDataSource - HikariPool-1 - Shutdown initiated...
2025-01-26 23:47:27.558 [SpringApplicationShutdownHook] "  " INFO  com.zaxxer.hikari.HikariDataSource - HikariPool-1 - Shutdown completed.
2025-01-26 23:47:28.723 [background-preinit] "  " INFO  org.hibernate.validator.internal.util.Version - HV000001: Hibernate Validator 6.2.0.Final
2025-01-26 23:47:28.723 [main] "  " INFO  io.github.talelin.latticy.LatticyApplication - Starting LatticyApplication using Java 1.8.0_432 on xuanquandeMBP with PID 19360 (/Users/xuanquan/workplace/java/7yue/lin-cms-spring-boot/target/classes started by xuanquan in /Users/xuanquan/workplace/java/7yue/lin-cms-spring-boot)
2025-01-26 23:47:28.724 [main] "  " INFO  io.github.talelin.latticy.LatticyApplication - The following profiles are active: dev
2025-01-26 23:47:29.143 [main] "  " INFO  o.s.c.s.PostProcessorRegistrationDelegate$BeanPostProcessorChecker - Bean 'commonConfiguration' of type [io.github.talelin.latticy.common.configuration.CommonConfiguration] is not eligible for getting processed by all BeanPostProcessors (for example: not eligible for auto-proxying)
2025-01-26 23:47:29.252 [main] "  " INFO  o.s.boot.web.embedded.tomcat.TomcatWebServer - Tomcat initialized with port(s): 5001 (http)
2025-01-26 23:47:29.261 [main] "  " INFO  org.apache.coyote.http11.Http11NioProtocol - Initializing ProtocolHandler ["http-nio-5001"]
2025-01-26 23:47:29.261 [main] "  " INFO  org.apache.catalina.core.StandardService - Starting service [Tomcat]
2025-01-26 23:47:29.262 [main] "  " INFO  org.apache.catalina.core.StandardEngine - Starting Servlet engine: [Apache Tomcat/9.0.48]
2025-01-26 23:47:29.287 [main] "  " INFO  o.a.c.core.ContainerBase.[Tomcat].[localhost].[/] - Initializing Spring embedded WebApplicationContext
2025-01-26 23:47:29.287 [main] "  " INFO  o.s.b.w.s.c.ServletWebServerApplicationContext - Root WebApplicationContext: initialization completed in 544 ms
2025-01-26 23:47:29.895 [main] "  " INFO  com.zaxxer.hikari.HikariDataSource - HikariPool-1 - Starting...
2025-01-26 23:47:30.031 [main] "  " INFO  com.zaxxer.hikari.HikariDataSource - HikariPool-1 - Start completed.
2025-01-26 23:47:30.086 [main] "  " INFO  org.apache.coyote.http11.Http11NioProtocol - Starting ProtocolHandler ["http-nio-5001"]
2025-01-26 23:47:30.100 [main] "  " INFO  o.s.boot.web.embedded.tomcat.TomcatWebServer - Tomcat started on port(s): 5001 (http) with context path ''
2025-01-26 23:47:30.176 [main] "  " INFO  io.github.talelin.latticy.LatticyApplication - Started LatticyApplication in 1.662 seconds (JVM running for 1.948)
2025-01-26 23:47:31.893 [http-nio-5001-exec-1] "  " INFO  o.a.c.core.ContainerBase.[Tomcat].[localhost].[/] - Initializing Spring DispatcherServlet 'dispatcherServlet'
2025-01-26 23:47:31.893 [http-nio-5001-exec-1] "  " INFO  org.springframework.web.servlet.DispatcherServlet - Initializing Servlet 'dispatcherServlet'
2025-01-26 23:47:31.894 [http-nio-5001-exec-1] "  " INFO  org.springframework.web.servlet.DispatcherServlet - Completed initialization in 1 ms
2025-01-26 23:49:15.357 [http-nio-5001-exec-1] "GET /v1/banner/page HTTP/1.1" INFO  i.g.t.l.common.interceptor.RequestLogInterceptor - [GET] -> [/v1/banner/page] from: 0:0:0:0:0:0:0:1 costs: 103457ms
2025-01-26 23:49:15.403 [http-nio-5001-exec-3] "GET /v1/banner/page HTTP/1.1" INFO  i.g.t.l.common.interceptor.RequestLogInterceptor - [GET] -> [/v1/banner/page] from: 0:0:0:0:0:0:0:1 costs: 59ms
2025-01-26 23:49:20.609 [http-nio-5001-exec-5] "GET /v1/banner/page HTTP/1.1" INFO  i.g.t.l.common.interceptor.RequestLogInterceptor - [GET] -> [/v1/banner/page] from: 0:0:0:0:0:0:0:1 costs: 11ms
2025-01-26 23:49:23.016 [http-nio-5001-exec-7] "GET /v1/banner/page HTTP/1.1" INFO  i.g.t.l.common.interceptor.RequestLogInterceptor - [GET] -> [/v1/banner/page] from: 0:0:0:0:0:0:0:1 costs: 11ms
2025-01-26 23:49:31.337 [http-nio-5001-exec-8] "GET /v1/banner/page HTTP/1.1" INFO  i.g.t.l.common.interceptor.RequestLogInterceptor - [GET] -> [/v1/banner/page] from: 0:0:0:0:0:0:0:1 costs: 9ms
2025-01-26 23:49:37.130 [http-nio-5001-exec-2] "GET /v1/banner/page HTTP/1.1" INFO  i.g.t.l.common.interceptor.RequestLogInterceptor - [GET] -> [/v1/banner/page] from: 0:0:0:0:0:0:0:1 costs: 9ms
2025-01-26 23:49:40.523 [SpringApplicationShutdownHook] "  " INFO  com.zaxxer.hikari.HikariDataSource - HikariPool-1 - Shutdown initiated...
2025-01-26 23:49:40.528 [SpringApplicationShutdownHook] "  " INFO  com.zaxxer.hikari.HikariDataSource - HikariPool-1 - Shutdown completed.
2025-01-26 23:49:41.740 [background-preinit] "  " INFO  org.hibernate.validator.internal.util.Version - HV000001: Hibernate Validator 6.2.0.Final
2025-01-26 23:49:41.743 [main] "  " INFO  io.github.talelin.latticy.LatticyApplication - Starting LatticyApplication using Java 1.8.0_432 on xuanquandeMBP with PID 19385 (/Users/xuanquan/workplace/java/7yue/lin-cms-spring-boot/target/classes started by xuanquan in /Users/xuanquan/workplace/java/7yue/lin-cms-spring-boot)
2025-01-26 23:49:41.743 [main] "  " INFO  io.github.talelin.latticy.LatticyApplication - The following profiles are active: dev
2025-01-26 23:49:42.184 [main] "  " INFO  o.s.c.s.PostProcessorRegistrationDelegate$BeanPostProcessorChecker - Bean 'commonConfiguration' of type [io.github.talelin.latticy.common.configuration.CommonConfiguration] is not eligible for getting processed by all BeanPostProcessors (for example: not eligible for auto-proxying)
2025-01-26 23:49:42.291 [main] "  " INFO  o.s.boot.web.embedded.tomcat.TomcatWebServer - Tomcat initialized with port(s): 5001 (http)
2025-01-26 23:49:42.294 [main] "  " INFO  org.apache.coyote.http11.Http11NioProtocol - Initializing ProtocolHandler ["http-nio-5001"]
2025-01-26 23:49:42.295 [main] "  " INFO  org.apache.catalina.core.StandardService - Starting service [Tomcat]
2025-01-26 23:49:42.295 [main] "  " INFO  org.apache.catalina.core.StandardEngine - Starting Servlet engine: [Apache Tomcat/9.0.48]
2025-01-26 23:49:42.341 [main] "  " INFO  o.a.c.core.ContainerBase.[Tomcat].[localhost].[/] - Initializing Spring embedded WebApplicationContext
2025-01-26 23:49:42.341 [main] "  " INFO  o.s.b.w.s.c.ServletWebServerApplicationContext - Root WebApplicationContext: initialization completed in 565 ms
2025-01-26 23:49:42.918 [main] "  " INFO  com.zaxxer.hikari.HikariDataSource - HikariPool-1 - Starting...
2025-01-26 23:49:42.977 [main] "  " INFO  com.zaxxer.hikari.HikariDataSource - HikariPool-1 - Start completed.
2025-01-26 23:49:43.014 [main] "  " INFO  org.apache.coyote.http11.Http11NioProtocol - Starting ProtocolHandler ["http-nio-5001"]
2025-01-26 23:49:43.029 [main] "  " INFO  o.s.boot.web.embedded.tomcat.TomcatWebServer - Tomcat started on port(s): 5001 (http) with context path ''
2025-01-26 23:49:43.108 [main] "  " INFO  io.github.talelin.latticy.LatticyApplication - Started LatticyApplication in 1.731 seconds (JVM running for 2.04)
2025-01-26 23:49:46.578 [http-nio-5001-exec-1] "  " INFO  o.a.c.core.ContainerBase.[Tomcat].[localhost].[/] - Initializing Spring DispatcherServlet 'dispatcherServlet'
2025-01-26 23:49:46.578 [http-nio-5001-exec-1] "  " INFO  org.springframework.web.servlet.DispatcherServlet - Initializing Servlet 'dispatcherServlet'
2025-01-26 23:49:46.579 [http-nio-5001-exec-1] "  " INFO  org.springframework.web.servlet.DispatcherServlet - Completed initialization in 1 ms
2025-01-26 23:49:46.671 [http-nio-5001-exec-1] "GET /v1/banner/page HTTP/1.1" INFO  i.g.t.l.common.interceptor.RequestLogInterceptor - [GET] -> [/v1/banner/page] from: 0:0:0:0:0:0:0:1 costs: 85ms
2025-01-26 23:50:20.104 [http-nio-5001-exec-3] "GET /v1/banner/page HTTP/1.1" INFO  i.g.t.l.common.interceptor.RequestLogInterceptor - [GET] -> [/v1/banner/page] from: 0:0:0:0:0:0:0:1 costs: 13ms
2025-01-26 23:50:21.414 [http-nio-5001-exec-4] "GET /v1/banner/page HTTP/1.1" INFO  i.g.t.l.common.interceptor.RequestLogInterceptor - [GET] -> [/v1/banner/page] from: 0:0:0:0:0:0:0:1 costs: 10ms
2025-01-26 23:50:21.966 [http-nio-5001-exec-5] "GET /v1/banner/page HTTP/1.1" INFO  i.g.t.l.common.interceptor.RequestLogInterceptor - [GET] -> [/v1/banner/page] from: 0:0:0:0:0:0:0:1 costs: 11ms
2025-01-26 23:50:22.142 [http-nio-5001-exec-6] "GET /v1/banner/page HTTP/1.1" INFO  i.g.t.l.common.interceptor.RequestLogInterceptor - [GET] -> [/v1/banner/page] from: 0:0:0:0:0:0:0:1 costs: 10ms
2025-01-26 23:50:22.302 [http-nio-5001-exec-7] "GET /v1/banner/page HTTP/1.1" INFO  i.g.t.l.common.interceptor.RequestLogInterceptor - [GET] -> [/v1/banner/page] from: 0:0:0:0:0:0:0:1 costs: 4ms
2025-01-26 23:50:22.952 [http-nio-5001-exec-8] "GET /v1/banner/page HTTP/1.1" INFO  i.g.t.l.common.interceptor.RequestLogInterceptor - [GET] -> [/v1/banner/page] from: 0:0:0:0:0:0:0:1 costs: 10ms
2025-01-26 23:58:08.994 [SpringApplicationShutdownHook] "  " INFO  com.zaxxer.hikari.HikariDataSource - HikariPool-1 - Shutdown initiated...
2025-01-26 23:58:08.998 [SpringApplicationShutdownHook] "  " INFO  com.zaxxer.hikari.HikariDataSource - HikariPool-1 - Shutdown completed.
