2025-01-27 10:07:49.123 [background-preinit] "  " INFO  org.hibernate.validator.internal.util.Version - HV000001: Hibernate Validator 6.2.0.Final
2025-01-27 10:07:49.124 [main] "  " INFO  io.github.talelin.latticy.LatticyApplication - Starting LatticyApplication using Java 1.8.0_432 on xuanquandeMBP with PID 23217 (/Users/xuanquan/workplace/java/7yue/lin-cms-spring-boot/target/classes started by xuanquan in /Users/xuanquan/workplace/java/7yue/lin-cms-spring-boot)
2025-01-27 10:07:49.125 [main] "  " INFO  io.github.talelin.latticy.LatticyApplication - The following profiles are active: dev
2025-01-27 10:07:49.542 [main] "  " INFO  o.s.c.s.PostProcessorRegistrationDelegate$BeanPostProcessorChecker - Bean 'commonConfiguration' of type [io.github.talelin.latticy.common.configuration.CommonConfiguration] is not eligible for getting processed by all BeanPostProcessors (for example: not eligible for auto-proxying)
2025-01-27 10:07:49.645 [main] "  " INFO  o.s.boot.web.embedded.tomcat.TomcatWebServer - Tomcat initialized with port(s): 5001 (http)
2025-01-27 10:07:49.650 [main] "  " INFO  org.apache.coyote.http11.Http11NioProtocol - Initializing ProtocolHandler ["http-nio-5001"]
2025-01-27 10:07:49.651 [main] "  " INFO  org.apache.catalina.core.StandardService - Starting service [Tomcat]
2025-01-27 10:07:49.651 [main] "  " INFO  org.apache.catalina.core.StandardEngine - Starting Servlet engine: [Apache Tomcat/9.0.48]
2025-01-27 10:07:49.676 [main] "  " INFO  o.a.c.core.ContainerBase.[Tomcat].[localhost].[/] - Initializing Spring embedded WebApplicationContext
2025-01-27 10:07:49.676 [main] "  " INFO  o.s.b.w.s.c.ServletWebServerApplicationContext - Root WebApplicationContext: initialization completed in 533 ms
2025-01-27 10:07:50.248 [main] "  " INFO  com.zaxxer.hikari.HikariDataSource - HikariPool-1 - Starting...
2025-01-27 10:07:50.315 [main] "  " INFO  com.zaxxer.hikari.HikariDataSource - HikariPool-1 - Start completed.
2025-01-27 10:07:50.350 [main] "  " INFO  org.apache.coyote.http11.Http11NioProtocol - Starting ProtocolHandler ["http-nio-5001"]
2025-01-27 10:07:50.362 [main] "  " INFO  o.s.boot.web.embedded.tomcat.TomcatWebServer - Tomcat started on port(s): 5001 (http) with context path ''
2025-01-27 10:07:50.435 [main] "  " INFO  io.github.talelin.latticy.LatticyApplication - Started LatticyApplication in 1.528 seconds (JVM running for 1.797)
2025-01-27 10:07:58.908 [http-nio-5001-exec-1] "  " INFO  o.a.c.core.ContainerBase.[Tomcat].[localhost].[/] - Initializing Spring DispatcherServlet 'dispatcherServlet'
2025-01-27 10:07:58.908 [http-nio-5001-exec-1] "  " INFO  org.springframework.web.servlet.DispatcherServlet - Initializing Servlet 'dispatcherServlet'
2025-01-27 10:07:58.910 [http-nio-5001-exec-1] "  " INFO  org.springframework.web.servlet.DispatcherServlet - Completed initialization in 2 ms
2025-01-27 10:08:23.106 [SpringApplicationShutdownHook] "  " INFO  com.zaxxer.hikari.HikariDataSource - HikariPool-1 - Shutdown initiated...
2025-01-27 10:08:23.111 [SpringApplicationShutdownHook] "  " INFO  com.zaxxer.hikari.HikariDataSource - HikariPool-1 - Shutdown completed.
2025-01-27 10:08:24.261 [background-preinit] "  " INFO  org.hibernate.validator.internal.util.Version - HV000001: Hibernate Validator 6.2.0.Final
2025-01-27 10:08:24.263 [main] "  " INFO  io.github.talelin.latticy.LatticyApplication - Starting LatticyApplication using Java 1.8.0_432 on xuanquandeMBP with PID 23238 (/Users/xuanquan/workplace/java/7yue/lin-cms-spring-boot/target/classes started by xuanquan in /Users/xuanquan/workplace/java/7yue/lin-cms-spring-boot)
2025-01-27 10:08:24.264 [main] "  " INFO  io.github.talelin.latticy.LatticyApplication - The following profiles are active: dev
2025-01-27 10:08:24.680 [main] "  " INFO  o.s.c.s.PostProcessorRegistrationDelegate$BeanPostProcessorChecker - Bean 'commonConfiguration' of type [io.github.talelin.latticy.common.configuration.CommonConfiguration] is not eligible for getting processed by all BeanPostProcessors (for example: not eligible for auto-proxying)
2025-01-27 10:08:24.779 [main] "  " INFO  o.s.boot.web.embedded.tomcat.TomcatWebServer - Tomcat initialized with port(s): 5001 (http)
2025-01-27 10:08:24.788 [main] "  " INFO  org.apache.coyote.http11.Http11NioProtocol - Initializing ProtocolHandler ["http-nio-5001"]
2025-01-27 10:08:24.789 [main] "  " INFO  org.apache.catalina.core.StandardService - Starting service [Tomcat]
2025-01-27 10:08:24.789 [main] "  " INFO  org.apache.catalina.core.StandardEngine - Starting Servlet engine: [Apache Tomcat/9.0.48]
2025-01-27 10:08:24.813 [main] "  " INFO  o.a.c.core.ContainerBase.[Tomcat].[localhost].[/] - Initializing Spring embedded WebApplicationContext
2025-01-27 10:08:24.814 [main] "  " INFO  o.s.b.w.s.c.ServletWebServerApplicationContext - Root WebApplicationContext: initialization completed in 532 ms
2025-01-27 10:08:25.394 [main] "  " INFO  com.zaxxer.hikari.HikariDataSource - HikariPool-1 - Starting...
2025-01-27 10:08:25.448 [main] "  " INFO  com.zaxxer.hikari.HikariDataSource - HikariPool-1 - Start completed.
2025-01-27 10:08:25.485 [main] "  " INFO  org.apache.coyote.http11.Http11NioProtocol - Starting ProtocolHandler ["http-nio-5001"]
2025-01-27 10:08:25.498 [main] "  " INFO  o.s.boot.web.embedded.tomcat.TomcatWebServer - Tomcat started on port(s): 5001 (http) with context path ''
2025-01-27 10:08:25.580 [main] "  " INFO  io.github.talelin.latticy.LatticyApplication - Started LatticyApplication in 1.535 seconds (JVM running for 1.812)
2025-01-27 10:08:28.086 [http-nio-5001-exec-1] "  " INFO  o.a.c.core.ContainerBase.[Tomcat].[localhost].[/] - Initializing Spring DispatcherServlet 'dispatcherServlet'
2025-01-27 10:08:28.086 [http-nio-5001-exec-1] "  " INFO  org.springframework.web.servlet.DispatcherServlet - Initializing Servlet 'dispatcherServlet'
2025-01-27 10:08:28.087 [http-nio-5001-exec-1] "  " INFO  org.springframework.web.servlet.DispatcherServlet - Completed initialization in 1 ms
2025-01-27 10:08:28.182 [http-nio-5001-exec-1] "GET /v1/banner/page HTTP/1.1" INFO  i.g.t.l.common.interceptor.RequestLogInterceptor - [GET] -> [/v1/banner/page] from: 0:0:0:0:0:0:0:1 costs: 89ms
2025-01-27 10:08:30.558 [http-nio-5001-exec-3] "GET /v1/banner/page HTTP/1.1" INFO  i.g.t.l.common.interceptor.RequestLogInterceptor - [GET] -> [/v1/banner/page] from: 0:0:0:0:0:0:0:1 costs: 10ms
2025-01-27 10:08:55.859 [http-nio-5001-exec-5] "GET /v1/banner/page HTTP/1.1" INFO  i.g.t.l.common.interceptor.RequestLogInterceptor - [GET] -> [/v1/banner/page] from: 0:0:0:0:0:0:0:1 costs: 10ms
2025-01-27 10:13:01.718 [http-nio-5001-exec-7] "GET /v1/banner/page HTTP/1.1" INFO  i.g.t.l.common.interceptor.RequestLogInterceptor - [GET] -> [/v1/banner/page] from: 0:0:0:0:0:0:0:1 costs: 237845ms
2025-01-27 10:13:02.999 [SpringApplicationShutdownHook] "  " INFO  com.zaxxer.hikari.HikariDataSource - HikariPool-1 - Shutdown initiated...
2025-01-27 10:13:03.002 [SpringApplicationShutdownHook] "  " INFO  com.zaxxer.hikari.HikariDataSource - HikariPool-1 - Shutdown completed.
2025-01-27 10:13:05.130 [background-preinit] "  " INFO  org.hibernate.validator.internal.util.Version - HV000001: Hibernate Validator 6.2.0.Final
2025-01-27 10:13:05.132 [main] "  " INFO  io.github.talelin.latticy.LatticyApplication - Starting LatticyApplication using Java 1.8.0_432 on xuanquandeMBP with PID 23302 (/Users/xuanquan/workplace/java/7yue/lin-cms-spring-boot/target/classes started by xuanquan in /Users/xuanquan/workplace/java/7yue/lin-cms-spring-boot)
2025-01-27 10:13:05.132 [main] "  " INFO  io.github.talelin.latticy.LatticyApplication - The following profiles are active: dev
2025-01-27 10:13:05.551 [main] "  " INFO  o.s.c.s.PostProcessorRegistrationDelegate$BeanPostProcessorChecker - Bean 'commonConfiguration' of type [io.github.talelin.latticy.common.configuration.CommonConfiguration] is not eligible for getting processed by all BeanPostProcessors (for example: not eligible for auto-proxying)
2025-01-27 10:13:05.649 [main] "  " INFO  o.s.boot.web.embedded.tomcat.TomcatWebServer - Tomcat initialized with port(s): 5001 (http)
2025-01-27 10:13:05.658 [main] "  " INFO  org.apache.coyote.http11.Http11NioProtocol - Initializing ProtocolHandler ["http-nio-5001"]
2025-01-27 10:13:05.659 [main] "  " INFO  org.apache.catalina.core.StandardService - Starting service [Tomcat]
2025-01-27 10:13:05.659 [main] "  " INFO  org.apache.catalina.core.StandardEngine - Starting Servlet engine: [Apache Tomcat/9.0.48]
2025-01-27 10:13:05.684 [main] "  " INFO  o.a.c.core.ContainerBase.[Tomcat].[localhost].[/] - Initializing Spring embedded WebApplicationContext
2025-01-27 10:13:05.684 [main] "  " INFO  o.s.b.w.s.c.ServletWebServerApplicationContext - Root WebApplicationContext: initialization completed in 531 ms
2025-01-27 10:13:06.258 [main] "  " INFO  com.zaxxer.hikari.HikariDataSource - HikariPool-1 - Starting...
2025-01-27 10:13:06.311 [main] "  " INFO  com.zaxxer.hikari.HikariDataSource - HikariPool-1 - Start completed.
2025-01-27 10:13:06.346 [main] "  " INFO  org.apache.coyote.http11.Http11NioProtocol - Starting ProtocolHandler ["http-nio-5001"]
2025-01-27 10:13:06.358 [main] "  " INFO  o.s.boot.web.embedded.tomcat.TomcatWebServer - Tomcat started on port(s): 5001 (http) with context path ''
2025-01-27 10:13:06.429 [main] "  " INFO  io.github.talelin.latticy.LatticyApplication - Started LatticyApplication in 1.521 seconds (JVM running for 1.779)
2025-01-27 10:13:28.985 [http-nio-5001-exec-1] "  " INFO  o.a.c.core.ContainerBase.[Tomcat].[localhost].[/] - Initializing Spring DispatcherServlet 'dispatcherServlet'
2025-01-27 10:13:28.985 [http-nio-5001-exec-1] "  " INFO  org.springframework.web.servlet.DispatcherServlet - Initializing Servlet 'dispatcherServlet'
2025-01-27 10:13:28.986 [http-nio-5001-exec-1] "  " INFO  org.springframework.web.servlet.DispatcherServlet - Completed initialization in 1 ms
2025-01-27 10:13:29.084 [http-nio-5001-exec-1] "GET /v1/banner/page HTTP/1.1" INFO  i.g.t.l.common.interceptor.RequestLogInterceptor - [GET] -> [/v1/banner/page] from: 0:0:0:0:0:0:0:1 costs: 92ms
2025-01-27 10:13:38.243 [SpringApplicationShutdownHook] "  " INFO  com.zaxxer.hikari.HikariDataSource - HikariPool-1 - Shutdown initiated...
2025-01-27 10:13:38.247 [SpringApplicationShutdownHook] "  " INFO  com.zaxxer.hikari.HikariDataSource - HikariPool-1 - Shutdown completed.
2025-01-27 10:13:39.354 [background-preinit] "  " INFO  org.hibernate.validator.internal.util.Version - HV000001: Hibernate Validator 6.2.0.Final
2025-01-27 10:13:39.355 [main] "  " INFO  io.github.talelin.latticy.LatticyApplication - Starting LatticyApplication using Java 1.8.0_432 on xuanquandeMBP with PID 23323 (/Users/xuanquan/workplace/java/7yue/lin-cms-spring-boot/target/classes started by xuanquan in /Users/xuanquan/workplace/java/7yue/lin-cms-spring-boot)
2025-01-27 10:13:39.355 [main] "  " INFO  io.github.talelin.latticy.LatticyApplication - The following profiles are active: dev
2025-01-27 10:13:39.771 [main] "  " INFO  o.s.c.s.PostProcessorRegistrationDelegate$BeanPostProcessorChecker - Bean 'commonConfiguration' of type [io.github.talelin.latticy.common.configuration.CommonConfiguration] is not eligible for getting processed by all BeanPostProcessors (for example: not eligible for auto-proxying)
2025-01-27 10:13:39.869 [main] "  " INFO  o.s.boot.web.embedded.tomcat.TomcatWebServer - Tomcat initialized with port(s): 5001 (http)
2025-01-27 10:13:39.877 [main] "  " INFO  org.apache.coyote.http11.Http11NioProtocol - Initializing ProtocolHandler ["http-nio-5001"]
2025-01-27 10:13:39.878 [main] "  " INFO  org.apache.catalina.core.StandardService - Starting service [Tomcat]
2025-01-27 10:13:39.878 [main] "  " INFO  org.apache.catalina.core.StandardEngine - Starting Servlet engine: [Apache Tomcat/9.0.48]
2025-01-27 10:13:39.902 [main] "  " INFO  o.a.c.core.ContainerBase.[Tomcat].[localhost].[/] - Initializing Spring embedded WebApplicationContext
2025-01-27 10:13:39.902 [main] "  " INFO  o.s.b.w.s.c.ServletWebServerApplicationContext - Root WebApplicationContext: initialization completed in 528 ms
2025-01-27 10:13:40.488 [main] "  " INFO  com.zaxxer.hikari.HikariDataSource - HikariPool-1 - Starting...
2025-01-27 10:13:40.545 [main] "  " INFO  com.zaxxer.hikari.HikariDataSource - HikariPool-1 - Start completed.
2025-01-27 10:13:40.581 [main] "  " INFO  org.apache.coyote.http11.Http11NioProtocol - Starting ProtocolHandler ["http-nio-5001"]
2025-01-27 10:13:40.595 [main] "  " INFO  o.s.boot.web.embedded.tomcat.TomcatWebServer - Tomcat started on port(s): 5001 (http) with context path ''
2025-01-27 10:13:40.675 [main] "  " INFO  io.github.talelin.latticy.LatticyApplication - Started LatticyApplication in 1.533 seconds (JVM running for 1.796)
2025-01-27 10:13:45.169 [http-nio-5001-exec-1] "  " INFO  o.a.c.core.ContainerBase.[Tomcat].[localhost].[/] - Initializing Spring DispatcherServlet 'dispatcherServlet'
2025-01-27 10:13:45.169 [http-nio-5001-exec-1] "  " INFO  org.springframework.web.servlet.DispatcherServlet - Initializing Servlet 'dispatcherServlet'
2025-01-27 10:13:45.171 [http-nio-5001-exec-1] "  " INFO  org.springframework.web.servlet.DispatcherServlet - Completed initialization in 2 ms
2025-01-27 10:13:45.268 [http-nio-5001-exec-1] "GET /v1/banner/page HTTP/1.1" INFO  i.g.t.l.common.interceptor.RequestLogInterceptor - [GET] -> [/v1/banner/page] from: 0:0:0:0:0:0:0:1 costs: 91ms
2025-01-27 10:13:47.384 [http-nio-5001-exec-2] "GET /v1/banner/page HTTP/1.1" INFO  i.g.t.l.common.interceptor.RequestLogInterceptor - [GET] -> [/v1/banner/page] from: 0:0:0:0:0:0:0:1 costs: 10ms
2025-01-27 10:13:48.726 [http-nio-5001-exec-3] "GET /v1/banner/page HTTP/1.1" INFO  i.g.t.l.common.interceptor.RequestLogInterceptor - [GET] -> [/v1/banner/page] from: 0:0:0:0:0:0:0:1 costs: 9ms
2025-01-27 10:13:49.234 [http-nio-5001-exec-4] "GET /v1/banner/page HTTP/1.1" INFO  i.g.t.l.common.interceptor.RequestLogInterceptor - [GET] -> [/v1/banner/page] from: 0:0:0:0:0:0:0:1 costs: 12ms
2025-01-27 10:13:49.429 [http-nio-5001-exec-5] "GET /v1/banner/page HTTP/1.1" INFO  i.g.t.l.common.interceptor.RequestLogInterceptor - [GET] -> [/v1/banner/page] from: 0:0:0:0:0:0:0:1 costs: 10ms
2025-01-27 10:13:49.607 [http-nio-5001-exec-6] "GET /v1/banner/page HTTP/1.1" INFO  i.g.t.l.common.interceptor.RequestLogInterceptor - [GET] -> [/v1/banner/page] from: 0:0:0:0:0:0:0:1 costs: 5ms
2025-01-27 10:19:41.941 [SpringApplicationShutdownHook] "  " INFO  com.zaxxer.hikari.HikariDataSource - HikariPool-1 - Shutdown initiated...
2025-01-27 10:19:41.945 [SpringApplicationShutdownHook] "  " INFO  com.zaxxer.hikari.HikariDataSource - HikariPool-1 - Shutdown completed.
2025-01-27 10:19:43.112 [background-preinit] "  " INFO  org.hibernate.validator.internal.util.Version - HV000001: Hibernate Validator 6.2.0.Final
2025-01-27 10:19:43.113 [main] "  " INFO  io.github.talelin.latticy.LatticyApplication - Starting LatticyApplication using Java 1.8.0_432 on xuanquandeMBP with PID 23522 (/Users/xuanquan/workplace/java/7yue/lin-cms-spring-boot/target/classes started by xuanquan in /Users/xuanquan/workplace/java/7yue/lin-cms-spring-boot)
2025-01-27 10:19:43.113 [main] "  " INFO  io.github.talelin.latticy.LatticyApplication - The following profiles are active: dev
2025-01-27 10:19:43.537 [main] "  " INFO  o.s.c.s.PostProcessorRegistrationDelegate$BeanPostProcessorChecker - Bean 'commonConfiguration' of type [io.github.talelin.latticy.common.configuration.CommonConfiguration] is not eligible for getting processed by all BeanPostProcessors (for example: not eligible for auto-proxying)
2025-01-27 10:19:43.649 [main] "  " INFO  o.s.boot.web.embedded.tomcat.TomcatWebServer - Tomcat initialized with port(s): 5001 (http)
2025-01-27 10:19:43.653 [main] "  " INFO  org.apache.coyote.http11.Http11NioProtocol - Initializing ProtocolHandler ["http-nio-5001"]
2025-01-27 10:19:43.653 [main] "  " INFO  org.apache.catalina.core.StandardService - Starting service [Tomcat]
2025-01-27 10:19:43.653 [main] "  " INFO  org.apache.catalina.core.StandardEngine - Starting Servlet engine: [Apache Tomcat/9.0.48]
2025-01-27 10:19:43.700 [main] "  " INFO  o.a.c.core.ContainerBase.[Tomcat].[localhost].[/] - Initializing Spring embedded WebApplicationContext
2025-01-27 10:19:43.700 [main] "  " INFO  o.s.b.w.s.c.ServletWebServerApplicationContext - Root WebApplicationContext: initialization completed in 568 ms
2025-01-27 10:19:44.272 [main] "  " INFO  com.zaxxer.hikari.HikariDataSource - HikariPool-1 - Starting...
2025-01-27 10:19:44.328 [main] "  " INFO  com.zaxxer.hikari.HikariDataSource - HikariPool-1 - Start completed.
2025-01-27 10:19:44.368 [main] "  " INFO  org.apache.coyote.http11.Http11NioProtocol - Starting ProtocolHandler ["http-nio-5001"]
2025-01-27 10:19:44.380 [main] "  " INFO  o.s.boot.web.embedded.tomcat.TomcatWebServer - Tomcat started on port(s): 5001 (http) with context path ''
2025-01-27 10:19:44.454 [main] "  " INFO  io.github.talelin.latticy.LatticyApplication - Started LatticyApplication in 1.646 seconds (JVM running for 1.964)
2025-01-27 10:19:48.461 [http-nio-5001-exec-1] "  " INFO  o.a.c.core.ContainerBase.[Tomcat].[localhost].[/] - Initializing Spring DispatcherServlet 'dispatcherServlet'
2025-01-27 10:19:48.461 [http-nio-5001-exec-1] "  " INFO  org.springframework.web.servlet.DispatcherServlet - Initializing Servlet 'dispatcherServlet'
2025-01-27 10:19:48.463 [http-nio-5001-exec-1] "  " INFO  org.springframework.web.servlet.DispatcherServlet - Completed initialization in 1 ms
2025-01-27 10:19:49.635 [http-nio-5001-exec-2] "GET /v1/banner/page HTTP/1.1" INFO  i.g.t.l.common.interceptor.RequestLogInterceptor - [GET] -> [/v1/banner/page] from: 0:0:0:0:0:0:0:1 costs: 59ms
2025-01-27 10:19:51.383 [http-nio-5001-exec-3] "GET /v1/banner/page HTTP/1.1" INFO  i.g.t.l.common.interceptor.RequestLogInterceptor - [GET] -> [/v1/banner/page] from: 0:0:0:0:0:0:0:1 costs: 4ms
2025-01-27 10:19:52.003 [http-nio-5001-exec-4] "GET /v1/banner/page HTTP/1.1" INFO  i.g.t.l.common.interceptor.RequestLogInterceptor - [GET] -> [/v1/banner/page] from: 0:0:0:0:0:0:0:1 costs: 6ms
2025-01-27 10:19:52.217 [http-nio-5001-exec-5] "GET /v1/banner/page HTTP/1.1" INFO  i.g.t.l.common.interceptor.RequestLogInterceptor - [GET] -> [/v1/banner/page] from: 0:0:0:0:0:0:0:1 costs: 7ms
2025-01-27 10:19:52.424 [http-nio-5001-exec-6] "GET /v1/banner/page HTTP/1.1" INFO  i.g.t.l.common.interceptor.RequestLogInterceptor - [GET] -> [/v1/banner/page] from: 0:0:0:0:0:0:0:1 costs: 6ms
2025-01-27 10:19:52.613 [http-nio-5001-exec-7] "GET /v1/banner/page HTTP/1.1" INFO  i.g.t.l.common.interceptor.RequestLogInterceptor - [GET] -> [/v1/banner/page] from: 0:0:0:0:0:0:0:1 costs: 4ms
2025-01-27 10:20:26.311 [SpringApplicationShutdownHook] "  " INFO  com.zaxxer.hikari.HikariDataSource - HikariPool-1 - Shutdown initiated...
2025-01-27 10:20:26.315 [SpringApplicationShutdownHook] "  " INFO  com.zaxxer.hikari.HikariDataSource - HikariPool-1 - Shutdown completed.
2025-01-27 10:20:28.321 [background-preinit] "  " INFO  org.hibernate.validator.internal.util.Version - HV000001: Hibernate Validator 6.2.0.Final
2025-01-27 10:20:28.323 [main] "  " INFO  io.github.talelin.latticy.LatticyApplication - Starting LatticyApplication using Java 1.8.0_432 on xuanquandeMBP with PID 23558 (/Users/xuanquan/workplace/java/7yue/lin-cms-spring-boot/target/classes started by xuanquan in /Users/xuanquan/workplace/java/7yue/lin-cms-spring-boot)
2025-01-27 10:20:28.323 [main] "  " INFO  io.github.talelin.latticy.LatticyApplication - The following profiles are active: dev
2025-01-27 10:20:28.740 [main] "  " INFO  o.s.c.s.PostProcessorRegistrationDelegate$BeanPostProcessorChecker - Bean 'commonConfiguration' of type [io.github.talelin.latticy.common.configuration.CommonConfiguration] is not eligible for getting processed by all BeanPostProcessors (for example: not eligible for auto-proxying)
2025-01-27 10:20:28.838 [main] "  " INFO  o.s.boot.web.embedded.tomcat.TomcatWebServer - Tomcat initialized with port(s): 5001 (http)
2025-01-27 10:20:28.843 [main] "  " INFO  org.apache.coyote.http11.Http11NioProtocol - Initializing ProtocolHandler ["http-nio-5001"]
2025-01-27 10:20:28.843 [main] "  " INFO  org.apache.catalina.core.StandardService - Starting service [Tomcat]
2025-01-27 10:20:28.843 [main] "  " INFO  org.apache.catalina.core.StandardEngine - Starting Servlet engine: [Apache Tomcat/9.0.48]
2025-01-27 10:20:28.867 [main] "  " INFO  o.a.c.core.ContainerBase.[Tomcat].[localhost].[/] - Initializing Spring embedded WebApplicationContext
2025-01-27 10:20:28.867 [main] "  " INFO  o.s.b.w.s.c.ServletWebServerApplicationContext - Root WebApplicationContext: initialization completed in 525 ms
2025-01-27 10:20:29.466 [main] "  " INFO  com.zaxxer.hikari.HikariDataSource - HikariPool-1 - Starting...
2025-01-27 10:20:29.515 [main] "  " INFO  com.zaxxer.hikari.HikariDataSource - HikariPool-1 - Start completed.
2025-01-27 10:20:29.551 [main] "  " INFO  org.apache.coyote.http11.Http11NioProtocol - Starting ProtocolHandler ["http-nio-5001"]
2025-01-27 10:20:29.564 [main] "  " INFO  o.s.boot.web.embedded.tomcat.TomcatWebServer - Tomcat started on port(s): 5001 (http) with context path ''
2025-01-27 10:20:29.637 [main] "  " INFO  io.github.talelin.latticy.LatticyApplication - Started LatticyApplication in 1.52 seconds (JVM running for 1.774)
2025-01-27 10:20:34.026 [http-nio-5001-exec-1] "  " INFO  o.a.c.core.ContainerBase.[Tomcat].[localhost].[/] - Initializing Spring DispatcherServlet 'dispatcherServlet'
2025-01-27 10:20:34.027 [http-nio-5001-exec-1] "  " INFO  org.springframework.web.servlet.DispatcherServlet - Initializing Servlet 'dispatcherServlet'
2025-01-27 10:20:34.028 [http-nio-5001-exec-1] "  " INFO  org.springframework.web.servlet.DispatcherServlet - Completed initialization in 1 ms
2025-01-27 10:20:34.096 [http-nio-5001-exec-1] "GET /v1/banner/page HTTP/1.1" INFO  i.g.t.l.common.interceptor.RequestLogInterceptor - [GET] -> [/v1/banner/page] from: 0:0:0:0:0:0:0:1 costs: 62ms
2025-01-27 10:20:35.288 [http-nio-5001-exec-2] "GET /v1/banner/page HTTP/1.1" INFO  i.g.t.l.common.interceptor.RequestLogInterceptor - [GET] -> [/v1/banner/page] from: 0:0:0:0:0:0:0:1 costs: 7ms
2025-01-27 10:20:36.277 [http-nio-5001-exec-3] "GET /v1/banner/page HTTP/1.1" INFO  i.g.t.l.common.interceptor.RequestLogInterceptor - [GET] -> [/v1/banner/page] from: 0:0:0:0:0:0:0:1 costs: 6ms
2025-01-27 10:23:17.980 [SpringApplicationShutdownHook] "  " INFO  com.zaxxer.hikari.HikariDataSource - HikariPool-1 - Shutdown initiated...
2025-01-27 10:23:18.009 [SpringApplicationShutdownHook] "  " INFO  com.zaxxer.hikari.HikariDataSource - HikariPool-1 - Shutdown completed.
2025-01-27 10:23:19.291 [background-preinit] "  " INFO  org.hibernate.validator.internal.util.Version - HV000001: Hibernate Validator 6.2.0.Final
2025-01-27 10:23:19.293 [main] "  " INFO  io.github.talelin.latticy.LatticyApplication - Starting LatticyApplication using Java 1.8.0_432 on xuanquandeMBP with PID 23616 (/Users/xuanquan/workplace/java/7yue/lin-cms-spring-boot/target/classes started by xuanquan in /Users/xuanquan/workplace/java/7yue/lin-cms-spring-boot)
2025-01-27 10:23:19.293 [main] "  " INFO  io.github.talelin.latticy.LatticyApplication - The following profiles are active: dev
2025-01-27 10:23:19.723 [main] "  " INFO  o.s.c.s.PostProcessorRegistrationDelegate$BeanPostProcessorChecker - Bean 'commonConfiguration' of type [io.github.talelin.latticy.common.configuration.CommonConfiguration] is not eligible for getting processed by all BeanPostProcessors (for example: not eligible for auto-proxying)
2025-01-27 10:23:19.826 [main] "  " INFO  o.s.boot.web.embedded.tomcat.TomcatWebServer - Tomcat initialized with port(s): 5001 (http)
2025-01-27 10:23:19.831 [main] "  " INFO  org.apache.coyote.http11.Http11NioProtocol - Initializing ProtocolHandler ["http-nio-5001"]
2025-01-27 10:23:19.831 [main] "  " INFO  org.apache.catalina.core.StandardService - Starting service [Tomcat]
2025-01-27 10:23:19.831 [main] "  " INFO  org.apache.catalina.core.StandardEngine - Starting Servlet engine: [Apache Tomcat/9.0.48]
2025-01-27 10:23:19.857 [main] "  " INFO  o.a.c.core.ContainerBase.[Tomcat].[localhost].[/] - Initializing Spring embedded WebApplicationContext
2025-01-27 10:23:19.857 [main] "  " INFO  o.s.b.w.s.c.ServletWebServerApplicationContext - Root WebApplicationContext: initialization completed in 544 ms
2025-01-27 10:23:20.485 [main] "  " INFO  com.zaxxer.hikari.HikariDataSource - HikariPool-1 - Starting...
2025-01-27 10:23:20.540 [main] "  " INFO  com.zaxxer.hikari.HikariDataSource - HikariPool-1 - Start completed.
2025-01-27 10:23:20.576 [main] "  " INFO  org.apache.coyote.http11.Http11NioProtocol - Starting ProtocolHandler ["http-nio-5001"]
2025-01-27 10:23:20.588 [main] "  " INFO  o.s.boot.web.embedded.tomcat.TomcatWebServer - Tomcat started on port(s): 5001 (http) with context path ''
2025-01-27 10:23:20.660 [main] "  " INFO  io.github.talelin.latticy.LatticyApplication - Started LatticyApplication in 1.599 seconds (JVM running for 1.901)
2025-01-27 10:23:29.803 [http-nio-5001-exec-1] "  " INFO  o.a.c.core.ContainerBase.[Tomcat].[localhost].[/] - Initializing Spring DispatcherServlet 'dispatcherServlet'
2025-01-27 10:23:29.803 [http-nio-5001-exec-1] "  " INFO  org.springframework.web.servlet.DispatcherServlet - Initializing Servlet 'dispatcherServlet'
2025-01-27 10:23:29.804 [http-nio-5001-exec-1] "  " INFO  org.springframework.web.servlet.DispatcherServlet - Completed initialization in 1 ms
2025-01-27 10:23:29.870 [http-nio-5001-exec-1] "GET /v1/banner/page HTTP/1.1" INFO  i.g.t.l.common.interceptor.RequestLogInterceptor - [GET] -> [/v1/banner/page] from: 0:0:0:0:0:0:0:1 costs: 60ms
2025-01-27 10:23:33.114 [http-nio-5001-exec-2] "GET /v1/banner/page HTTP/1.1" INFO  i.g.t.l.common.interceptor.RequestLogInterceptor - [GET] -> [/v1/banner/page] from: 0:0:0:0:0:0:0:1 costs: 6ms
2025-01-27 10:25:24.647 [SpringApplicationShutdownHook] "  " INFO  com.zaxxer.hikari.HikariDataSource - HikariPool-1 - Shutdown initiated...
2025-01-27 10:25:24.650 [SpringApplicationShutdownHook] "  " INFO  com.zaxxer.hikari.HikariDataSource - HikariPool-1 - Shutdown completed.
2025-01-27 10:25:25.696 [background-preinit] "  " INFO  org.hibernate.validator.internal.util.Version - HV000001: Hibernate Validator 6.2.0.Final
2025-01-27 10:25:25.699 [main] "  " INFO  io.github.talelin.latticy.LatticyApplication - Starting LatticyApplication using Java 1.8.0_432 on xuanquandeMBP with PID 23683 (/Users/xuanquan/workplace/java/7yue/lin-cms-spring-boot/target/classes started by xuanquan in /Users/xuanquan/workplace/java/7yue/lin-cms-spring-boot)
2025-01-27 10:25:25.699 [main] "  " INFO  io.github.talelin.latticy.LatticyApplication - The following profiles are active: dev
2025-01-27 10:25:26.130 [main] "  " INFO  o.s.c.s.PostProcessorRegistrationDelegate$BeanPostProcessorChecker - Bean 'commonConfiguration' of type [io.github.talelin.latticy.common.configuration.CommonConfiguration] is not eligible for getting processed by all BeanPostProcessors (for example: not eligible for auto-proxying)
2025-01-27 10:25:26.236 [main] "  " INFO  o.s.boot.web.embedded.tomcat.TomcatWebServer - Tomcat initialized with port(s): 5001 (http)
2025-01-27 10:25:26.240 [main] "  " INFO  org.apache.coyote.http11.Http11NioProtocol - Initializing ProtocolHandler ["http-nio-5001"]
2025-01-27 10:25:26.241 [main] "  " INFO  org.apache.catalina.core.StandardService - Starting service [Tomcat]
2025-01-27 10:25:26.241 [main] "  " INFO  org.apache.catalina.core.StandardEngine - Starting Servlet engine: [Apache Tomcat/9.0.48]
2025-01-27 10:25:26.267 [main] "  " INFO  o.a.c.core.ContainerBase.[Tomcat].[localhost].[/] - Initializing Spring embedded WebApplicationContext
2025-01-27 10:25:26.267 [main] "  " INFO  o.s.b.w.s.c.ServletWebServerApplicationContext - Root WebApplicationContext: initialization completed in 549 ms
2025-01-27 10:25:26.853 [main] "  " INFO  com.zaxxer.hikari.HikariDataSource - HikariPool-1 - Starting...
2025-01-27 10:25:26.910 [main] "  " INFO  com.zaxxer.hikari.HikariDataSource - HikariPool-1 - Start completed.
2025-01-27 10:25:26.945 [main] "  " INFO  org.apache.coyote.http11.Http11NioProtocol - Starting ProtocolHandler ["http-nio-5001"]
2025-01-27 10:25:26.957 [main] "  " INFO  o.s.boot.web.embedded.tomcat.TomcatWebServer - Tomcat started on port(s): 5001 (http) with context path ''
2025-01-27 10:25:27.028 [main] "  " INFO  io.github.talelin.latticy.LatticyApplication - Started LatticyApplication in 1.56 seconds (JVM running for 1.837)
2025-01-27 10:25:30.614 [http-nio-5001-exec-1] "  " INFO  o.a.c.core.ContainerBase.[Tomcat].[localhost].[/] - Initializing Spring DispatcherServlet 'dispatcherServlet'
2025-01-27 10:25:30.614 [http-nio-5001-exec-1] "  " INFO  org.springframework.web.servlet.DispatcherServlet - Initializing Servlet 'dispatcherServlet'
2025-01-27 10:25:30.616 [http-nio-5001-exec-1] "  " INFO  org.springframework.web.servlet.DispatcherServlet - Completed initialization in 2 ms
2025-01-27 10:25:30.693 [http-nio-5001-exec-1] "GET /v1/banner/page HTTP/1.1" INFO  i.g.t.l.common.interceptor.RequestLogInterceptor - [GET] -> [/v1/banner/page] from: 0:0:0:0:0:0:0:1 costs: 70ms
2025-01-27 10:25:32.336 [http-nio-5001-exec-4] "GET /v1/banner/page HTTP/1.1" INFO  i.g.t.l.common.interceptor.RequestLogInterceptor - [GET] -> [/v1/banner/page] from: 0:0:0:0:0:0:0:1 costs: 3ms
2025-01-27 10:25:33.605 [http-nio-5001-exec-5] "GET /v1/banner/page HTTP/1.1" INFO  i.g.t.l.common.interceptor.RequestLogInterceptor - [GET] -> [/v1/banner/page] from: 0:0:0:0:0:0:0:1 costs: 7ms
2025-01-27 10:25:34.160 [http-nio-5001-exec-6] "GET /v1/banner/page HTTP/1.1" INFO  i.g.t.l.common.interceptor.RequestLogInterceptor - [GET] -> [/v1/banner/page] from: 0:0:0:0:0:0:0:1 costs: 7ms
2025-01-27 10:25:34.350 [http-nio-5001-exec-7] "GET /v1/banner/page HTTP/1.1" INFO  i.g.t.l.common.interceptor.RequestLogInterceptor - [GET] -> [/v1/banner/page] from: 0:0:0:0:0:0:0:1 costs: 7ms
2025-01-27 10:25:34.519 [http-nio-5001-exec-8] "GET /v1/banner/page HTTP/1.1" INFO  i.g.t.l.common.interceptor.RequestLogInterceptor - [GET] -> [/v1/banner/page] from: 0:0:0:0:0:0:0:1 costs: 3ms
2025-01-27 10:26:23.902 [SpringApplicationShutdownHook] "  " INFO  com.zaxxer.hikari.HikariDataSource - HikariPool-1 - Shutdown initiated...
2025-01-27 10:26:23.906 [SpringApplicationShutdownHook] "  " INFO  com.zaxxer.hikari.HikariDataSource - HikariPool-1 - Shutdown completed.
2025-01-27 10:26:24.933 [background-preinit] "  " INFO  org.hibernate.validator.internal.util.Version - HV000001: Hibernate Validator 6.2.0.Final
2025-01-27 10:26:24.933 [main] "  " INFO  io.github.talelin.latticy.LatticyApplication - Starting LatticyApplication using Java 1.8.0_432 on xuanquandeMBP with PID 23704 (/Users/xuanquan/workplace/java/7yue/lin-cms-spring-boot/target/classes started by xuanquan in /Users/xuanquan/workplace/java/7yue/lin-cms-spring-boot)
2025-01-27 10:26:24.935 [main] "  " INFO  io.github.talelin.latticy.LatticyApplication - The following profiles are active: dev
2025-01-27 10:26:25.351 [main] "  " INFO  o.s.c.s.PostProcessorRegistrationDelegate$BeanPostProcessorChecker - Bean 'commonConfiguration' of type [io.github.talelin.latticy.common.configuration.CommonConfiguration] is not eligible for getting processed by all BeanPostProcessors (for example: not eligible for auto-proxying)
2025-01-27 10:26:25.451 [main] "  " INFO  o.s.boot.web.embedded.tomcat.TomcatWebServer - Tomcat initialized with port(s): 5001 (http)
2025-01-27 10:26:25.460 [main] "  " INFO  org.apache.coyote.http11.Http11NioProtocol - Initializing ProtocolHandler ["http-nio-5001"]
2025-01-27 10:26:25.460 [main] "  " INFO  org.apache.catalina.core.StandardService - Starting service [Tomcat]
2025-01-27 10:26:25.460 [main] "  " INFO  org.apache.catalina.core.StandardEngine - Starting Servlet engine: [Apache Tomcat/9.0.48]
2025-01-27 10:26:25.483 [main] "  " INFO  o.a.c.core.ContainerBase.[Tomcat].[localhost].[/] - Initializing Spring embedded WebApplicationContext
2025-01-27 10:26:25.483 [main] "  " INFO  o.s.b.w.s.c.ServletWebServerApplicationContext - Root WebApplicationContext: initialization completed in 528 ms
2025-01-27 10:26:26.056 [main] "  " INFO  com.zaxxer.hikari.HikariDataSource - HikariPool-1 - Starting...
2025-01-27 10:26:26.111 [main] "  " INFO  com.zaxxer.hikari.HikariDataSource - HikariPool-1 - Start completed.
2025-01-27 10:26:26.145 [main] "  " INFO  org.apache.coyote.http11.Http11NioProtocol - Starting ProtocolHandler ["http-nio-5001"]
2025-01-27 10:26:26.157 [main] "  " INFO  o.s.boot.web.embedded.tomcat.TomcatWebServer - Tomcat started on port(s): 5001 (http) with context path ''
2025-01-27 10:26:26.230 [main] "  " INFO  io.github.talelin.latticy.LatticyApplication - Started LatticyApplication in 1.518 seconds (JVM running for 1.798)
2025-01-27 10:26:29.698 [http-nio-5001-exec-1] "  " INFO  o.a.c.core.ContainerBase.[Tomcat].[localhost].[/] - Initializing Spring DispatcherServlet 'dispatcherServlet'
2025-01-27 10:26:29.698 [http-nio-5001-exec-1] "  " INFO  org.springframework.web.servlet.DispatcherServlet - Initializing Servlet 'dispatcherServlet'
2025-01-27 10:26:29.700 [http-nio-5001-exec-1] "  " INFO  org.springframework.web.servlet.DispatcherServlet - Completed initialization in 2 ms
2025-01-27 10:26:29.776 [http-nio-5001-exec-1] "GET /v1/banner/page HTTP/1.1" INFO  i.g.t.l.common.interceptor.RequestLogInterceptor - [GET] -> [/v1/banner/page] from: 0:0:0:0:0:0:0:1 costs: 69ms
2025-01-27 10:26:30.615 [http-nio-5001-exec-3] "GET /v1/banner/page HTTP/1.1" INFO  i.g.t.l.common.interceptor.RequestLogInterceptor - [GET] -> [/v1/banner/page] from: 0:0:0:0:0:0:0:1 costs: 8ms
2025-01-27 10:26:32.328 [http-nio-5001-exec-5] "GET /v1/banner/page HTTP/1.1" INFO  i.g.t.l.common.interceptor.RequestLogInterceptor - [GET] -> [/v1/banner/page] from: 0:0:0:0:0:0:0:1 costs: 6ms
2025-01-27 10:29:13.184 [http-nio-5001-exec-8] "GET /v1/banner/page HTTP/1.1" INFO  i.g.t.l.common.interceptor.RequestLogInterceptor - [GET] -> [/v1/banner/page] from: 0:0:0:0:0:0:0:1 costs: 93259ms
2025-01-27 10:39:06.479 [SpringApplicationShutdownHook] "  " INFO  com.zaxxer.hikari.HikariDataSource - HikariPool-1 - Shutdown initiated...
2025-01-27 10:39:06.483 [SpringApplicationShutdownHook] "  " INFO  com.zaxxer.hikari.HikariDataSource - HikariPool-1 - Shutdown completed.
2025-01-27 10:39:07.574 [background-preinit] "  " INFO  org.hibernate.validator.internal.util.Version - HV000001: Hibernate Validator 6.2.0.Final
2025-01-27 10:39:07.576 [main] "  " INFO  io.github.talelin.latticy.LatticyApplication - Starting LatticyApplication using Java 1.8.0_432 on xuanquandeMBP with PID 23863 (/Users/xuanquan/workplace/java/7yue/lin-cms-spring-boot/target/classes started by xuanquan in /Users/xuanquan/workplace/java/7yue/lin-cms-spring-boot)
2025-01-27 10:39:07.576 [main] "  " INFO  io.github.talelin.latticy.LatticyApplication - The following profiles are active: dev
2025-01-27 10:39:07.999 [main] "  " INFO  o.s.c.s.PostProcessorRegistrationDelegate$BeanPostProcessorChecker - Bean 'commonConfiguration' of type [io.github.talelin.latticy.common.configuration.CommonConfiguration] is not eligible for getting processed by all BeanPostProcessors (for example: not eligible for auto-proxying)
2025-01-27 10:39:08.096 [main] "  " INFO  o.s.boot.web.embedded.tomcat.TomcatWebServer - Tomcat initialized with port(s): 5001 (http)
2025-01-27 10:39:08.106 [main] "  " INFO  org.apache.coyote.http11.Http11NioProtocol - Initializing ProtocolHandler ["http-nio-5001"]
2025-01-27 10:39:08.106 [main] "  " INFO  org.apache.catalina.core.StandardService - Starting service [Tomcat]
2025-01-27 10:39:08.106 [main] "  " INFO  org.apache.catalina.core.StandardEngine - Starting Servlet engine: [Apache Tomcat/9.0.48]
2025-01-27 10:39:08.134 [main] "  " INFO  o.a.c.core.ContainerBase.[Tomcat].[localhost].[/] - Initializing Spring embedded WebApplicationContext
2025-01-27 10:39:08.134 [main] "  " INFO  o.s.b.w.s.c.ServletWebServerApplicationContext - Root WebApplicationContext: initialization completed in 538 ms
2025-01-27 10:39:08.724 [main] "  " INFO  com.zaxxer.hikari.HikariDataSource - HikariPool-1 - Starting...
2025-01-27 10:39:08.779 [main] "  " INFO  com.zaxxer.hikari.HikariDataSource - HikariPool-1 - Start completed.
2025-01-27 10:39:08.816 [main] "  " INFO  org.apache.coyote.http11.Http11NioProtocol - Starting ProtocolHandler ["http-nio-5001"]
2025-01-27 10:39:08.830 [main] "  " INFO  o.s.boot.web.embedded.tomcat.TomcatWebServer - Tomcat started on port(s): 5001 (http) with context path ''
2025-01-27 10:39:08.927 [main] "  " INFO  io.github.talelin.latticy.LatticyApplication - Started LatticyApplication in 1.567 seconds (JVM running for 1.851)
2025-01-27 10:39:11.865 [http-nio-5001-exec-1] "  " INFO  o.a.c.core.ContainerBase.[Tomcat].[localhost].[/] - Initializing Spring DispatcherServlet 'dispatcherServlet'
2025-01-27 10:39:11.865 [http-nio-5001-exec-1] "  " INFO  org.springframework.web.servlet.DispatcherServlet - Initializing Servlet 'dispatcherServlet'
2025-01-27 10:39:11.866 [http-nio-5001-exec-1] "  " INFO  org.springframework.web.servlet.DispatcherServlet - Completed initialization in 1 ms
2025-01-27 10:40:06.914 [SpringApplicationShutdownHook] "  " INFO  com.zaxxer.hikari.HikariDataSource - HikariPool-1 - Shutdown initiated...
2025-01-27 10:40:06.919 [SpringApplicationShutdownHook] "  " INFO  com.zaxxer.hikari.HikariDataSource - HikariPool-1 - Shutdown completed.
2025-01-27 10:40:08.065 [background-preinit] "  " INFO  org.hibernate.validator.internal.util.Version - HV000001: Hibernate Validator 6.2.0.Final
2025-01-27 10:40:08.066 [main] "  " INFO  io.github.talelin.latticy.LatticyApplication - Starting LatticyApplication using Java 1.8.0_432 on xuanquandeMBP with PID 23895 (/Users/xuanquan/workplace/java/7yue/lin-cms-spring-boot/target/classes started by xuanquan in /Users/xuanquan/workplace/java/7yue/lin-cms-spring-boot)
2025-01-27 10:40:08.067 [main] "  " INFO  io.github.talelin.latticy.LatticyApplication - The following profiles are active: dev
2025-01-27 10:40:08.483 [main] "  " INFO  o.s.c.s.PostProcessorRegistrationDelegate$BeanPostProcessorChecker - Bean 'commonConfiguration' of type [io.github.talelin.latticy.common.configuration.CommonConfiguration] is not eligible for getting processed by all BeanPostProcessors (for example: not eligible for auto-proxying)
2025-01-27 10:40:08.585 [main] "  " INFO  o.s.boot.web.embedded.tomcat.TomcatWebServer - Tomcat initialized with port(s): 5001 (http)
2025-01-27 10:40:08.590 [main] "  " INFO  org.apache.coyote.http11.Http11NioProtocol - Initializing ProtocolHandler ["http-nio-5001"]
2025-01-27 10:40:08.591 [main] "  " INFO  org.apache.catalina.core.StandardService - Starting service [Tomcat]
2025-01-27 10:40:08.591 [main] "  " INFO  org.apache.catalina.core.StandardEngine - Starting Servlet engine: [Apache Tomcat/9.0.48]
2025-01-27 10:40:08.616 [main] "  " INFO  o.a.c.core.ContainerBase.[Tomcat].[localhost].[/] - Initializing Spring embedded WebApplicationContext
2025-01-27 10:40:08.616 [main] "  " INFO  o.s.b.w.s.c.ServletWebServerApplicationContext - Root WebApplicationContext: initialization completed in 530 ms
2025-01-27 10:40:09.208 [main] "  " INFO  com.zaxxer.hikari.HikariDataSource - HikariPool-1 - Starting...
2025-01-27 10:40:09.264 [main] "  " INFO  com.zaxxer.hikari.HikariDataSource - HikariPool-1 - Start completed.
2025-01-27 10:40:09.301 [main] "  " INFO  org.apache.coyote.http11.Http11NioProtocol - Starting ProtocolHandler ["http-nio-5001"]
2025-01-27 10:40:09.316 [main] "  " INFO  o.s.boot.web.embedded.tomcat.TomcatWebServer - Tomcat started on port(s): 5001 (http) with context path ''
2025-01-27 10:40:09.406 [main] "  " INFO  io.github.talelin.latticy.LatticyApplication - Started LatticyApplication in 1.551 seconds (JVM running for 1.82)
2025-01-27 10:40:11.433 [http-nio-5001-exec-1] "  " INFO  o.a.c.core.ContainerBase.[Tomcat].[localhost].[/] - Initializing Spring DispatcherServlet 'dispatcherServlet'
2025-01-27 10:40:11.433 [http-nio-5001-exec-1] "  " INFO  org.springframework.web.servlet.DispatcherServlet - Initializing Servlet 'dispatcherServlet'
2025-01-27 10:40:11.434 [http-nio-5001-exec-1] "  " INFO  org.springframework.web.servlet.DispatcherServlet - Completed initialization in 1 ms
2025-01-27 10:40:40.424 [SpringApplicationShutdownHook] "  " INFO  com.zaxxer.hikari.HikariDataSource - HikariPool-1 - Shutdown initiated...
2025-01-27 10:40:40.428 [SpringApplicationShutdownHook] "  " INFO  com.zaxxer.hikari.HikariDataSource - HikariPool-1 - Shutdown completed.
2025-01-27 10:40:41.593 [background-preinit] "  " INFO  org.hibernate.validator.internal.util.Version - HV000001: Hibernate Validator 6.2.0.Final
2025-01-27 10:40:41.594 [main] "  " INFO  io.github.talelin.latticy.LatticyApplication - Starting LatticyApplication using Java 1.8.0_432 on xuanquandeMBP with PID 23911 (/Users/xuanquan/workplace/java/7yue/lin-cms-spring-boot/target/classes started by xuanquan in /Users/xuanquan/workplace/java/7yue/lin-cms-spring-boot)
2025-01-27 10:40:41.595 [main] "  " INFO  io.github.talelin.latticy.LatticyApplication - The following profiles are active: dev
2025-01-27 10:40:42.010 [main] "  " INFO  o.s.c.s.PostProcessorRegistrationDelegate$BeanPostProcessorChecker - Bean 'commonConfiguration' of type [io.github.talelin.latticy.common.configuration.CommonConfiguration] is not eligible for getting processed by all BeanPostProcessors (for example: not eligible for auto-proxying)
2025-01-27 10:40:42.110 [main] "  " INFO  o.s.boot.web.embedded.tomcat.TomcatWebServer - Tomcat initialized with port(s): 5001 (http)
2025-01-27 10:40:42.119 [main] "  " INFO  org.apache.coyote.http11.Http11NioProtocol - Initializing ProtocolHandler ["http-nio-5001"]
2025-01-27 10:40:42.120 [main] "  " INFO  org.apache.catalina.core.StandardService - Starting service [Tomcat]
2025-01-27 10:40:42.120 [main] "  " INFO  org.apache.catalina.core.StandardEngine - Starting Servlet engine: [Apache Tomcat/9.0.48]
2025-01-27 10:40:42.145 [main] "  " INFO  o.a.c.core.ContainerBase.[Tomcat].[localhost].[/] - Initializing Spring embedded WebApplicationContext
2025-01-27 10:40:42.146 [main] "  " INFO  o.s.b.w.s.c.ServletWebServerApplicationContext - Root WebApplicationContext: initialization completed in 532 ms
2025-01-27 10:40:42.732 [main] "  " INFO  com.zaxxer.hikari.HikariDataSource - HikariPool-1 - Starting...
2025-01-27 10:40:42.788 [main] "  " INFO  com.zaxxer.hikari.HikariDataSource - HikariPool-1 - Start completed.
2025-01-27 10:40:42.826 [main] "  " INFO  org.apache.coyote.http11.Http11NioProtocol - Starting ProtocolHandler ["http-nio-5001"]
2025-01-27 10:40:42.839 [main] "  " INFO  o.s.boot.web.embedded.tomcat.TomcatWebServer - Tomcat started on port(s): 5001 (http) with context path ''
2025-01-27 10:40:42.920 [main] "  " INFO  io.github.talelin.latticy.LatticyApplication - Started LatticyApplication in 1.536 seconds (JVM running for 1.805)
2025-01-27 10:40:45.650 [http-nio-5001-exec-1] "  " INFO  o.a.c.core.ContainerBase.[Tomcat].[localhost].[/] - Initializing Spring DispatcherServlet 'dispatcherServlet'
2025-01-27 10:40:45.650 [http-nio-5001-exec-1] "  " INFO  org.springframework.web.servlet.DispatcherServlet - Initializing Servlet 'dispatcherServlet'
2025-01-27 10:40:45.652 [http-nio-5001-exec-1] "  " INFO  org.springframework.web.servlet.DispatcherServlet - Completed initialization in 2 ms
2025-01-27 10:40:45.749 [http-nio-5001-exec-1] "PUT /v1/banner/1 HTTP/1.1" INFO  i.g.t.l.common.interceptor.RequestLogInterceptor - [PUT] -> [/v1/banner/1] from: 0:0:0:0:0:0:0:1 costs: 90ms
2025-01-27 10:42:57.970 [http-nio-5001-exec-5] "PUT /v1/banner/1 HTTP/1.1" INFO  i.g.t.l.common.interceptor.RequestLogInterceptor - [PUT] -> [/v1/banner/1] from: 0:0:0:0:0:0:0:1 costs: 10012ms
2025-01-27 10:43:29.303 [http-nio-5001-exec-6] "GET /v1/banner/page HTTP/1.1" INFO  i.g.t.l.common.interceptor.RequestLogInterceptor - [GET] -> [/v1/banner/page] from: 0:0:0:0:0:0:0:1 costs: 31ms
2025-01-27 10:44:48.291 [http-nio-5001-exec-3] "GET /v1/banner/page HTTP/1.1" INFO  i.g.t.l.common.interceptor.RequestLogInterceptor - [GET] -> [/v1/banner/page] from: 0:0:0:0:0:0:0:1 costs: 15ms
2025-01-27 10:48:35.189 [SpringApplicationShutdownHook] "  " INFO  com.zaxxer.hikari.HikariDataSource - HikariPool-1 - Shutdown initiated...
2025-01-27 10:48:35.193 [SpringApplicationShutdownHook] "  " INFO  com.zaxxer.hikari.HikariDataSource - HikariPool-1 - Shutdown completed.
2025-01-27 10:48:36.322 [background-preinit] "  " INFO  org.hibernate.validator.internal.util.Version - HV000001: Hibernate Validator 6.2.0.Final
2025-01-27 10:48:36.324 [main] "  " INFO  io.github.talelin.latticy.LatticyApplication - Starting LatticyApplication using Java 1.8.0_432 on xuanquandeMBP with PID 24009 (/Users/xuanquan/workplace/java/7yue/lin-cms-spring-boot/target/classes started by xuanquan in /Users/xuanquan/workplace/java/7yue/lin-cms-spring-boot)
2025-01-27 10:48:36.324 [main] "  " INFO  io.github.talelin.latticy.LatticyApplication - The following profiles are active: dev
2025-01-27 10:48:36.736 [main] "  " INFO  o.s.c.s.PostProcessorRegistrationDelegate$BeanPostProcessorChecker - Bean 'commonConfiguration' of type [io.github.talelin.latticy.common.configuration.CommonConfiguration] is not eligible for getting processed by all BeanPostProcessors (for example: not eligible for auto-proxying)
2025-01-27 10:48:36.834 [main] "  " INFO  o.s.boot.web.embedded.tomcat.TomcatWebServer - Tomcat initialized with port(s): 5001 (http)
2025-01-27 10:48:36.842 [main] "  " INFO  org.apache.coyote.http11.Http11NioProtocol - Initializing ProtocolHandler ["http-nio-5001"]
2025-01-27 10:48:36.843 [main] "  " INFO  org.apache.catalina.core.StandardService - Starting service [Tomcat]
2025-01-27 10:48:36.843 [main] "  " INFO  org.apache.catalina.core.StandardEngine - Starting Servlet engine: [Apache Tomcat/9.0.48]
2025-01-27 10:48:36.869 [main] "  " INFO  o.a.c.core.ContainerBase.[Tomcat].[localhost].[/] - Initializing Spring embedded WebApplicationContext
2025-01-27 10:48:36.869 [main] "  " INFO  o.s.b.w.s.c.ServletWebServerApplicationContext - Root WebApplicationContext: initialization completed in 526 ms
2025-01-27 10:48:37.456 [main] "  " INFO  com.zaxxer.hikari.HikariDataSource - HikariPool-1 - Starting...
2025-01-27 10:48:38.556 [main] "  " INFO  org.apache.coyote.http11.Http11NioProtocol - Starting ProtocolHandler ["http-nio-5001"]
2025-01-27 10:48:38.568 [main] "  " INFO  o.s.boot.web.embedded.tomcat.TomcatWebServer - Tomcat started on port(s): 5001 (http) with context path ''
2025-01-27 10:48:38.598 [main] "  " INFO  com.zaxxer.hikari.HikariDataSource - HikariPool-1 - Starting...
2025-01-27 10:48:40.781 [main] "  " INFO  org.apache.coyote.http11.Http11NioProtocol - Pausing ProtocolHandler ["http-nio-5001"]
2025-01-27 10:48:40.782 [main] "  " INFO  org.apache.catalina.core.StandardService - Stopping service [Tomcat]
2025-01-27 10:48:40.786 [main] "  " INFO  org.apache.coyote.http11.Http11NioProtocol - Stopping ProtocolHandler ["http-nio-5001"]
2025-01-27 10:48:40.789 [main] "  " INFO  org.apache.coyote.http11.Http11NioProtocol - Destroying ProtocolHandler ["http-nio-5001"]
2025-01-27 10:48:40.791 [main] "  " INFO  o.s.b.a.l.ConditionEvaluationReportLoggingListener - 

Error starting ApplicationContext. To display the conditions report re-run your application with 'debug' enabled.
2025-01-27 10:50:39.995 [main] "  " INFO  io.github.talelin.latticy.LatticyApplication - Starting LatticyApplication using Java 1.8.0_432 on xuanquandeMBP with PID 24083 (/Users/xuanquan/workplace/java/7yue/lin-cms-spring-boot/target/classes started by xuanquan in /Users/xuanquan/workplace/java/7yue/lin-cms-spring-boot)
2025-01-27 10:50:39.995 [background-preinit] "  " INFO  org.hibernate.validator.internal.util.Version - HV000001: Hibernate Validator 6.2.0.Final
2025-01-27 10:50:39.996 [main] "  " INFO  io.github.talelin.latticy.LatticyApplication - The following profiles are active: dev
2025-01-27 10:50:40.417 [main] "  " INFO  o.s.c.s.PostProcessorRegistrationDelegate$BeanPostProcessorChecker - Bean 'commonConfiguration' of type [io.github.talelin.latticy.common.configuration.CommonConfiguration] is not eligible for getting processed by all BeanPostProcessors (for example: not eligible for auto-proxying)
2025-01-27 10:50:40.515 [main] "  " INFO  o.s.boot.web.embedded.tomcat.TomcatWebServer - Tomcat initialized with port(s): 5001 (http)
2025-01-27 10:50:40.524 [main] "  " INFO  org.apache.coyote.http11.Http11NioProtocol - Initializing ProtocolHandler ["http-nio-5001"]
2025-01-27 10:50:40.524 [main] "  " INFO  org.apache.catalina.core.StandardService - Starting service [Tomcat]
2025-01-27 10:50:40.524 [main] "  " INFO  org.apache.catalina.core.StandardEngine - Starting Servlet engine: [Apache Tomcat/9.0.48]
2025-01-27 10:50:40.550 [main] "  " INFO  o.a.c.core.ContainerBase.[Tomcat].[localhost].[/] - Initializing Spring embedded WebApplicationContext
2025-01-27 10:50:40.551 [main] "  " INFO  o.s.b.w.s.c.ServletWebServerApplicationContext - Root WebApplicationContext: initialization completed in 536 ms
2025-01-27 10:50:41.134 [main] "  " INFO  com.zaxxer.hikari.HikariDataSource - HikariPool-1 - Starting...
2025-01-27 10:50:41.190 [main] "  " INFO  com.zaxxer.hikari.HikariDataSource - HikariPool-1 - Start completed.
2025-01-27 10:50:41.225 [main] "  " INFO  org.apache.coyote.http11.Http11NioProtocol - Starting ProtocolHandler ["http-nio-5001"]
2025-01-27 10:50:41.237 [main] "  " INFO  o.s.boot.web.embedded.tomcat.TomcatWebServer - Tomcat started on port(s): 5001 (http) with context path ''
2025-01-27 10:50:41.320 [main] "  " INFO  io.github.talelin.latticy.LatticyApplication - Started LatticyApplication in 1.536 seconds (JVM running for 1.825)
2025-01-27 10:50:46.505 [http-nio-5001-exec-1] "  " INFO  o.a.c.core.ContainerBase.[Tomcat].[localhost].[/] - Initializing Spring DispatcherServlet 'dispatcherServlet'
2025-01-27 10:50:46.506 [http-nio-5001-exec-1] "  " INFO  org.springframework.web.servlet.DispatcherServlet - Initializing Servlet 'dispatcherServlet'
2025-01-27 10:50:46.507 [http-nio-5001-exec-1] "  " INFO  org.springframework.web.servlet.DispatcherServlet - Completed initialization in 1 ms
2025-01-27 10:50:46.579 [http-nio-5001-exec-1] "GET /v1/banner/page HTTP/1.1" INFO  i.g.t.l.common.interceptor.RequestLogInterceptor - [GET] -> [/v1/banner/page] from: 0:0:0:0:0:0:0:1 costs: 68ms
2025-01-27 10:50:49.684 [http-nio-5001-exec-3] "PUT /v1/banner/1 HTTP/1.1" INFO  i.g.t.l.common.interceptor.RequestLogInterceptor - [PUT] -> [/v1/banner/1] from: 0:0:0:0:0:0:0:1 costs: 35ms
2025-01-27 10:52:46.109 [http-nio-5001-exec-5] "PUT /v1/banner/1 HTTP/1.1" INFO  i.g.t.l.common.interceptor.RequestLogInterceptor - [PUT] -> [/v1/banner/1] from: 0:0:0:0:0:0:0:1 costs: 17ms
2025-01-27 10:52:50.943 [http-nio-5001-exec-7] "GET /v1/banner/page HTTP/1.1" INFO  i.g.t.l.common.interceptor.RequestLogInterceptor - [GET] -> [/v1/banner/page] from: 0:0:0:0:0:0:0:1 costs: 9ms
2025-01-27 10:53:57.566 [SpringApplicationShutdownHook] "  " INFO  com.zaxxer.hikari.HikariDataSource - HikariPool-1 - Shutdown initiated...
2025-01-27 10:53:57.571 [SpringApplicationShutdownHook] "  " INFO  com.zaxxer.hikari.HikariDataSource - HikariPool-1 - Shutdown completed.
2025-01-27 10:53:58.632 [background-preinit] "  " INFO  org.hibernate.validator.internal.util.Version - HV000001: Hibernate Validator 6.2.0.Final
2025-01-27 10:53:58.634 [main] "  " INFO  io.github.talelin.latticy.LatticyApplication - Starting LatticyApplication using Java 1.8.0_432 on xuanquandeMBP with PID 24183 (/Users/xuanquan/workplace/java/7yue/lin-cms-spring-boot/target/classes started by xuanquan in /Users/xuanquan/workplace/java/7yue/lin-cms-spring-boot)
2025-01-27 10:53:58.634 [main] "  " INFO  io.github.talelin.latticy.LatticyApplication - The following profiles are active: dev
2025-01-27 10:53:59.052 [main] "  " INFO  o.s.c.s.PostProcessorRegistrationDelegate$BeanPostProcessorChecker - Bean 'commonConfiguration' of type [io.github.talelin.latticy.common.configuration.CommonConfiguration] is not eligible for getting processed by all BeanPostProcessors (for example: not eligible for auto-proxying)
2025-01-27 10:53:59.150 [main] "  " INFO  o.s.boot.web.embedded.tomcat.TomcatWebServer - Tomcat initialized with port(s): 5001 (http)
2025-01-27 10:53:59.159 [main] "  " INFO  org.apache.coyote.http11.Http11NioProtocol - Initializing ProtocolHandler ["http-nio-5001"]
2025-01-27 10:53:59.159 [main] "  " INFO  org.apache.catalina.core.StandardService - Starting service [Tomcat]
2025-01-27 10:53:59.159 [main] "  " INFO  org.apache.catalina.core.StandardEngine - Starting Servlet engine: [Apache Tomcat/9.0.48]
2025-01-27 10:53:59.185 [main] "  " INFO  o.a.c.core.ContainerBase.[Tomcat].[localhost].[/] - Initializing Spring embedded WebApplicationContext
2025-01-27 10:53:59.185 [main] "  " INFO  o.s.b.w.s.c.ServletWebServerApplicationContext - Root WebApplicationContext: initialization completed in 531 ms
2025-01-27 10:53:59.783 [main] "  " INFO  com.zaxxer.hikari.HikariDataSource - HikariPool-1 - Starting...
2025-01-27 10:53:59.836 [main] "  " INFO  com.zaxxer.hikari.HikariDataSource - HikariPool-1 - Start completed.
2025-01-27 10:53:59.876 [main] "  " INFO  org.apache.coyote.http11.Http11NioProtocol - Starting ProtocolHandler ["http-nio-5001"]
2025-01-27 10:53:59.890 [main] "  " INFO  o.s.boot.web.embedded.tomcat.TomcatWebServer - Tomcat started on port(s): 5001 (http) with context path ''
2025-01-27 10:53:59.975 [main] "  " INFO  io.github.talelin.latticy.LatticyApplication - Started LatticyApplication in 1.556 seconds (JVM running for 1.837)
2025-01-27 10:55:09.565 [SpringApplicationShutdownHook] "  " INFO  com.zaxxer.hikari.HikariDataSource - HikariPool-1 - Shutdown initiated...
2025-01-27 10:55:09.568 [SpringApplicationShutdownHook] "  " INFO  com.zaxxer.hikari.HikariDataSource - HikariPool-1 - Shutdown completed.
2025-01-27 10:55:11.595 [background-preinit] "  " INFO  org.hibernate.validator.internal.util.Version - HV000001: Hibernate Validator 6.2.0.Final
2025-01-27 10:55:11.595 [main] "  " INFO  io.github.talelin.latticy.LatticyApplication - Starting LatticyApplication using Java 1.8.0_432 on xuanquandeMBP with PID 24264 (/Users/xuanquan/workplace/java/7yue/lin-cms-spring-boot/target/classes started by xuanquan in /Users/xuanquan/workplace/java/7yue/lin-cms-spring-boot)
2025-01-27 10:55:11.596 [main] "  " INFO  io.github.talelin.latticy.LatticyApplication - The following profiles are active: dev
2025-01-27 10:55:12.009 [main] "  " INFO  o.s.c.s.PostProcessorRegistrationDelegate$BeanPostProcessorChecker - Bean 'commonConfiguration' of type [io.github.talelin.latticy.common.configuration.CommonConfiguration] is not eligible for getting processed by all BeanPostProcessors (for example: not eligible for auto-proxying)
2025-01-27 10:55:12.110 [main] "  " INFO  o.s.boot.web.embedded.tomcat.TomcatWebServer - Tomcat initialized with port(s): 5001 (http)
2025-01-27 10:55:12.115 [main] "  " INFO  org.apache.coyote.http11.Http11NioProtocol - Initializing ProtocolHandler ["http-nio-5001"]
2025-01-27 10:55:12.115 [main] "  " INFO  org.apache.catalina.core.StandardService - Starting service [Tomcat]
2025-01-27 10:55:12.116 [main] "  " INFO  org.apache.catalina.core.StandardEngine - Starting Servlet engine: [Apache Tomcat/9.0.48]
2025-01-27 10:55:12.140 [main] "  " INFO  o.a.c.core.ContainerBase.[Tomcat].[localhost].[/] - Initializing Spring embedded WebApplicationContext
2025-01-27 10:55:12.140 [main] "  " INFO  o.s.b.w.s.c.ServletWebServerApplicationContext - Root WebApplicationContext: initialization completed in 525 ms
2025-01-27 10:55:12.729 [main] "  " INFO  com.zaxxer.hikari.HikariDataSource - HikariPool-1 - Starting...
2025-01-27 10:55:12.777 [main] "  " INFO  com.zaxxer.hikari.HikariDataSource - HikariPool-1 - Start completed.
2025-01-27 10:55:12.813 [main] "  " INFO  org.apache.coyote.http11.Http11NioProtocol - Starting ProtocolHandler ["http-nio-5001"]
2025-01-27 10:55:12.825 [main] "  " INFO  o.s.boot.web.embedded.tomcat.TomcatWebServer - Tomcat started on port(s): 5001 (http) with context path ''
2025-01-27 10:55:12.900 [main] "  " INFO  io.github.talelin.latticy.LatticyApplication - Started LatticyApplication in 1.52 seconds (JVM running for 1.775)
2025-01-27 10:55:15.748 [http-nio-5001-exec-2] "  " INFO  o.a.c.core.ContainerBase.[Tomcat].[localhost].[/] - Initializing Spring DispatcherServlet 'dispatcherServlet'
2025-01-27 10:55:15.749 [http-nio-5001-exec-2] "  " INFO  org.springframework.web.servlet.DispatcherServlet - Initializing Servlet 'dispatcherServlet'
2025-01-27 10:55:15.750 [http-nio-5001-exec-2] "  " INFO  org.springframework.web.servlet.DispatcherServlet - Completed initialization in 1 ms
2025-01-27 10:55:15.834 [http-nio-5001-exec-2] "GET /v1/banner/page HTTP/1.1" INFO  i.g.t.l.common.interceptor.RequestLogInterceptor - [GET] -> [/v1/banner/page] from: 0:0:0:0:0:0:0:1 costs: 77ms
2025-01-27 10:55:16.870 [http-nio-5001-exec-3] "GET /v1/banner/page HTTP/1.1" INFO  i.g.t.l.common.interceptor.RequestLogInterceptor - [GET] -> [/v1/banner/page] from: 0:0:0:0:0:0:0:1 costs: 9ms
2025-01-27 10:55:17.629 [http-nio-5001-exec-4] "GET /v1/banner/page HTTP/1.1" INFO  i.g.t.l.common.interceptor.RequestLogInterceptor - [GET] -> [/v1/banner/page] from: 0:0:0:0:0:0:0:1 costs: 7ms
2025-01-27 10:55:18.419 [http-nio-5001-exec-5] "GET /v1/banner/page HTTP/1.1" INFO  i.g.t.l.common.interceptor.RequestLogInterceptor - [GET] -> [/v1/banner/page] from: 0:0:0:0:0:0:0:1 costs: 7ms
2025-01-27 10:55:19.096 [http-nio-5001-exec-6] "GET /v1/banner/page HTTP/1.1" INFO  i.g.t.l.common.interceptor.RequestLogInterceptor - [GET] -> [/v1/banner/page] from: 0:0:0:0:0:0:0:1 costs: 7ms
2025-01-27 11:05:58.278 [SpringApplicationShutdownHook] "  " INFO  com.zaxxer.hikari.HikariDataSource - HikariPool-1 - Shutdown initiated...
2025-01-27 11:05:58.283 [SpringApplicationShutdownHook] "  " INFO  com.zaxxer.hikari.HikariDataSource - HikariPool-1 - Shutdown completed.
2025-01-27 11:06:00.373 [main] "  " INFO  io.github.talelin.latticy.LatticyApplication - Starting LatticyApplication using Java 1.8.0_432 on xuanquandeMBP with PID 24500 (/Users/xuanquan/workplace/java/7yue/lin-cms-spring-boot/target/classes started by xuanquan in /Users/xuanquan/workplace/java/7yue/lin-cms-spring-boot)
2025-01-27 11:06:00.373 [background-preinit] "  " INFO  org.hibernate.validator.internal.util.Version - HV000001: Hibernate Validator 6.2.0.Final
2025-01-27 11:06:00.375 [main] "  " INFO  io.github.talelin.latticy.LatticyApplication - The following profiles are active: dev
2025-01-27 11:06:00.807 [main] "  " INFO  o.s.c.s.PostProcessorRegistrationDelegate$BeanPostProcessorChecker - Bean 'commonConfiguration' of type [io.github.talelin.latticy.common.configuration.CommonConfiguration] is not eligible for getting processed by all BeanPostProcessors (for example: not eligible for auto-proxying)
2025-01-27 11:06:00.937 [main] "  " INFO  o.s.boot.web.embedded.tomcat.TomcatWebServer - Tomcat initialized with port(s): 5001 (http)
2025-01-27 11:06:00.942 [main] "  " INFO  org.apache.coyote.http11.Http11NioProtocol - Initializing ProtocolHandler ["http-nio-5001"]
2025-01-27 11:06:00.942 [main] "  " INFO  org.apache.catalina.core.StandardService - Starting service [Tomcat]
2025-01-27 11:06:00.943 [main] "  " INFO  org.apache.catalina.core.StandardEngine - Starting Servlet engine: [Apache Tomcat/9.0.48]
2025-01-27 11:06:00.980 [main] "  " INFO  o.a.c.core.ContainerBase.[Tomcat].[localhost].[/] - Initializing Spring embedded WebApplicationContext
2025-01-27 11:06:00.980 [main] "  " INFO  o.s.b.w.s.c.ServletWebServerApplicationContext - Root WebApplicationContext: initialization completed in 587 ms
2025-01-27 11:06:01.713 [main] "  " INFO  com.zaxxer.hikari.HikariDataSource - HikariPool-1 - Starting...
2025-01-27 11:06:01.761 [main] "  " INFO  com.zaxxer.hikari.HikariDataSource - HikariPool-1 - Start completed.
2025-01-27 11:06:01.803 [main] "  " INFO  org.apache.coyote.http11.Http11NioProtocol - Starting ProtocolHandler ["http-nio-5001"]
2025-01-27 11:06:01.815 [main] "  " INFO  o.s.boot.web.embedded.tomcat.TomcatWebServer - Tomcat started on port(s): 5001 (http) with context path ''
2025-01-27 11:06:01.886 [main] "  " INFO  io.github.talelin.latticy.LatticyApplication - Started LatticyApplication in 1.718 seconds (JVM running for 2.033)
2025-01-27 11:06:13.856 [http-nio-5001-exec-2] "  " INFO  o.a.c.core.ContainerBase.[Tomcat].[localhost].[/] - Initializing Spring DispatcherServlet 'dispatcherServlet'
2025-01-27 11:06:13.856 [http-nio-5001-exec-2] "  " INFO  org.springframework.web.servlet.DispatcherServlet - Initializing Servlet 'dispatcherServlet'
2025-01-27 11:06:13.858 [http-nio-5001-exec-2] "  " INFO  org.springframework.web.servlet.DispatcherServlet - Completed initialization in 2 ms
2025-01-27 11:06:13.923 [http-nio-5001-exec-2] "GET /v1/banner/all HTTP/1.1" INFO  i.g.t.l.common.interceptor.RequestLogInterceptor - [GET] -> [/v1/banner/all] from: 0:0:0:0:0:0:0:1 costs: 58ms
2025-01-27 11:07:04.768 [SpringApplicationShutdownHook] "  " INFO  com.zaxxer.hikari.HikariDataSource - HikariPool-1 - Shutdown initiated...
2025-01-27 11:07:04.772 [SpringApplicationShutdownHook] "  " INFO  com.zaxxer.hikari.HikariDataSource - HikariPool-1 - Shutdown completed.
2025-01-27 11:07:06.805 [background-preinit] "  " INFO  org.hibernate.validator.internal.util.Version - HV000001: Hibernate Validator 6.2.0.Final
2025-01-27 11:07:06.805 [main] "  " INFO  io.github.talelin.latticy.LatticyApplication - Starting LatticyApplication using Java 1.8.0_432 on xuanquandeMBP with PID 24527 (/Users/xuanquan/workplace/java/7yue/lin-cms-spring-boot/target/classes started by xuanquan in /Users/xuanquan/workplace/java/7yue/lin-cms-spring-boot)
2025-01-27 11:07:06.806 [main] "  " INFO  io.github.talelin.latticy.LatticyApplication - The following profiles are active: dev
2025-01-27 11:07:07.213 [main] "  " INFO  o.s.c.s.PostProcessorRegistrationDelegate$BeanPostProcessorChecker - Bean 'commonConfiguration' of type [io.github.talelin.latticy.common.configuration.CommonConfiguration] is not eligible for getting processed by all BeanPostProcessors (for example: not eligible for auto-proxying)
2025-01-27 11:07:07.311 [main] "  " INFO  o.s.boot.web.embedded.tomcat.TomcatWebServer - Tomcat initialized with port(s): 5001 (http)
2025-01-27 11:07:07.320 [main] "  " INFO  org.apache.coyote.http11.Http11NioProtocol - Initializing ProtocolHandler ["http-nio-5001"]
2025-01-27 11:07:07.320 [main] "  " INFO  org.apache.catalina.core.StandardService - Starting service [Tomcat]
2025-01-27 11:07:07.320 [main] "  " INFO  org.apache.catalina.core.StandardEngine - Starting Servlet engine: [Apache Tomcat/9.0.48]
2025-01-27 11:07:07.343 [main] "  " INFO  o.a.c.core.ContainerBase.[Tomcat].[localhost].[/] - Initializing Spring embedded WebApplicationContext
2025-01-27 11:07:07.343 [main] "  " INFO  o.s.b.w.s.c.ServletWebServerApplicationContext - Root WebApplicationContext: initialization completed in 519 ms
2025-01-27 11:07:07.920 [main] "  " INFO  com.zaxxer.hikari.HikariDataSource - HikariPool-1 - Starting...
2025-01-27 11:07:07.973 [main] "  " INFO  com.zaxxer.hikari.HikariDataSource - HikariPool-1 - Start completed.
2025-01-27 11:07:08.009 [main] "  " INFO  org.apache.coyote.http11.Http11NioProtocol - Starting ProtocolHandler ["http-nio-5001"]
2025-01-27 11:07:08.022 [main] "  " INFO  o.s.boot.web.embedded.tomcat.TomcatWebServer - Tomcat started on port(s): 5001 (http) with context path ''
2025-01-27 11:07:08.091 [main] "  " INFO  io.github.talelin.latticy.LatticyApplication - Started LatticyApplication in 1.496 seconds (JVM running for 1.76)
2025-01-27 11:07:12.016 [http-nio-5001-exec-2] "  " INFO  o.a.c.core.ContainerBase.[Tomcat].[localhost].[/] - Initializing Spring DispatcherServlet 'dispatcherServlet'
2025-01-27 11:07:12.016 [http-nio-5001-exec-2] "  " INFO  org.springframework.web.servlet.DispatcherServlet - Initializing Servlet 'dispatcherServlet'
2025-01-27 11:07:12.017 [http-nio-5001-exec-2] "  " INFO  org.springframework.web.servlet.DispatcherServlet - Completed initialization in 1 ms
2025-01-27 11:07:12.079 [http-nio-5001-exec-2] "GET /v1/banner/all HTTP/1.1" INFO  i.g.t.l.common.interceptor.RequestLogInterceptor - [GET] -> [/v1/banner/all] from: 0:0:0:0:0:0:0:1 costs: 56ms
2025-01-27 11:07:13.130 [http-nio-5001-exec-3] "GET /v1/banner/all HTTP/1.1" INFO  i.g.t.l.common.interceptor.RequestLogInterceptor - [GET] -> [/v1/banner/all] from: 0:0:0:0:0:0:0:1 costs: 7ms
2025-01-27 11:07:37.523 [http-nio-5001-exec-4] "GET /v1/banner/all HTTP/1.1" INFO  i.g.t.l.common.interceptor.RequestLogInterceptor - [GET] -> [/v1/banner/all] from: 0:0:0:0:0:0:0:1 costs: 7654ms
2025-01-27 11:07:45.299 [http-nio-5001-exec-5] "GET /v1/banner/page HTTP/1.1" INFO  i.g.t.l.common.interceptor.RequestLogInterceptor - [GET] -> [/v1/banner/page] from: 0:0:0:0:0:0:0:1 costs: 53ms
2025-01-27 11:15:35.224 [http-nio-5001-exec-7] "GET /v1/book/search HTTP/1.1" INFO  i.g.t.l.common.interceptor.RequestLogInterceptor - [GET] -> [/v1/book/search] from: 0:0:0:0:0:0:0:1 costs: 31ms
2025-01-27 11:20:09.391 [http-nio-5001-exec-1] "GET /v1/banner/page HTTP/1.1" INFO  i.g.t.l.common.interceptor.RequestLogInterceptor - [GET] -> [/v1/banner/page] from: 0:0:0:0:0:0:0:1 costs: 13ms
2025-01-27 11:20:22.604 [http-nio-5001-exec-2] "GET /v1/banner/page HTTP/1.1" INFO  i.g.t.l.common.interceptor.RequestLogInterceptor - [GET] -> [/v1/banner/page] from: 0:0:0:0:0:0:0:1 costs: 12ms
2025-01-27 11:26:16.270 [http-nio-5001-exec-4] "OPTIONS /cms/user/captcha HTTP/1.1" INFO  i.g.t.l.common.interceptor.RequestLogInterceptor - [OPTIONS] -> [/cms/user/captcha] from: 0:0:0:0:0:0:0:1 costs: 8ms
2025-01-27 11:26:16.286 [http-nio-5001-exec-5] "POST /cms/user/captcha HTTP/1.1" INFO  i.g.t.l.common.interceptor.RequestLogInterceptor - [POST] -> [/cms/user/captcha] from: 0:0:0:0:0:0:0:1 costs: 10ms
2025-01-27 11:26:22.169 [http-nio-5001-exec-8] "OPTIONS /cms/user/login HTTP/1.1" INFO  i.g.t.l.common.interceptor.RequestLogInterceptor - [OPTIONS] -> [/cms/user/login] from: 0:0:0:0:0:0:0:1 costs: 1ms
2025-01-27 11:26:22.330 [http-nio-5001-exec-7] "POST /cms/user/login HTTP/1.1" INFO  i.g.t.l.common.interceptor.RequestLogInterceptor - [POST] -> [/cms/user/login] from: 0:0:0:0:0:0:0:1 costs: 158ms
2025-01-27 11:26:22.335 [http-nio-5001-exec-9] "OPTIONS /cms/user/permissions HTTP/1.1" INFO  i.g.t.l.common.interceptor.RequestLogInterceptor - [OPTIONS] -> [/cms/user/permissions] from: 0:0:0:0:0:0:0:1 costs: 0ms
2025-01-27 11:26:22.342 [http-nio-5001-exec-10] "GET /cms/user/permissions HTTP/1.1" INFO  i.g.t.l.common.interceptor.RequestLogInterceptor - [GET] -> [/cms/user/permissions] from: 0:0:0:0:0:0:0:1 costs: 5ms
2025-01-27 11:26:24.172 [http-nio-5001-exec-1] "OPTIONS /cms/user/login HTTP/1.1" INFO  i.g.t.l.common.interceptor.RequestLogInterceptor - [OPTIONS] -> [/cms/user/login] from: 0:0:0:0:0:0:0:1 costs: 0ms
2025-01-27 11:26:24.273 [http-nio-5001-exec-2] "POST /cms/user/login HTTP/1.1" INFO  i.g.t.l.common.interceptor.RequestLogInterceptor - [POST] -> [/cms/user/login] from: 0:0:0:0:0:0:0:1 costs: 97ms
2025-01-27 11:26:24.280 [http-nio-5001-exec-3] "GET /cms/user/permissions HTTP/1.1" INFO  i.g.t.l.common.interceptor.RequestLogInterceptor - [GET] -> [/cms/user/permissions] from: 0:0:0:0:0:0:0:1 costs: 3ms
2025-01-27 11:31:41.175 [http-nio-5001-exec-5] "GET /v1/book HTTP/1.1" INFO  i.g.t.l.common.interceptor.RequestLogInterceptor - [GET] -> [/v1/book] from: 0:0:0:0:0:0:0:1 costs: 8ms
2025-01-27 11:38:34.988 [SpringApplicationShutdownHook] "  " INFO  com.zaxxer.hikari.HikariDataSource - HikariPool-1 - Shutdown initiated...
2025-01-27 11:38:34.991 [SpringApplicationShutdownHook] "  " INFO  com.zaxxer.hikari.HikariDataSource - HikariPool-1 - Shutdown completed.
2025-01-27 11:38:37.026 [main] "  " INFO  io.github.talelin.latticy.LatticyApplication - Starting LatticyApplication using Java 1.8.0_432 on xuanquandeMBP with PID 24956 (/Users/xuanquan/workplace/java/7yue/lin-cms-spring-boot/target/classes started by xuanquan in /Users/xuanquan/workplace/java/7yue/lin-cms-spring-boot)
2025-01-27 11:38:37.025 [background-preinit] "  " INFO  org.hibernate.validator.internal.util.Version - HV000001: Hibernate Validator 6.2.0.Final
2025-01-27 11:38:37.027 [main] "  " INFO  io.github.talelin.latticy.LatticyApplication - The following profiles are active: dev
2025-01-27 11:38:37.442 [main] "  " INFO  o.s.c.s.PostProcessorRegistrationDelegate$BeanPostProcessorChecker - Bean 'commonConfiguration' of type [io.github.talelin.latticy.common.configuration.CommonConfiguration] is not eligible for getting processed by all BeanPostProcessors (for example: not eligible for auto-proxying)
2025-01-27 11:38:37.540 [main] "  " INFO  o.s.boot.web.embedded.tomcat.TomcatWebServer - Tomcat initialized with port(s): 5001 (http)
2025-01-27 11:38:37.549 [main] "  " INFO  org.apache.coyote.http11.Http11NioProtocol - Initializing ProtocolHandler ["http-nio-5001"]
2025-01-27 11:38:37.549 [main] "  " INFO  org.apache.catalina.core.StandardService - Starting service [Tomcat]
2025-01-27 11:38:37.549 [main] "  " INFO  org.apache.catalina.core.StandardEngine - Starting Servlet engine: [Apache Tomcat/9.0.48]
2025-01-27 11:38:37.573 [main] "  " INFO  o.a.c.core.ContainerBase.[Tomcat].[localhost].[/] - Initializing Spring embedded WebApplicationContext
2025-01-27 11:38:37.573 [main] "  " INFO  o.s.b.w.s.c.ServletWebServerApplicationContext - Root WebApplicationContext: initialization completed in 527 ms
2025-01-27 11:38:38.151 [main] "  " INFO  com.zaxxer.hikari.HikariDataSource - HikariPool-1 - Starting...
2025-01-27 11:38:38.202 [main] "  " INFO  com.zaxxer.hikari.HikariDataSource - HikariPool-1 - Start completed.
2025-01-27 11:38:38.237 [main] "  " INFO  org.apache.coyote.http11.Http11NioProtocol - Starting ProtocolHandler ["http-nio-5001"]
2025-01-27 11:38:38.249 [main] "  " INFO  o.s.boot.web.embedded.tomcat.TomcatWebServer - Tomcat started on port(s): 5001 (http) with context path ''
2025-01-27 11:38:38.323 [main] "  " INFO  io.github.talelin.latticy.LatticyApplication - Started LatticyApplication in 1.51 seconds (JVM running for 1.781)
2025-01-27 11:38:45.839 [http-nio-5001-exec-2] "  " INFO  o.a.c.core.ContainerBase.[Tomcat].[localhost].[/] - Initializing Spring DispatcherServlet 'dispatcherServlet'
2025-01-27 11:38:45.839 [http-nio-5001-exec-2] "  " INFO  org.springframework.web.servlet.DispatcherServlet - Initializing Servlet 'dispatcherServlet'
2025-01-27 11:38:45.841 [http-nio-5001-exec-2] "  " INFO  org.springframework.web.servlet.DispatcherServlet - Completed initialization in 2 ms
2025-01-27 11:38:45.916 [http-nio-5001-exec-2] "GET /v1/book/page HTTP/1.1" INFO  i.g.t.l.common.interceptor.RequestLogInterceptor - [GET] -> [/v1/book/page] from: 0:0:0:0:0:0:0:1 costs: 69ms
2025-01-27 11:38:47.495 [http-nio-5001-exec-3] "GET /v1/book/page HTTP/1.1" INFO  i.g.t.l.common.interceptor.RequestLogInterceptor - [GET] -> [/v1/book/page] from: 0:0:0:0:0:0:0:1 costs: 10ms
2025-01-27 11:39:05.779 [SpringApplicationShutdownHook] "  " INFO  com.zaxxer.hikari.HikariDataSource - HikariPool-1 - Shutdown initiated...
2025-01-27 11:39:05.783 [SpringApplicationShutdownHook] "  " INFO  com.zaxxer.hikari.HikariDataSource - HikariPool-1 - Shutdown completed.
2025-01-27 11:39:07.880 [background-preinit] "  " INFO  org.hibernate.validator.internal.util.Version - HV000001: Hibernate Validator 6.2.0.Final
2025-01-27 11:39:07.880 [main] "  " INFO  io.github.talelin.latticy.LatticyApplication - Starting LatticyApplication using Java 1.8.0_432 on xuanquandeMBP with PID 24978 (/Users/xuanquan/workplace/java/7yue/lin-cms-spring-boot/target/classes started by xuanquan in /Users/xuanquan/workplace/java/7yue/lin-cms-spring-boot)
2025-01-27 11:39:07.881 [main] "  " INFO  io.github.talelin.latticy.LatticyApplication - The following profiles are active: dev
2025-01-27 11:39:08.294 [main] "  " INFO  o.s.c.s.PostProcessorRegistrationDelegate$BeanPostProcessorChecker - Bean 'commonConfiguration' of type [io.github.talelin.latticy.common.configuration.CommonConfiguration] is not eligible for getting processed by all BeanPostProcessors (for example: not eligible for auto-proxying)
2025-01-27 11:39:08.394 [main] "  " INFO  o.s.boot.web.embedded.tomcat.TomcatWebServer - Tomcat initialized with port(s): 5001 (http)
2025-01-27 11:39:08.398 [main] "  " INFO  org.apache.coyote.http11.Http11NioProtocol - Initializing ProtocolHandler ["http-nio-5001"]
2025-01-27 11:39:08.399 [main] "  " INFO  org.apache.catalina.core.StandardService - Starting service [Tomcat]
2025-01-27 11:39:08.399 [main] "  " INFO  org.apache.catalina.core.StandardEngine - Starting Servlet engine: [Apache Tomcat/9.0.48]
2025-01-27 11:39:08.423 [main] "  " INFO  o.a.c.core.ContainerBase.[Tomcat].[localhost].[/] - Initializing Spring embedded WebApplicationContext
2025-01-27 11:39:08.423 [main] "  " INFO  o.s.b.w.s.c.ServletWebServerApplicationContext - Root WebApplicationContext: initialization completed in 522 ms
2025-01-27 11:39:09.021 [main] "  " INFO  com.zaxxer.hikari.HikariDataSource - HikariPool-1 - Starting...
2025-01-27 11:39:09.068 [main] "  " INFO  com.zaxxer.hikari.HikariDataSource - HikariPool-1 - Start completed.
2025-01-27 11:39:09.103 [main] "  " INFO  org.apache.coyote.http11.Http11NioProtocol - Starting ProtocolHandler ["http-nio-5001"]
2025-01-27 11:39:09.115 [main] "  " INFO  o.s.boot.web.embedded.tomcat.TomcatWebServer - Tomcat started on port(s): 5001 (http) with context path ''
2025-01-27 11:39:09.187 [main] "  " INFO  io.github.talelin.latticy.LatticyApplication - Started LatticyApplication in 1.516 seconds (JVM running for 1.768)
2025-01-27 11:39:13.779 [http-nio-5001-exec-1] "  " INFO  o.a.c.core.ContainerBase.[Tomcat].[localhost].[/] - Initializing Spring DispatcherServlet 'dispatcherServlet'
2025-01-27 11:39:13.779 [http-nio-5001-exec-1] "  " INFO  org.springframework.web.servlet.DispatcherServlet - Initializing Servlet 'dispatcherServlet'
2025-01-27 11:39:13.780 [http-nio-5001-exec-1] "  " INFO  org.springframework.web.servlet.DispatcherServlet - Completed initialization in 1 ms
2025-01-27 11:39:13.852 [http-nio-5001-exec-1] "GET /v1/book/page HTTP/1.1" INFO  i.g.t.l.common.interceptor.RequestLogInterceptor - [GET] -> [/v1/book/page] from: 0:0:0:0:0:0:0:1 costs: 66ms
2025-01-27 11:44:13.262 [SpringApplicationShutdownHook] "  " INFO  com.zaxxer.hikari.HikariDataSource - HikariPool-1 - Shutdown initiated...
2025-01-27 11:44:13.265 [SpringApplicationShutdownHook] "  " INFO  com.zaxxer.hikari.HikariDataSource - HikariPool-1 - Shutdown completed.
2025-01-27 11:44:14.345 [background-preinit] "  " INFO  org.hibernate.validator.internal.util.Version - HV000001: Hibernate Validator 6.2.0.Final
2025-01-27 11:44:14.345 [main] "  " INFO  io.github.talelin.latticy.LatticyApplication - Starting LatticyApplication using Java 1.8.0_432 on xuanquandeMBP with PID 25040 (/Users/xuanquan/workplace/java/7yue/lin-cms-spring-boot/target/classes started by xuanquan in /Users/xuanquan/workplace/java/7yue/lin-cms-spring-boot)
2025-01-27 11:44:14.347 [main] "  " INFO  io.github.talelin.latticy.LatticyApplication - The following profiles are active: dev
2025-01-27 11:44:14.765 [main] "  " INFO  o.s.c.s.PostProcessorRegistrationDelegate$BeanPostProcessorChecker - Bean 'commonConfiguration' of type [io.github.talelin.latticy.common.configuration.CommonConfiguration] is not eligible for getting processed by all BeanPostProcessors (for example: not eligible for auto-proxying)
2025-01-27 11:44:14.868 [main] "  " INFO  o.s.boot.web.embedded.tomcat.TomcatWebServer - Tomcat initialized with port(s): 5001 (http)
2025-01-27 11:44:14.872 [main] "  " INFO  org.apache.coyote.http11.Http11NioProtocol - Initializing ProtocolHandler ["http-nio-5001"]
2025-01-27 11:44:14.873 [main] "  " INFO  org.apache.catalina.core.StandardService - Starting service [Tomcat]
2025-01-27 11:44:14.873 [main] "  " INFO  org.apache.catalina.core.StandardEngine - Starting Servlet engine: [Apache Tomcat/9.0.48]
2025-01-27 11:44:14.898 [main] "  " INFO  o.a.c.core.ContainerBase.[Tomcat].[localhost].[/] - Initializing Spring embedded WebApplicationContext
2025-01-27 11:44:14.898 [main] "  " INFO  o.s.b.w.s.c.ServletWebServerApplicationContext - Root WebApplicationContext: initialization completed in 532 ms
2025-01-27 11:44:15.510 [main] "  " INFO  com.zaxxer.hikari.HikariDataSource - HikariPool-1 - Starting...
2025-01-27 11:44:15.560 [main] "  " INFO  com.zaxxer.hikari.HikariDataSource - HikariPool-1 - Start completed.
2025-01-27 11:44:15.597 [main] "  " INFO  org.apache.coyote.http11.Http11NioProtocol - Starting ProtocolHandler ["http-nio-5001"]
2025-01-27 11:44:15.611 [main] "  " INFO  o.s.boot.web.embedded.tomcat.TomcatWebServer - Tomcat started on port(s): 5001 (http) with context path ''
2025-01-27 11:44:15.692 [main] "  " INFO  io.github.talelin.latticy.LatticyApplication - Started LatticyApplication in 1.557 seconds (JVM running for 1.875)
2025-01-27 11:44:20.996 [http-nio-5001-exec-1] "  " INFO  o.a.c.core.ContainerBase.[Tomcat].[localhost].[/] - Initializing Spring DispatcherServlet 'dispatcherServlet'
2025-01-27 11:44:20.997 [http-nio-5001-exec-1] "  " INFO  org.springframework.web.servlet.DispatcherServlet - Initializing Servlet 'dispatcherServlet'
2025-01-27 11:44:20.998 [http-nio-5001-exec-1] "  " INFO  org.springframework.web.servlet.DispatcherServlet - Completed initialization in 1 ms
2025-01-27 11:44:21.070 [http-nio-5001-exec-1] "GET /v1/book/page HTTP/1.1" INFO  i.g.t.l.common.interceptor.RequestLogInterceptor - [GET] -> [/v1/book/page] from: 0:0:0:0:0:0:0:1 costs: 66ms
2025-01-27 17:18:14.520 [background-preinit] "  " INFO  org.hibernate.validator.internal.util.Version - HV000001: Hibernate Validator 6.2.0.Final
2025-01-27 17:18:14.521 [main] "  " INFO  io.github.talelin.latticy.LatticyApplication - Starting LatticyApplication using Java 1.8.0_432 on xuanquandeMBP with PID 27673 (/Users/xuanquan/workplace/java/sleeve/target/classes started by xuanquan in /Users/xuanquan/workplace/java/sleeve)
2025-01-27 17:18:14.522 [main] "  " INFO  io.github.talelin.latticy.LatticyApplication - The following profiles are active: dev
2025-01-27 17:18:14.921 [main] "  " INFO  o.s.c.s.PostProcessorRegistrationDelegate$BeanPostProcessorChecker - Bean 'commonConfiguration' of type [io.github.talelin.latticy.common.configuration.CommonConfiguration] is not eligible for getting processed by all BeanPostProcessors (for example: not eligible for auto-proxying)
2025-01-27 17:18:15.024 [main] "  " INFO  o.s.boot.web.embedded.tomcat.TomcatWebServer - Tomcat initialized with port(s): 5001 (http)
2025-01-27 17:18:15.029 [main] "  " INFO  org.apache.coyote.http11.Http11NioProtocol - Initializing ProtocolHandler ["http-nio-5001"]
2025-01-27 17:18:15.029 [main] "  " INFO  org.apache.catalina.core.StandardService - Starting service [Tomcat]
2025-01-27 17:18:15.029 [main] "  " INFO  org.apache.catalina.core.StandardEngine - Starting Servlet engine: [Apache Tomcat/9.0.48]
2025-01-27 17:18:15.052 [main] "  " INFO  o.a.c.core.ContainerBase.[Tomcat].[localhost].[/] - Initializing Spring embedded WebApplicationContext
2025-01-27 17:18:15.052 [main] "  " INFO  o.s.b.w.s.c.ServletWebServerApplicationContext - Root WebApplicationContext: initialization completed in 511 ms
2025-01-27 17:18:15.646 [main] "  " INFO  com.zaxxer.hikari.HikariDataSource - HikariPool-1 - Starting...
2025-01-27 17:18:15.702 [main] "  " INFO  com.zaxxer.hikari.HikariDataSource - HikariPool-1 - Start completed.
2025-01-27 17:18:15.736 [main] "  " INFO  org.apache.coyote.http11.Http11NioProtocol - Starting ProtocolHandler ["http-nio-5001"]
2025-01-27 17:18:15.745 [main] "  " INFO  com.zaxxer.hikari.HikariDataSource - HikariPool-1 - Shutdown initiated...
2025-01-27 17:18:15.747 [main] "  " INFO  com.zaxxer.hikari.HikariDataSource - HikariPool-1 - Shutdown completed.
2025-01-27 17:18:15.748 [main] "  " INFO  org.apache.coyote.http11.Http11NioProtocol - Pausing ProtocolHandler ["http-nio-5001"]
2025-01-27 17:18:15.748 [main] "  " INFO  org.apache.catalina.core.StandardService - Stopping service [Tomcat]
2025-01-27 17:18:15.750 [main] "  " INFO  org.apache.coyote.http11.Http11NioProtocol - Stopping ProtocolHandler ["http-nio-5001"]
2025-01-27 17:18:15.750 [main] "  " INFO  org.apache.coyote.http11.Http11NioProtocol - Destroying ProtocolHandler ["http-nio-5001"]
2025-01-27 17:18:15.753 [main] "  " INFO  o.s.b.a.l.ConditionEvaluationReportLoggingListener - 

Error starting ApplicationContext. To display the conditions report re-run your application with 'debug' enabled.
2025-01-27 17:18:46.130 [background-preinit] "  " INFO  org.hibernate.validator.internal.util.Version - HV000001: Hibernate Validator 6.2.0.Final
2025-01-27 17:18:46.132 [main] "  " INFO  io.github.talelin.latticy.LatticyApplication - Starting LatticyApplication using Java 1.8.0_432 on xuanquandeMBP with PID 27692 (/Users/xuanquan/workplace/java/sleeve/target/classes started by xuanquan in /Users/xuanquan/workplace/java/sleeve)
2025-01-27 17:18:46.132 [main] "  " INFO  io.github.talelin.latticy.LatticyApplication - The following profiles are active: dev
2025-01-27 17:18:46.548 [main] "  " INFO  o.s.c.s.PostProcessorRegistrationDelegate$BeanPostProcessorChecker - Bean 'commonConfiguration' of type [io.github.talelin.latticy.common.configuration.CommonConfiguration] is not eligible for getting processed by all BeanPostProcessors (for example: not eligible for auto-proxying)
2025-01-27 17:18:46.651 [main] "  " INFO  o.s.boot.web.embedded.tomcat.TomcatWebServer - Tomcat initialized with port(s): 5000 (http)
2025-01-27 17:18:46.657 [main] "  " INFO  org.apache.coyote.http11.Http11NioProtocol - Initializing ProtocolHandler ["http-nio-5000"]
2025-01-27 17:18:46.657 [main] "  " INFO  org.apache.catalina.core.StandardService - Starting service [Tomcat]
2025-01-27 17:18:46.657 [main] "  " INFO  org.apache.catalina.core.StandardEngine - Starting Servlet engine: [Apache Tomcat/9.0.48]
2025-01-27 17:18:46.689 [main] "  " INFO  o.a.c.core.ContainerBase.[Tomcat].[localhost].[/] - Initializing Spring embedded WebApplicationContext
2025-01-27 17:18:46.689 [main] "  " INFO  o.s.b.w.s.c.ServletWebServerApplicationContext - Root WebApplicationContext: initialization completed in 540 ms
2025-01-27 17:18:47.270 [main] "  " INFO  com.zaxxer.hikari.HikariDataSource - HikariPool-1 - Starting...
2025-01-27 17:18:47.315 [main] "  " INFO  com.zaxxer.hikari.HikariDataSource - HikariPool-1 - Start completed.
2025-01-27 17:18:47.350 [main] "  " INFO  org.apache.coyote.http11.Http11NioProtocol - Starting ProtocolHandler ["http-nio-5000"]
2025-01-27 17:18:47.359 [main] "  " INFO  com.zaxxer.hikari.HikariDataSource - HikariPool-1 - Shutdown initiated...
2025-01-27 17:18:47.361 [main] "  " INFO  com.zaxxer.hikari.HikariDataSource - HikariPool-1 - Shutdown completed.
2025-01-27 17:18:47.362 [main] "  " INFO  org.apache.coyote.http11.Http11NioProtocol - Pausing ProtocolHandler ["http-nio-5000"]
2025-01-27 17:18:47.362 [main] "  " INFO  org.apache.catalina.core.StandardService - Stopping service [Tomcat]
2025-01-27 17:18:47.363 [main] "  " INFO  org.apache.coyote.http11.Http11NioProtocol - Stopping ProtocolHandler ["http-nio-5000"]
2025-01-27 17:18:47.364 [main] "  " INFO  org.apache.coyote.http11.Http11NioProtocol - Destroying ProtocolHandler ["http-nio-5000"]
2025-01-27 17:18:47.367 [main] "  " INFO  o.s.b.a.l.ConditionEvaluationReportLoggingListener - 

Error starting ApplicationContext. To display the conditions report re-run your application with 'debug' enabled.
2025-01-27 17:20:51.990 [background-preinit] "  " INFO  org.hibernate.validator.internal.util.Version - HV000001: Hibernate Validator 6.2.0.Final
2025-01-27 17:20:51.990 [main] "  " INFO  io.github.talelin.latticy.LatticyApplication - Starting LatticyApplication using Java 1.8.0_432 on xuanquandeMBP with PID 27890 (/Users/xuanquan/workplace/java/sleeve/target/classes started by xuanquan in /Users/xuanquan/workplace/java/sleeve)
2025-01-27 17:20:51.992 [main] "  " INFO  io.github.talelin.latticy.LatticyApplication - The following profiles are active: dev
2025-01-27 17:20:52.410 [main] "  " INFO  o.s.c.s.PostProcessorRegistrationDelegate$BeanPostProcessorChecker - Bean 'commonConfiguration' of type [io.github.talelin.latticy.common.configuration.CommonConfiguration] is not eligible for getting processed by all BeanPostProcessors (for example: not eligible for auto-proxying)
2025-01-27 17:20:52.509 [main] "  " INFO  o.s.boot.web.embedded.tomcat.TomcatWebServer - Tomcat initialized with port(s): 5000 (http)
2025-01-27 17:20:52.518 [main] "  " INFO  org.apache.coyote.http11.Http11NioProtocol - Initializing ProtocolHandler ["http-nio-5000"]
2025-01-27 17:20:52.518 [main] "  " INFO  org.apache.catalina.core.StandardService - Starting service [Tomcat]
2025-01-27 17:20:52.519 [main] "  " INFO  org.apache.catalina.core.StandardEngine - Starting Servlet engine: [Apache Tomcat/9.0.48]
2025-01-27 17:20:52.545 [main] "  " INFO  o.a.c.core.ContainerBase.[Tomcat].[localhost].[/] - Initializing Spring embedded WebApplicationContext
2025-01-27 17:20:52.546 [main] "  " INFO  o.s.b.w.s.c.ServletWebServerApplicationContext - Root WebApplicationContext: initialization completed in 536 ms
2025-01-27 17:20:53.115 [main] "  " INFO  com.zaxxer.hikari.HikariDataSource - HikariPool-1 - Starting...
2025-01-27 17:20:53.188 [main] "  " INFO  com.zaxxer.hikari.HikariDataSource - HikariPool-1 - Start completed.
2025-01-27 17:20:53.223 [main] "  " INFO  org.apache.coyote.http11.Http11NioProtocol - Starting ProtocolHandler ["http-nio-5000"]
2025-01-27 17:20:53.231 [main] "  " INFO  com.zaxxer.hikari.HikariDataSource - HikariPool-1 - Shutdown initiated...
2025-01-27 17:20:53.233 [main] "  " INFO  com.zaxxer.hikari.HikariDataSource - HikariPool-1 - Shutdown completed.
2025-01-27 17:20:53.234 [main] "  " INFO  org.apache.coyote.http11.Http11NioProtocol - Pausing ProtocolHandler ["http-nio-5000"]
2025-01-27 17:20:53.234 [main] "  " INFO  org.apache.catalina.core.StandardService - Stopping service [Tomcat]
2025-01-27 17:20:53.236 [main] "  " INFO  org.apache.coyote.http11.Http11NioProtocol - Stopping ProtocolHandler ["http-nio-5000"]
2025-01-27 17:20:53.236 [main] "  " INFO  org.apache.coyote.http11.Http11NioProtocol - Destroying ProtocolHandler ["http-nio-5000"]
2025-01-27 17:20:53.239 [main] "  " INFO  o.s.b.a.l.ConditionEvaluationReportLoggingListener - 

Error starting ApplicationContext. To display the conditions report re-run your application with 'debug' enabled.
2025-01-27 17:21:53.051 [background-preinit] "  " INFO  org.hibernate.validator.internal.util.Version - HV000001: Hibernate Validator 6.2.0.Final
2025-01-27 17:21:53.053 [main] "  " INFO  io.github.talelin.latticy.LatticyApplication - Starting LatticyApplication using Java 1.8.0_432 on xuanquandeMBP with PID 27942 (/Users/xuanquan/workplace/java/sleeve/target/classes started by xuanquan in /Users/xuanquan/workplace/java/sleeve)
2025-01-27 17:21:53.053 [main] "  " INFO  io.github.talelin.latticy.LatticyApplication - The following profiles are active: dev
2025-01-27 17:21:53.469 [main] "  " INFO  o.s.c.s.PostProcessorRegistrationDelegate$BeanPostProcessorChecker - Bean 'commonConfiguration' of type [io.github.talelin.latticy.common.configuration.CommonConfiguration] is not eligible for getting processed by all BeanPostProcessors (for example: not eligible for auto-proxying)
2025-01-27 17:21:53.569 [main] "  " INFO  o.s.boot.web.embedded.tomcat.TomcatWebServer - Tomcat initialized with port(s): 5000 (http)
2025-01-27 17:21:53.580 [main] "  " INFO  org.apache.coyote.http11.Http11NioProtocol - Initializing ProtocolHandler ["http-nio-5000"]
2025-01-27 17:21:53.580 [main] "  " INFO  org.apache.catalina.core.StandardService - Starting service [Tomcat]
2025-01-27 17:21:53.580 [main] "  " INFO  org.apache.catalina.core.StandardEngine - Starting Servlet engine: [Apache Tomcat/9.0.48]
2025-01-27 17:21:53.606 [main] "  " INFO  o.a.c.core.ContainerBase.[Tomcat].[localhost].[/] - Initializing Spring embedded WebApplicationContext
2025-01-27 17:21:53.606 [main] "  " INFO  o.s.b.w.s.c.ServletWebServerApplicationContext - Root WebApplicationContext: initialization completed in 535 ms
2025-01-27 17:21:54.171 [main] "  " INFO  com.zaxxer.hikari.HikariDataSource - HikariPool-1 - Starting...
2025-01-27 17:21:54.219 [main] "  " INFO  com.zaxxer.hikari.HikariDataSource - HikariPool-1 - Start completed.
2025-01-27 17:21:54.253 [main] "  " INFO  org.apache.coyote.http11.Http11NioProtocol - Starting ProtocolHandler ["http-nio-5000"]
2025-01-27 17:21:54.264 [main] "  " INFO  com.zaxxer.hikari.HikariDataSource - HikariPool-1 - Shutdown initiated...
2025-01-27 17:21:54.266 [main] "  " INFO  com.zaxxer.hikari.HikariDataSource - HikariPool-1 - Shutdown completed.
2025-01-27 17:21:54.267 [main] "  " INFO  org.apache.coyote.http11.Http11NioProtocol - Pausing ProtocolHandler ["http-nio-5000"]
2025-01-27 17:21:54.267 [main] "  " INFO  org.apache.catalina.core.StandardService - Stopping service [Tomcat]
2025-01-27 17:21:54.269 [main] "  " INFO  org.apache.coyote.http11.Http11NioProtocol - Stopping ProtocolHandler ["http-nio-5000"]
2025-01-27 17:21:54.269 [main] "  " INFO  org.apache.coyote.http11.Http11NioProtocol - Destroying ProtocolHandler ["http-nio-5000"]
2025-01-27 17:21:54.273 [main] "  " INFO  o.s.b.a.l.ConditionEvaluationReportLoggingListener - 

Error starting ApplicationContext. To display the conditions report re-run your application with 'debug' enabled.
2025-01-27 17:22:00.571 [main] "  " INFO  io.github.talelin.latticy.LatticyApplication - Starting LatticyApplication using Java 1.8.0_432 on xuanquandeMBP with PID 27951 (/Users/xuanquan/workplace/java/sleeve/target/classes started by xuanquan in /Users/xuanquan/workplace/java/sleeve)
2025-01-27 17:22:00.571 [background-preinit] "  " INFO  org.hibernate.validator.internal.util.Version - HV000001: Hibernate Validator 6.2.0.Final
2025-01-27 17:22:00.573 [main] "  " INFO  io.github.talelin.latticy.LatticyApplication - The following profiles are active: dev
2025-01-27 17:22:00.981 [main] "  " INFO  o.s.c.s.PostProcessorRegistrationDelegate$BeanPostProcessorChecker - Bean 'commonConfiguration' of type [io.github.talelin.latticy.common.configuration.CommonConfiguration] is not eligible for getting processed by all BeanPostProcessors (for example: not eligible for auto-proxying)
2025-01-27 17:22:01.089 [main] "  " INFO  o.s.boot.web.embedded.tomcat.TomcatWebServer - Tomcat initialized with port(s): 5002 (http)
2025-01-27 17:22:01.095 [main] "  " INFO  org.apache.coyote.http11.Http11NioProtocol - Initializing ProtocolHandler ["http-nio-5002"]
2025-01-27 17:22:01.096 [main] "  " INFO  org.apache.catalina.core.StandardService - Starting service [Tomcat]
2025-01-27 17:22:01.096 [main] "  " INFO  org.apache.catalina.core.StandardEngine - Starting Servlet engine: [Apache Tomcat/9.0.48]
2025-01-27 17:22:01.124 [main] "  " INFO  o.a.c.core.ContainerBase.[Tomcat].[localhost].[/] - Initializing Spring embedded WebApplicationContext
2025-01-27 17:22:01.124 [main] "  " INFO  o.s.b.w.s.c.ServletWebServerApplicationContext - Root WebApplicationContext: initialization completed in 532 ms
2025-01-27 17:22:01.704 [main] "  " INFO  com.zaxxer.hikari.HikariDataSource - HikariPool-1 - Starting...
2025-01-27 17:22:01.757 [main] "  " INFO  com.zaxxer.hikari.HikariDataSource - HikariPool-1 - Start completed.
2025-01-27 17:22:01.792 [main] "  " INFO  org.apache.coyote.http11.Http11NioProtocol - Starting ProtocolHandler ["http-nio-5002"]
2025-01-27 17:22:01.804 [main] "  " INFO  o.s.boot.web.embedded.tomcat.TomcatWebServer - Tomcat started on port(s): 5002 (http) with context path ''
2025-01-27 17:22:01.888 [main] "  " INFO  io.github.talelin.latticy.LatticyApplication - Started LatticyApplication in 1.532 seconds (JVM running for 1.756)
