2025-01-27 10:13:01.691 [HikariPool-1 housekeeper] "  " WARN  com.zaxxer.hikari.pool.HikariPool - HikariPool-1 - Thread starvation or clock leap detected (housekeeper delta=4m6s133ms).
2025-01-27 10:19:48.472 [http-nio-5001-exec-1] "GET /favicon.ico HTTP/1.1" WARN  org.springframework.web.servlet.PageNotFound - No mapping for GET /favicon.ico
2025-01-27 10:29:13.176 [HikariPool-1 housekeeper] "  " WARN  com.zaxxer.hikari.pool.HikariPool - HikariPool-1 - Thread starvation or clock leap detected (housekeeper delta=1m4s300ms).
2025-01-27 10:38:59.579 [http-nio-5001-exec-3] "POST /v1/banner/1 HTTP/1.1" WARN  org.springframework.web.servlet.PageNotFound - No mapping for POST /v1/banner/1
2025-01-27 10:48:40.782 [main] "  " WARN  org.apache.tomcat.util.net.NioEndpoint - Failed to unlock acceptor for [http-nio-5001] because the local address was not available
2025-01-27 13:18:51.708 [HikariPool-1 housekeeper] "  " WARN  com.zaxxer.hikari.pool.HikariPool - HikariPool-1 - Thread starvation or clock leap detected (housekeeper delta=15m54s987ms).
2025-01-27 14:35:17.369 [HikariPool-1 housekeeper] "  " WARN  com.zaxxer.hikari.pool.HikariPool - HikariPool-1 - Thread starvation or clock leap detected (housekeeper delta=15m54s955ms).
2025-01-27 14:51:42.372 [HikariPool-1 housekeeper] "  " WARN  com.zaxxer.hikari.pool.HikariPool - HikariPool-1 - Thread starvation or clock leap detected (housekeeper delta=15m55s8ms).
2025-01-27 15:03:23.304 [HikariPool-1 housekeeper] "  " WARN  com.zaxxer.hikari.pool.HikariPool - HikariPool-1 - Thread starvation or clock leap detected (housekeeper delta=11m40s932ms).
2025-01-27 15:19:48.307 [HikariPool-1 housekeeper] "  " WARN  com.zaxxer.hikari.pool.HikariPool - HikariPool-1 - Thread starvation or clock leap detected (housekeeper delta=15m55s1ms).
2025-01-27 15:36:05.088 [HikariPool-1 housekeeper] "  " WARN  com.zaxxer.hikari.pool.HikariPool - HikariPool-1 - Thread starvation or clock leap detected (housekeeper delta=15m46s766ms).
2025-01-27 15:53:03.732 [HikariPool-1 housekeeper] "  " WARN  com.zaxxer.hikari.pool.HikariPool - HikariPool-1 - Thread starvation or clock leap detected (housekeeper delta=15m54s960ms).
2025-01-27 16:19:50.222 [HikariPool-1 housekeeper] "  " WARN  com.zaxxer.hikari.pool.HikariPool - HikariPool-1 - Thread starvation or clock leap detected (housekeeper delta=26m16s485ms).
2025-01-27 16:36:15.971 [HikariPool-1 housekeeper] "  " WARN  com.zaxxer.hikari.pool.HikariPool - HikariPool-1 - Thread starvation or clock leap detected (housekeeper delta=15m55s732ms).
2025-01-27 16:51:55.809 [HikariPool-1 housekeeper] "  " WARN  com.zaxxer.hikari.pool.HikariPool - HikariPool-1 - Thread starvation or clock leap detected (housekeeper delta=15m39s838ms).
2025-01-27 17:05:40.763 [HikariPool-1 housekeeper] "  " WARN  com.zaxxer.hikari.pool.HikariPool - HikariPool-1 - Thread starvation or clock leap detected (housekeeper delta=13m14s951ms).
2025-01-27 17:09:45.435 [HikariPool-1 housekeeper] "  " WARN  com.zaxxer.hikari.pool.HikariPool - HikariPool-1 - Thread starvation or clock leap detected (housekeeper delta=4m4s673ms).
2025-01-27 17:18:15.744 [main] "  " WARN  o.s.b.w.s.c.AnnotationConfigServletWebServerApplicationContext - Exception encountered during context initialization - cancelling refresh attempt: org.springframework.context.ApplicationContextException: Failed to start bean 'webServerStartStop'; nested exception is org.springframework.boot.web.server.PortInUseException: Port 5001 is already in use
2025-01-27 17:18:47.357 [main] "  " WARN  o.s.b.w.s.c.AnnotationConfigServletWebServerApplicationContext - Exception encountered during context initialization - cancelling refresh attempt: org.springframework.context.ApplicationContextException: Failed to start bean 'webServerStartStop'; nested exception is org.springframework.boot.web.server.PortInUseException: Port 5000 is already in use
2025-01-27 17:20:53.229 [main] "  " WARN  o.s.b.w.s.c.AnnotationConfigServletWebServerApplicationContext - Exception encountered during context initialization - cancelling refresh attempt: org.springframework.context.ApplicationContextException: Failed to start bean 'webServerStartStop'; nested exception is org.springframework.boot.web.server.PortInUseException: Port 5000 is already in use
2025-01-27 17:21:54.260 [main] "  " WARN  o.s.b.w.s.c.AnnotationConfigServletWebServerApplicationContext - Exception encountered during context initialization - cancelling refresh attempt: org.springframework.context.ApplicationContextException: Failed to start bean 'webServerStartStop'; nested exception is org.springframework.boot.web.server.PortInUseException: Port 5000 is already in use
