2025-01-26 14:47:57.804 [main] "  " WARN  o.s.b.w.s.c.AnnotationConfigServletWebServerApplicationContext - Exception encountered during context initialization - cancelling refresh attempt: org.springframework.context.ApplicationContextException: Failed to start bean 'webServerStartStop'; nested exception is org.springframework.boot.web.server.PortInUseException: Port 5000 is already in use
2025-01-26 14:49:04.171 [main] "  " WARN  org.apache.tomcat.util.net.NioEndpoint - Failed to unlock acceptor for [http-nio-5001] because the local address was not available
2025-01-26 14:49:37.808 [main] "  " WARN  org.apache.tomcat.util.net.NioEndpoint - Failed to unlock acceptor for [http-nio-5001] because the local address was not available
2025-01-26 14:51:21.662 [main] "  " WARN  org.apache.tomcat.util.net.NioEndpoint - Failed to unlock acceptor for [http-nio-5001] because the local address was not available
2025-01-26 14:52:50.640 [http-nio-5001-exec-2] "GET /favicon.ico HTTP/1.1" WARN  org.springframework.web.servlet.PageNotFound - No mapping for GET /favicon.ico
2025-01-26 15:12:06.998 [HikariPool-1 housekeeper] "  " WARN  com.zaxxer.hikari.pool.HikariPool - HikariPool-1 - Thread starvation or clock leap detected (housekeeper delta=15m54s976ms).
2025-01-26 15:27:54.208 [HikariPool-1 housekeeper] "  " WARN  com.zaxxer.hikari.pool.HikariPool - HikariPool-1 - Thread starvation or clock leap detected (housekeeper delta=15m47s211ms).
2025-01-26 15:44:19.249 [HikariPool-1 housekeeper] "  " WARN  com.zaxxer.hikari.pool.HikariPool - HikariPool-1 - Thread starvation or clock leap detected (housekeeper delta=15m55s13ms).
2025-01-26 16:00:14.254 [HikariPool-1 housekeeper] "  " WARN  com.zaxxer.hikari.pool.HikariPool - HikariPool-1 - Thread starvation or clock leap detected (housekeeper delta=15m55s5ms).
2025-01-26 16:16:20.245 [HikariPool-1 housekeeper] "  " WARN  com.zaxxer.hikari.pool.HikariPool - HikariPool-1 - Thread starvation or clock leap detected (housekeeper delta=15m35s960ms).
2025-01-26 17:29:41.476 [main] "  " WARN  o.s.b.w.s.c.AnnotationConfigServletWebServerApplicationContext - Exception encountered during context initialization - cancelling refresh attempt: org.springframework.beans.factory.UnsatisfiedDependencyException: Error creating bean with name 'testSleeveController': Unsatisfied dependency expressed through field 'testSleeveService'; nested exception is org.springframework.beans.factory.UnsatisfiedDependencyException: Error creating bean with name 'testSleeveService': Unsatisfied dependency expressed through field 'bannerMapper'; nested exception is org.springframework.beans.factory.NoSuchBeanDefinitionException: No qualifying bean of type 'io.github.talelin.latticy.laver.mapper.BannerMapper' available: expected at least 1 bean which qualifies as autowire candidate. Dependency annotations: {@org.springframework.beans.factory.annotation.Autowired(required=true)}
2025-01-26 17:39:14.189 [main] "  " WARN  o.s.b.w.s.c.AnnotationConfigServletWebServerApplicationContext - Exception encountered during context initialization - cancelling refresh attempt: org.springframework.beans.factory.UnsatisfiedDependencyException: Error creating bean with name 'testSleeveController': Unsatisfied dependency expressed through field 'testSleeveService'; nested exception is org.springframework.beans.factory.UnsatisfiedDependencyException: Error creating bean with name 'testSleeveService': Unsatisfied dependency expressed through field 'bannerMapper'; nested exception is org.springframework.beans.factory.NoSuchBeanDefinitionException: No qualifying bean of type 'io.github.talelin.latticy.laver.mapper.BannerMapper' available: expected at least 1 bean which qualifies as autowire candidate. Dependency annotations: {@org.springframework.beans.factory.annotation.Autowired(required=true)}
2025-01-26 17:42:03.925 [main] "  " WARN  o.s.b.w.s.c.AnnotationConfigServletWebServerApplicationContext - Exception encountered during context initialization - cancelling refresh attempt: org.springframework.beans.factory.UnsatisfiedDependencyException: Error creating bean with name 'testSleeveController': Unsatisfied dependency expressed through field 'testSleeveService'; nested exception is org.springframework.beans.factory.UnsatisfiedDependencyException: Error creating bean with name 'testSleeveService': Unsatisfied dependency expressed through field 'bannerMapper'; nested exception is org.springframework.beans.factory.NoSuchBeanDefinitionException: No qualifying bean of type 'io.github.talelin.latticy.laver.mapper.BannerMapper' available: expected at least 1 bean which qualifies as autowire candidate. Dependency annotations: {@org.springframework.beans.factory.annotation.Autowired(required=true)}
2025-01-26 17:43:26.884 [http-nio-5001-exec-4] "GET /v1/test HTTP/1.1" WARN  org.springframework.web.servlet.PageNotFound - No mapping for GET /v1/test
2025-01-26 17:45:28.899 [http-nio-5001-exec-10] "GET /v1/teat HTTP/1.1" WARN  org.springframework.web.servlet.PageNotFound - No mapping for GET /v1/teat
2025-01-26 17:48:24.799 [http-nio-5001-exec-1] "GET /v1/teat HTTP/1.1" WARN  org.springframework.web.servlet.PageNotFound - No mapping for GET /v1/teat
2025-01-26 17:48:25.715 [http-nio-5001-exec-2] "GET /v1/teat HTTP/1.1" WARN  org.springframework.web.servlet.PageNotFound - No mapping for GET /v1/teat
2025-01-26 17:48:26.398 [http-nio-5001-exec-3] "GET /v1/teat HTTP/1.1" WARN  org.springframework.web.servlet.PageNotFound - No mapping for GET /v1/teat
2025-01-26 17:48:26.595 [http-nio-5001-exec-4] "GET /v1/teat HTTP/1.1" WARN  org.springframework.web.servlet.PageNotFound - No mapping for GET /v1/teat
2025-01-26 17:48:26.753 [http-nio-5001-exec-5] "GET /v1/teat HTTP/1.1" WARN  org.springframework.web.servlet.PageNotFound - No mapping for GET /v1/teat
2025-01-26 17:48:26.922 [http-nio-5001-exec-6] "GET /v1/teat HTTP/1.1" WARN  org.springframework.web.servlet.PageNotFound - No mapping for GET /v1/teat
2025-01-26 17:48:27.083 [http-nio-5001-exec-7] "GET /v1/teat HTTP/1.1" WARN  org.springframework.web.servlet.PageNotFound - No mapping for GET /v1/teat
2025-01-26 17:48:27.244 [http-nio-5001-exec-8] "GET /v1/teat HTTP/1.1" WARN  org.springframework.web.servlet.PageNotFound - No mapping for GET /v1/teat
2025-01-26 17:48:27.402 [http-nio-5001-exec-9] "GET /v1/teat HTTP/1.1" WARN  org.springframework.web.servlet.PageNotFound - No mapping for GET /v1/teat
2025-01-26 17:48:27.582 [http-nio-5001-exec-2] "GET /v1/teat HTTP/1.1" WARN  org.springframework.web.servlet.PageNotFound - No mapping for GET /v1/teat
2025-01-26 17:48:33.557 [http-nio-5001-exec-5] "GET /v1/test HTTP/1.1" WARN  org.springframework.web.servlet.PageNotFound - No mapping for GET /v1/test
2025-01-26 17:48:48.233 [http-nio-5001-exec-10] "GET /v1/book22 HTTP/1.1" WARN  org.springframework.web.servlet.PageNotFound - No mapping for GET /v1/book22
2025-01-26 17:48:56.415 [http-nio-5001-exec-4] "GET /v1/test HTTP/1.1" WARN  org.springframework.web.servlet.PageNotFound - No mapping for GET /v1/test
2025-01-26 17:49:30.814 [http-nio-5001-exec-7] "GET /v1/test/banner HTTP/1.1" WARN  org.springframework.web.servlet.PageNotFound - No mapping for GET /v1/test/banner
2025-01-26 17:49:32.859 [http-nio-5001-exec-1] "GET /v1/test/banner HTTP/1.1" WARN  org.springframework.web.servlet.PageNotFound - No mapping for GET /v1/test/banner
2025-01-26 17:49:38.901 [http-nio-5001-exec-3] "GET /v1/test/banner HTTP/1.1" WARN  org.springframework.web.servlet.PageNotFound - No mapping for GET /v1/test/banner
2025-01-26 17:49:40.881 [http-nio-5001-exec-4] "GET /v1/test/banner HTTP/1.1" WARN  org.springframework.web.servlet.PageNotFound - No mapping for GET /v1/test/banner
2025-01-26 21:05:40.518 [HikariPool-1 housekeeper] "  " WARN  com.zaxxer.hikari.pool.HikariPool - HikariPool-1 - Thread starvation or clock leap detected (housekeeper delta=58s435ms).
2025-01-26 21:10:47.540 [HikariPool-1 housekeeper] "  " WARN  com.zaxxer.hikari.pool.HikariPool - HikariPool-1 - Thread starvation or clock leap detected (housekeeper delta=4m37s12ms).
2025-01-26 21:26:51.501 [HikariPool-1 housekeeper] "  " WARN  com.zaxxer.hikari.pool.HikariPool - HikariPool-1 - Thread starvation or clock leap detected (housekeeper delta=15m33s954ms).
2025-01-26 22:42:17.113 [HikariPool-1 housekeeper] "  " WARN  com.zaxxer.hikari.pool.HikariPool - HikariPool-1 - Thread starvation or clock leap detected (housekeeper delta=15m54s962ms).
2025-01-26 23:31:35.412 [http-nio-5001-exec-2] "GET /v1/banner/page HTTP/1.1" WARN  org.springframework.web.servlet.PageNotFound - No mapping for GET /v1/banner/page
2025-01-26 23:31:37.550 [http-nio-5001-exec-3] "GET /v1/banner/page HTTP/1.1" WARN  org.springframework.web.servlet.PageNotFound - No mapping for GET /v1/banner/page
2025-01-26 23:49:15.335 [HikariPool-1 housekeeper] "  " WARN  com.zaxxer.hikari.pool.HikariPool - HikariPool-1 - Thread starvation or clock leap detected (housekeeper delta=1m45s198ms).
